[2023-12-22 11:45:33 [32mINFO [0;39m restartedMain] [com.green.projectex.ProjectexApplication] [36mStarting ProjectexApplication using Java 17.0.8.1 with PID 8168 (D:\2023-second\java\projectex\target\classes started by Administrator in D:\2023-second\java\projectex)[0;39m
[2023-12-22 11:45:33 [32mINFO [0;39m restartedMain] [com.green.projectex.ProjectexApplication] [36mNo active profile set, falling back to 1 default profile: "default"[0;39m
[2023-12-22 11:45:33 [32mINFO [0;39m restartedMain] [org.springframework.boot.devtools.env.DevToolsPropertyDefaultsPostProcessor] [36mDevtools property defaults active! Set 'spring.devtools.add-properties' to 'false' to disable[0;39m
[2023-12-22 11:45:33 [32mINFO [0;39m restartedMain] [org.springframework.boot.devtools.env.DevToolsPropertyDefaultsPostProcessor] [36mFor additional web related logging consider setting the 'logging.level.web' property to 'DEBUG'[0;39m
[2023-12-22 11:45:34 [32mINFO [0;39m restartedMain] [org.springframework.boot.web.embedded.tomcat.TomcatWebServer] [36mTomcat initialized with port 8082 (http)[0;39m
[2023-12-22 11:45:34 [32mINFO [0;39m restartedMain] [org.apache.coyote.http11.Http11NioProtocol] [36mInitializing ProtocolHandler ["http-nio-8082"][0;39m
[2023-12-22 11:45:34 [32mINFO [0;39m restartedMain] [org.apache.catalina.core.StandardService] [36mStarting service [Tomcat][0;39m
[2023-12-22 11:45:34 [32mINFO [0;39m restartedMain] [org.apache.catalina.core.StandardEngine] [36mStarting Servlet engine: [Apache Tomcat/10.1.16][0;39m
[2023-12-22 11:45:34 [32mINFO [0;39m restartedMain] [org.apache.catalina.core.ContainerBase.[Tomcat].[localhost].[/]] [36mInitializing Spring embedded WebApplicationContext[0;39m
[2023-12-22 11:45:34 [32mINFO [0;39m restartedMain] [org.springframework.boot.web.servlet.context.ServletWebServerApplicationContext] [36mRoot WebApplicationContext: initialization completed in 824 ms[0;39m
[2023-12-22 11:45:34 [32mINFO [0;39m restartedMain] [org.springframework.boot.devtools.autoconfigure.OptionalLiveReloadServer] [36mLiveReload server is running on port 35729[0;39m
[2023-12-22 11:45:34 [32mINFO [0;39m restartedMain] [org.apache.coyote.http11.Http11NioProtocol] [36mStarting ProtocolHandler ["http-nio-8082"][0;39m
[2023-12-22 11:45:34 [32mINFO [0;39m restartedMain] [org.springframework.boot.web.embedded.tomcat.TomcatWebServer] [36mTomcat started on port 8082 (http) with context path ''[0;39m
[2023-12-22 11:45:34 [32mINFO [0;39m restartedMain] [com.green.projectex.ProjectexApplication] [36mStarted ProjectexApplication in 1.746 seconds (process running for 2.207)[0;39m
[2023-12-22 11:45:36 [32mINFO [0;39m http-nio-8082-exec-5] [org.apache.catalina.core.ContainerBase.[Tomcat].[localhost].[/]] [36mInitializing Spring DispatcherServlet 'dispatcherServlet'[0;39m
[2023-12-22 11:45:36 [32mINFO [0;39m http-nio-8082-exec-5] [org.springframework.web.servlet.DispatcherServlet] [36mInitializing Servlet 'dispatcherServlet'[0;39m
[2023-12-22 11:45:36 [32mINFO [0;39m http-nio-8082-exec-5] [org.springframework.web.servlet.DispatcherServlet] [36mCompleted initialization in 1 ms[0;39m
[2023-12-22 11:45:36 [32mINFO [0;39m http-nio-8082-exec-7] [org.springdoc.api.AbstractOpenApiResource] [36mInit duration for springdoc-openapi is: 173 ms[0;39m
[2023-12-22 15:31:41 [32mINFO [0;39m restartedMain] [com.green.projectex.ProjectexApplication] [36mStarting ProjectexApplication using Java 17.0.8.1 with PID 12192 (D:\2023-second\java\projectex\target\classes started by Administrator in D:\2023-second\java\projectex)[0;39m
[2023-12-22 15:31:41 [32mINFO [0;39m restartedMain] [com.green.projectex.ProjectexApplication] [36mNo active profile set, falling back to 1 default profile: "default"[0;39m
[2023-12-22 15:31:41 [32mINFO [0;39m restartedMain] [org.springframework.boot.devtools.env.DevToolsPropertyDefaultsPostProcessor] [36mDevtools property defaults active! Set 'spring.devtools.add-properties' to 'false' to disable[0;39m
[2023-12-22 15:31:41 [32mINFO [0;39m restartedMain] [org.springframework.boot.devtools.env.DevToolsPropertyDefaultsPostProcessor] [36mFor additional web related logging consider setting the 'logging.level.web' property to 'DEBUG'[0;39m
[2023-12-22 15:31:42 [32mINFO [0;39m restartedMain] [org.springframework.boot.web.embedded.tomcat.TomcatWebServer] [36mTomcat initialized with port 8082 (http)[0;39m
[2023-12-22 15:31:42 [32mINFO [0;39m restartedMain] [org.apache.coyote.http11.Http11NioProtocol] [36mInitializing ProtocolHandler ["http-nio-8082"][0;39m
[2023-12-22 15:31:42 [32mINFO [0;39m restartedMain] [org.apache.catalina.core.StandardService] [36mStarting service [Tomcat][0;39m
[2023-12-22 15:31:42 [32mINFO [0;39m restartedMain] [org.apache.catalina.core.StandardEngine] [36mStarting Servlet engine: [Apache Tomcat/10.1.16][0;39m
[2023-12-22 15:31:42 [32mINFO [0;39m restartedMain] [org.apache.catalina.core.ContainerBase.[Tomcat].[localhost].[/]] [36mInitializing Spring embedded WebApplicationContext[0;39m
[2023-12-22 15:31:42 [32mINFO [0;39m restartedMain] [org.springframework.boot.web.servlet.context.ServletWebServerApplicationContext] [36mRoot WebApplicationContext: initialization completed in 762 ms[0;39m
[2023-12-22 15:31:42 [32mINFO [0;39m restartedMain] [org.springframework.boot.devtools.autoconfigure.OptionalLiveReloadServer] [36mLiveReload server is running on port 35729[0;39m
[2023-12-22 15:31:42 [32mINFO [0;39m restartedMain] [org.apache.coyote.http11.Http11NioProtocol] [36mStarting ProtocolHandler ["http-nio-8082"][0;39m
[2023-12-22 15:31:42 [32mINFO [0;39m restartedMain] [org.springframework.boot.web.embedded.tomcat.TomcatWebServer] [36mTomcat started on port 8082 (http) with context path ''[0;39m
[2023-12-22 15:31:42 [32mINFO [0;39m restartedMain] [com.green.projectex.ProjectexApplication] [36mStarted ProjectexApplication in 1.632 seconds (process running for 2.033)[0;39m
[2023-12-22 15:31:47 [32mINFO [0;39m http-nio-8082-exec-1] [org.apache.catalina.core.ContainerBase.[Tomcat].[localhost].[/]] [36mInitializing Spring DispatcherServlet 'dispatcherServlet'[0;39m
[2023-12-22 15:31:47 [32mINFO [0;39m http-nio-8082-exec-1] [org.springframework.web.servlet.DispatcherServlet] [36mInitializing Servlet 'dispatcherServlet'[0;39m
[2023-12-22 15:31:47 [32mINFO [0;39m http-nio-8082-exec-1] [org.springframework.web.servlet.DispatcherServlet] [36mCompleted initialization in 1 ms[0;39m
[2023-12-22 15:31:48 [32mINFO [0;39m http-nio-8082-exec-5] [org.springdoc.api.AbstractOpenApiResource] [36mInit duration for springdoc-openapi is: 170 ms[0;39m
[2023-12-22 15:32:14 [32mINFO [0;39m http-nio-8082-exec-4] [com.zaxxer.hikari.HikariDataSource] [36mHikariPool-1 - Starting...[0;39m
[2023-12-22 15:32:14 [32mINFO [0;39m http-nio-8082-exec-4] [com.zaxxer.hikari.pool.HikariPool] [36mHikariPool-1 - Added connection org.mariadb.jdbc.Connection@39a8a943[0;39m
[2023-12-22 15:32:14 [32mINFO [0;39m http-nio-8082-exec-4] [com.zaxxer.hikari.HikariDataSource] [36mHikariPool-1 - Start completed.[0;39m
[2023-12-22 15:32:14 [33mWARN [0;39m http-nio-8082-exec-4] [org.springframework.web.servlet.mvc.method.annotation.ExceptionHandlerExceptionResolver] [36mResolved [com.green.projectex.errortest.CategoryNotFoundException: ID[생필품]: 동일한 카테고리 이름이 있습니다][0;39m
[2023-12-22 15:34:04 [33mWARN [0;39m http-nio-8082-exec-6] [org.springframework.web.servlet.mvc.method.annotation.ExceptionHandlerExceptionResolver] [36mResolved [com.green.projectex.errortest.CategoryNotFoundException: ID[생필품]: 동일한 카테고리 이름이 있습니다][0;39m
[2023-12-22 15:34:04 [33mWARN [0;39m http-nio-8082-exec-7] [org.springframework.web.servlet.mvc.method.annotation.ExceptionHandlerExceptionResolver] [36mResolved [com.green.projectex.errortest.CategoryNotFoundException: ID[생필품]: 동일한 카테고리 이름이 있습니다][0;39m
[2023-12-22 15:34:05 [33mWARN [0;39m http-nio-8082-exec-8] [org.springframework.web.servlet.mvc.method.annotation.ExceptionHandlerExceptionResolver] [36mResolved [com.green.projectex.errortest.CategoryNotFoundException: ID[생필품]: 동일한 카테고리 이름이 있습니다][0;39m
[2023-12-22 15:34:06 [33mWARN [0;39m http-nio-8082-exec-9] [org.springframework.web.servlet.mvc.method.annotation.ExceptionHandlerExceptionResolver] [36mResolved [com.green.projectex.errortest.CategoryNotFoundException: ID[생필품]: 동일한 카테고리 이름이 있습니다][0;39m
[2023-12-22 15:34:06 [33mWARN [0;39m http-nio-8082-exec-10] [org.springframework.web.servlet.mvc.method.annotation.ExceptionHandlerExceptionResolver] [36mResolved [com.green.projectex.errortest.CategoryNotFoundException: ID[생필품]: 동일한 카테고리 이름이 있습니다][0;39m
[2023-12-22 15:34:06 [33mWARN [0;39m http-nio-8082-exec-1] [org.springframework.web.servlet.mvc.method.annotation.ExceptionHandlerExceptionResolver] [36mResolved [com.green.projectex.errortest.CategoryNotFoundException: ID[생필품]: 동일한 카테고리 이름이 있습니다][0;39m
[2023-12-22 16:39:56 [32mINFO [0;39m http-nio-8082-exec-2] [com.green.projectex.product.ProductController] [36mdto: ProductPutDto(userPk=-1, productPk=0, productNm=string, categoryPk=0, memo=string)[0;39m
[2023-12-22 16:39:56 [33mWARN [0;39m http-nio-8082-exec-2] [org.springframework.web.servlet.mvc.method.annotation.ExceptionHandlerExceptionResolver] [36mResolved [com.green.projectex.errortest.CategoryNotFoundException: ID[-1]: 존재하지 않는 유저 입니다][0;39m
[2023-12-22 16:40:25 [32mINFO [0;39m http-nio-8082-exec-5] [com.green.projectex.product.ProductController] [36mdto: ProductPutDto(userPk=1, productPk=3, productNm=string, categoryPk=1, memo=null)[0;39m
[2023-12-22 16:40:25 [33mWARN [0;39m http-nio-8082-exec-5] [org.springframework.web.servlet.mvc.method.annotation.ExceptionHandlerExceptionResolver] [36mResolved [com.green.projectex.errortest.CategoryNotFoundException: ID[3]: 잘못된 물건Pk가 입력 되었습니다][0;39m
[2023-12-22 16:40:42 [32mINFO [0;39m http-nio-8082-exec-4] [com.green.projectex.product.ProductController] [36mdto: ProductPutDto(userPk=1, productPk=22, productNm=string, categoryPk=1, memo=null)[0;39m
[2023-12-22 16:40:42 [33mWARN [0;39m http-nio-8082-exec-4] [org.springframework.web.servlet.mvc.method.annotation.ExceptionHandlerExceptionResolver] [36mResolved [com.green.projectex.errortest.CategoryNotFoundException: ID[22]: 구매 예정 상품이 아닙니다][0;39m
[2023-12-22 16:40:55 [32mINFO [0;39m http-nio-8082-exec-3] [com.green.projectex.product.ProductController] [36mdto: ProductPutDto(userPk=1, productPk=139, productNm=string, categoryPk=1, memo=null)[0;39m
[2023-12-22 16:40:55 [33mWARN [0;39m http-nio-8082-exec-3] [org.springframework.web.servlet.mvc.method.annotation.ExceptionHandlerExceptionResolver] [36mResolved [com.green.projectex.errortest.CategoryNotFoundException: ID[139]: 구매 예정 상품이 아닙니다][0;39m
[2023-12-22 16:41:03 [32mINFO [0;39m http-nio-8082-exec-6] [com.green.projectex.product.ProductController] [36mdto: ProductPutDto(userPk=1, productPk=139, productNm=string, categoryPk=1, memo=null)[0;39m
[2023-12-22 16:42:04 [32mINFO [0;39m File Watcher] [org.springframework.boot.devtools.autoconfigure.LocalDevToolsAutoConfiguration$RestartingClassPathChangeChangedEventListener] [36mRestarting due to 1 class path change (0 additions, 0 deletions, 1 modification)[0;39m
[2023-12-22 16:42:04 [32mINFO [0;39m Thread-5] [org.apache.coyote.http11.Http11NioProtocol] [36mStopping ProtocolHandler ["http-nio-8082"][0;39m
[2023-12-22 16:42:04 [32mINFO [0;39m Thread-5] [com.zaxxer.hikari.HikariDataSource] [36mHikariPool-1 - Shutdown initiated...[0;39m
[2023-12-22 16:42:04 [32mINFO [0;39m Thread-5] [com.zaxxer.hikari.HikariDataSource] [36mHikariPool-1 - Shutdown completed.[0;39m
[2023-12-22 16:42:04 [32mINFO [0;39m restartedMain] [com.green.projectex.ProjectexApplication] [36mStarting ProjectexApplication using Java 17.0.8.1 with PID 12192 (D:\2023-second\java\projectex\target\classes started by Administrator in D:\2023-second\java\projectex)[0;39m
[2023-12-22 16:42:04 [32mINFO [0;39m restartedMain] [com.green.projectex.ProjectexApplication] [36mNo active profile set, falling back to 1 default profile: "default"[0;39m
[2023-12-22 16:42:04 [32mINFO [0;39m restartedMain] [org.springframework.boot.web.embedded.tomcat.TomcatWebServer] [36mTomcat initialized with port 8082 (http)[0;39m
[2023-12-22 16:42:04 [32mINFO [0;39m restartedMain] [org.apache.coyote.http11.Http11NioProtocol] [36mInitializing ProtocolHandler ["http-nio-8082"][0;39m
[2023-12-22 16:42:04 [32mINFO [0;39m restartedMain] [org.apache.catalina.core.StandardService] [36mStarting service [Tomcat][0;39m
[2023-12-22 16:42:04 [32mINFO [0;39m restartedMain] [org.apache.catalina.core.StandardEngine] [36mStarting Servlet engine: [Apache Tomcat/10.1.16][0;39m
[2023-12-22 16:42:04 [32mINFO [0;39m restartedMain] [org.apache.catalina.core.ContainerBase.[Tomcat].[localhost].[/]] [36mInitializing Spring embedded WebApplicationContext[0;39m
[2023-12-22 16:42:04 [32mINFO [0;39m restartedMain] [org.springframework.boot.web.servlet.context.ServletWebServerApplicationContext] [36mRoot WebApplicationContext: initialization completed in 189 ms[0;39m
[2023-12-22 16:42:04 [32mINFO [0;39m restartedMain] [org.springframework.boot.devtools.autoconfigure.OptionalLiveReloadServer] [36mLiveReload server is running on port 35729[0;39m
[2023-12-22 16:42:04 [32mINFO [0;39m restartedMain] [org.apache.coyote.http11.Http11NioProtocol] [36mStarting ProtocolHandler ["http-nio-8082"][0;39m
[2023-12-22 16:42:04 [32mINFO [0;39m restartedMain] [org.springframework.boot.web.embedded.tomcat.TomcatWebServer] [36mTomcat started on port 8082 (http) with context path ''[0;39m
[2023-12-22 16:42:04 [32mINFO [0;39m restartedMain] [com.green.projectex.ProjectexApplication] [36mStarted ProjectexApplication in 0.379 seconds (process running for 4223.782)[0;39m
[2023-12-22 16:42:04 [32mINFO [0;39m restartedMain] [org.springframework.boot.devtools.autoconfigure.ConditionEvaluationDeltaLoggingListener] [36mCondition evaluation unchanged[0;39m
[2023-12-22 16:42:04 [32mINFO [0;39m http-nio-8082-exec-1] [org.apache.catalina.core.ContainerBase.[Tomcat].[localhost].[/]] [36mInitializing Spring DispatcherServlet 'dispatcherServlet'[0;39m
[2023-12-22 16:42:04 [32mINFO [0;39m http-nio-8082-exec-1] [org.springframework.web.servlet.DispatcherServlet] [36mInitializing Servlet 'dispatcherServlet'[0;39m
[2023-12-22 16:42:04 [32mINFO [0;39m http-nio-8082-exec-1] [org.springframework.web.servlet.DispatcherServlet] [36mCompleted initialization in 1 ms[0;39m
[2023-12-22 16:42:05 [32mINFO [0;39m http-nio-8082-exec-5] [org.springdoc.api.AbstractOpenApiResource] [36mInit duration for springdoc-openapi is: 60 ms[0;39m
[2023-12-22 16:42:27 [33mWARN [0;39m http-nio-8082-exec-10] [org.springframework.web.servlet.mvc.method.annotation.ExceptionHandlerExceptionResolver] [36mResolved [org.springframework.http.converter.HttpMessageNotReadableException: JSON parse error: Unexpected character ('"' (code 34)): was expecting comma to separate Object entries][0;39m
[2023-12-22 16:42:29 [33mWARN [0;39m http-nio-8082-exec-1] [org.springframework.web.servlet.mvc.method.annotation.ExceptionHandlerExceptionResolver] [36mResolved [org.springframework.http.converter.HttpMessageNotReadableException: JSON parse error: Unexpected character ('"' (code 34)): was expecting comma to separate Object entries][0;39m
[2023-12-22 16:42:29 [33mWARN [0;39m http-nio-8082-exec-2] [org.springframework.web.servlet.mvc.method.annotation.ExceptionHandlerExceptionResolver] [36mResolved [org.springframework.http.converter.HttpMessageNotReadableException: JSON parse error: Unexpected character ('"' (code 34)): was expecting comma to separate Object entries][0;39m
[2023-12-22 16:42:30 [33mWARN [0;39m http-nio-8082-exec-3] [org.springframework.web.servlet.mvc.method.annotation.ExceptionHandlerExceptionResolver] [36mResolved [org.springframework.http.converter.HttpMessageNotReadableException: JSON parse error: Unexpected character ('"' (code 34)): was expecting comma to separate Object entries][0;39m
[2023-12-22 16:42:30 [33mWARN [0;39m http-nio-8082-exec-4] [org.springframework.web.servlet.mvc.method.annotation.ExceptionHandlerExceptionResolver] [36mResolved [org.springframework.http.converter.HttpMessageNotReadableException: JSON parse error: Unexpected character ('"' (code 34)): was expecting comma to separate Object entries][0;39m
[2023-12-22 16:42:31 [33mWARN [0;39m http-nio-8082-exec-5] [org.springframework.web.servlet.mvc.method.annotation.ExceptionHandlerExceptionResolver] [36mResolved [org.springframework.http.converter.HttpMessageNotReadableException: JSON parse error: Unexpected character ('"' (code 34)): was expecting comma to separate Object entries][0;39m
[2023-12-22 16:42:31 [33mWARN [0;39m http-nio-8082-exec-6] [org.springframework.web.servlet.mvc.method.annotation.ExceptionHandlerExceptionResolver] [36mResolved [org.springframework.http.converter.HttpMessageNotReadableException: JSON parse error: Unexpected character ('"' (code 34)): was expecting comma to separate Object entries][0;39m
[2023-12-22 16:42:32 [33mWARN [0;39m http-nio-8082-exec-7] [org.springframework.web.servlet.mvc.method.annotation.ExceptionHandlerExceptionResolver] [36mResolved [org.springframework.http.converter.HttpMessageNotReadableException: JSON parse error: Unexpected character ('"' (code 34)): was expecting comma to separate Object entries][0;39m
[2023-12-22 16:42:36 [32mINFO [0;39m http-nio-8082-exec-9] [com.green.projectex.product.ProductController] [36mdto: ProductPutDto(userPk=1, productPk=139, productNm=string, categoryPk=3, memo=null)[0;39m
[2023-12-22 16:42:36 [32mINFO [0;39m http-nio-8082-exec-9] [com.zaxxer.hikari.HikariDataSource] [36mHikariPool-2 - Starting...[0;39m
[2023-12-22 16:42:36 [32mINFO [0;39m http-nio-8082-exec-9] [com.zaxxer.hikari.pool.HikariPool] [36mHikariPool-2 - Added connection org.mariadb.jdbc.Connection@1576963f[0;39m
[2023-12-22 16:42:36 [32mINFO [0;39m http-nio-8082-exec-9] [com.zaxxer.hikari.HikariDataSource] [36mHikariPool-2 - Start completed.[0;39m
[2023-12-22 16:43:03 [32mINFO [0;39m http-nio-8082-exec-8] [com.green.projectex.product.ProductController] [36mdto: ProductPutDto(userPk=1, productPk=139, productNm=null, categoryPk=3, memo=null)[0;39m
[2023-12-22 16:43:03 [33mWARN [0;39m http-nio-8082-exec-8] [org.mariadb.jdbc.message.server.ErrorPacket] [36mError: 1064-42000: You have an error in your SQL syntax; check the manual that corresponds to your MariaDB server version for the right syntax to use near 'category_pk = 3
         
         
        WHERE product_pk = 139 AND buying...' at line 5[0;39m
[2023-12-22 16:43:03 [33mWARN [0;39m http-nio-8082-exec-8] [org.springframework.web.servlet.mvc.method.annotation.ExceptionHandlerExceptionResolver] [36mResolved [org.springframework.jdbc.BadSqlGrammarException: <EOL><EOL>### Error updating database.  Cause: java.sql.SQLSyntaxErrorException: (conn=35) You have an error in your SQL syntax; check the manual that corresponds to your MariaDB server version for the right syntax to use near 'category_pk = 3<EOL>         <EOL>         <EOL>        WHERE product_pk = 139 AND buying...' at line 5<EOL><EOL>### The error may exist in file [D:\2023-second\java\projectex\target\classes\mappers\ProductMapper.xml]<EOL><EOL>### The error may involve defaultParameterMap<EOL><EOL>### The error occurred while setting parameters<EOL><EOL>### SQL: UPDATE t_purchase_product         SET                                 ,category_pk = ?                             WHERE product_pk = ? AND buying_check = 0 AND user_pk = ?<EOL><EOL>### Cause: java.sql.SQLSyntaxErrorException: (conn=35) You have an error in your SQL syntax; check the manual that corresponds to your MariaDB server version for the right syntax to use near 'category_pk = 3<EOL>         <EOL>         <EOL>        WHERE product_pk = 139 AND buying...' at line 5<EOL>; bad SQL grammar []][0;39m
[2023-12-22 16:43:05 [32mINFO [0;39m http-nio-8082-exec-10] [com.green.projectex.product.ProductController] [36mdto: ProductPutDto(userPk=1, productPk=139, productNm=null, categoryPk=3, memo=null)[0;39m
[2023-12-22 16:43:05 [33mWARN [0;39m http-nio-8082-exec-10] [org.mariadb.jdbc.message.server.ErrorPacket] [36mError: 1064-42000: You have an error in your SQL syntax; check the manual that corresponds to your MariaDB server version for the right syntax to use near 'category_pk = 3
         
         
        WHERE product_pk = 139 AND buying...' at line 5[0;39m
[2023-12-22 16:43:05 [33mWARN [0;39m http-nio-8082-exec-10] [org.springframework.web.servlet.mvc.method.annotation.ExceptionHandlerExceptionResolver] [36mResolved [org.springframework.jdbc.BadSqlGrammarException: <EOL><EOL>### Error updating database.  Cause: java.sql.SQLSyntaxErrorException: (conn=35) You have an error in your SQL syntax; check the manual that corresponds to your MariaDB server version for the right syntax to use near 'category_pk = 3<EOL>         <EOL>         <EOL>        WHERE product_pk = 139 AND buying...' at line 5<EOL><EOL>### The error may exist in file [D:\2023-second\java\projectex\target\classes\mappers\ProductMapper.xml]<EOL><EOL>### The error may involve defaultParameterMap<EOL><EOL>### The error occurred while setting parameters<EOL><EOL>### SQL: UPDATE t_purchase_product         SET                                 ,category_pk = ?                             WHERE product_pk = ? AND buying_check = 0 AND user_pk = ?<EOL><EOL>### Cause: java.sql.SQLSyntaxErrorException: (conn=35) You have an error in your SQL syntax; check the manual that corresponds to your MariaDB server version for the right syntax to use near 'category_pk = 3<EOL>         <EOL>         <EOL>        WHERE product_pk = 139 AND buying...' at line 5<EOL>; bad SQL grammar []][0;39m
[2023-12-22 16:43:06 [32mINFO [0;39m http-nio-8082-exec-1] [com.green.projectex.product.ProductController] [36mdto: ProductPutDto(userPk=1, productPk=139, productNm=null, categoryPk=3, memo=null)[0;39m
[2023-12-22 16:43:06 [33mWARN [0;39m http-nio-8082-exec-1] [org.mariadb.jdbc.message.server.ErrorPacket] [36mError: 1064-42000: You have an error in your SQL syntax; check the manual that corresponds to your MariaDB server version for the right syntax to use near 'category_pk = 3
         
         
        WHERE product_pk = 139 AND buying...' at line 5[0;39m
[2023-12-22 16:43:06 [33mWARN [0;39m http-nio-8082-exec-1] [org.springframework.web.servlet.mvc.method.annotation.ExceptionHandlerExceptionResolver] [36mResolved [org.springframework.jdbc.BadSqlGrammarException: <EOL><EOL>### Error updating database.  Cause: java.sql.SQLSyntaxErrorException: (conn=35) You have an error in your SQL syntax; check the manual that corresponds to your MariaDB server version for the right syntax to use near 'category_pk = 3<EOL>         <EOL>         <EOL>        WHERE product_pk = 139 AND buying...' at line 5<EOL><EOL>### The error may exist in file [D:\2023-second\java\projectex\target\classes\mappers\ProductMapper.xml]<EOL><EOL>### The error may involve defaultParameterMap<EOL><EOL>### The error occurred while setting parameters<EOL><EOL>### SQL: UPDATE t_purchase_product         SET                                 ,category_pk = ?                             WHERE product_pk = ? AND buying_check = 0 AND user_pk = ?<EOL><EOL>### Cause: java.sql.SQLSyntaxErrorException: (conn=35) You have an error in your SQL syntax; check the manual that corresponds to your MariaDB server version for the right syntax to use near 'category_pk = 3<EOL>         <EOL>         <EOL>        WHERE product_pk = 139 AND buying...' at line 5<EOL>; bad SQL grammar []][0;39m
[2023-12-22 16:43:07 [32mINFO [0;39m http-nio-8082-exec-2] [com.green.projectex.product.ProductController] [36mdto: ProductPutDto(userPk=1, productPk=139, productNm=null, categoryPk=3, memo=null)[0;39m
[2023-12-22 16:43:07 [33mWARN [0;39m http-nio-8082-exec-2] [org.mariadb.jdbc.message.server.ErrorPacket] [36mError: 1064-42000: You have an error in your SQL syntax; check the manual that corresponds to your MariaDB server version for the right syntax to use near 'category_pk = 3
         
         
        WHERE product_pk = 139 AND buying...' at line 5[0;39m
[2023-12-22 16:43:07 [33mWARN [0;39m http-nio-8082-exec-2] [org.springframework.web.servlet.mvc.method.annotation.ExceptionHandlerExceptionResolver] [36mResolved [org.springframework.jdbc.BadSqlGrammarException: <EOL><EOL>### Error updating database.  Cause: java.sql.SQLSyntaxErrorException: (conn=35) You have an error in your SQL syntax; check the manual that corresponds to your MariaDB server version for the right syntax to use near 'category_pk = 3<EOL>         <EOL>         <EOL>        WHERE product_pk = 139 AND buying...' at line 5<EOL><EOL>### The error may exist in file [D:\2023-second\java\projectex\target\classes\mappers\ProductMapper.xml]<EOL><EOL>### The error may involve defaultParameterMap<EOL><EOL>### The error occurred while setting parameters<EOL><EOL>### SQL: UPDATE t_purchase_product         SET                                 ,category_pk = ?                             WHERE product_pk = ? AND buying_check = 0 AND user_pk = ?<EOL><EOL>### Cause: java.sql.SQLSyntaxErrorException: (conn=35) You have an error in your SQL syntax; check the manual that corresponds to your MariaDB server version for the right syntax to use near 'category_pk = 3<EOL>         <EOL>         <EOL>        WHERE product_pk = 139 AND buying...' at line 5<EOL>; bad SQL grammar []][0;39m
[2023-12-22 16:43:07 [32mINFO [0;39m http-nio-8082-exec-3] [com.green.projectex.product.ProductController] [36mdto: ProductPutDto(userPk=1, productPk=139, productNm=null, categoryPk=3, memo=null)[0;39m
[2023-12-22 16:43:07 [33mWARN [0;39m http-nio-8082-exec-3] [org.mariadb.jdbc.message.server.ErrorPacket] [36mError: 1064-42000: You have an error in your SQL syntax; check the manual that corresponds to your MariaDB server version for the right syntax to use near 'category_pk = 3
         
         
        WHERE product_pk = 139 AND buying...' at line 5[0;39m
[2023-12-22 16:43:07 [33mWARN [0;39m http-nio-8082-exec-3] [org.springframework.web.servlet.mvc.method.annotation.ExceptionHandlerExceptionResolver] [36mResolved [org.springframework.jdbc.BadSqlGrammarException: <EOL><EOL>### Error updating database.  Cause: java.sql.SQLSyntaxErrorException: (conn=35) You have an error in your SQL syntax; check the manual that corresponds to your MariaDB server version for the right syntax to use near 'category_pk = 3<EOL>         <EOL>         <EOL>        WHERE product_pk = 139 AND buying...' at line 5<EOL><EOL>### The error may exist in file [D:\2023-second\java\projectex\target\classes\mappers\ProductMapper.xml]<EOL><EOL>### The error may involve defaultParameterMap<EOL><EOL>### The error occurred while setting parameters<EOL><EOL>### SQL: UPDATE t_purchase_product         SET                                 ,category_pk = ?                             WHERE product_pk = ? AND buying_check = 0 AND user_pk = ?<EOL><EOL>### Cause: java.sql.SQLSyntaxErrorException: (conn=35) You have an error in your SQL syntax; check the manual that corresponds to your MariaDB server version for the right syntax to use near 'category_pk = 3<EOL>         <EOL>         <EOL>        WHERE product_pk = 139 AND buying...' at line 5<EOL>; bad SQL grammar []][0;39m
[2023-12-22 16:43:07 [32mINFO [0;39m http-nio-8082-exec-4] [com.green.projectex.product.ProductController] [36mdto: ProductPutDto(userPk=1, productPk=139, productNm=null, categoryPk=3, memo=null)[0;39m
[2023-12-22 16:43:07 [33mWARN [0;39m http-nio-8082-exec-4] [org.mariadb.jdbc.message.server.ErrorPacket] [36mError: 1064-42000: You have an error in your SQL syntax; check the manual that corresponds to your MariaDB server version for the right syntax to use near 'category_pk = 3
         
         
        WHERE product_pk = 139 AND buying...' at line 5[0;39m
[2023-12-22 16:43:07 [33mWARN [0;39m http-nio-8082-exec-4] [org.springframework.web.servlet.mvc.method.annotation.ExceptionHandlerExceptionResolver] [36mResolved [org.springframework.jdbc.BadSqlGrammarException: <EOL><EOL>### Error updating database.  Cause: java.sql.SQLSyntaxErrorException: (conn=35) You have an error in your SQL syntax; check the manual that corresponds to your MariaDB server version for the right syntax to use near 'category_pk = 3<EOL>         <EOL>         <EOL>        WHERE product_pk = 139 AND buying...' at line 5<EOL><EOL>### The error may exist in file [D:\2023-second\java\projectex\target\classes\mappers\ProductMapper.xml]<EOL><EOL>### The error may involve defaultParameterMap<EOL><EOL>### The error occurred while setting parameters<EOL><EOL>### SQL: UPDATE t_purchase_product         SET                                 ,category_pk = ?                             WHERE product_pk = ? AND buying_check = 0 AND user_pk = ?<EOL><EOL>### Cause: java.sql.SQLSyntaxErrorException: (conn=35) You have an error in your SQL syntax; check the manual that corresponds to your MariaDB server version for the right syntax to use near 'category_pk = 3<EOL>         <EOL>         <EOL>        WHERE product_pk = 139 AND buying...' at line 5<EOL>; bad SQL grammar []][0;39m
[2023-12-22 16:43:07 [32mINFO [0;39m http-nio-8082-exec-5] [com.green.projectex.product.ProductController] [36mdto: ProductPutDto(userPk=1, productPk=139, productNm=null, categoryPk=3, memo=null)[0;39m
[2023-12-22 16:43:07 [33mWARN [0;39m http-nio-8082-exec-5] [org.mariadb.jdbc.message.server.ErrorPacket] [36mError: 1064-42000: You have an error in your SQL syntax; check the manual that corresponds to your MariaDB server version for the right syntax to use near 'category_pk = 3
         
         
        WHERE product_pk = 139 AND buying...' at line 5[0;39m
[2023-12-22 16:43:07 [33mWARN [0;39m http-nio-8082-exec-5] [org.springframework.web.servlet.mvc.method.annotation.ExceptionHandlerExceptionResolver] [36mResolved [org.springframework.jdbc.BadSqlGrammarException: <EOL><EOL>### Error updating database.  Cause: java.sql.SQLSyntaxErrorException: (conn=35) You have an error in your SQL syntax; check the manual that corresponds to your MariaDB server version for the right syntax to use near 'category_pk = 3<EOL>         <EOL>         <EOL>        WHERE product_pk = 139 AND buying...' at line 5<EOL><EOL>### The error may exist in file [D:\2023-second\java\projectex\target\classes\mappers\ProductMapper.xml]<EOL><EOL>### The error may involve defaultParameterMap<EOL><EOL>### The error occurred while setting parameters<EOL><EOL>### SQL: UPDATE t_purchase_product         SET                                 ,category_pk = ?                             WHERE product_pk = ? AND buying_check = 0 AND user_pk = ?<EOL><EOL>### Cause: java.sql.SQLSyntaxErrorException: (conn=35) You have an error in your SQL syntax; check the manual that corresponds to your MariaDB server version for the right syntax to use near 'category_pk = 3<EOL>         <EOL>         <EOL>        WHERE product_pk = 139 AND buying...' at line 5<EOL>; bad SQL grammar []][0;39m
[2023-12-22 16:43:08 [32mINFO [0;39m http-nio-8082-exec-6] [com.green.projectex.product.ProductController] [36mdto: ProductPutDto(userPk=1, productPk=139, productNm=null, categoryPk=3, memo=null)[0;39m
[2023-12-22 16:43:08 [33mWARN [0;39m http-nio-8082-exec-6] [org.mariadb.jdbc.message.server.ErrorPacket] [36mError: 1064-42000: You have an error in your SQL syntax; check the manual that corresponds to your MariaDB server version for the right syntax to use near 'category_pk = 3
         
         
        WHERE product_pk = 139 AND buying...' at line 5[0;39m
[2023-12-22 16:43:08 [33mWARN [0;39m http-nio-8082-exec-6] [org.springframework.web.servlet.mvc.method.annotation.ExceptionHandlerExceptionResolver] [36mResolved [org.springframework.jdbc.BadSqlGrammarException: <EOL><EOL>### Error updating database.  Cause: java.sql.SQLSyntaxErrorException: (conn=35) You have an error in your SQL syntax; check the manual that corresponds to your MariaDB server version for the right syntax to use near 'category_pk = 3<EOL>         <EOL>         <EOL>        WHERE product_pk = 139 AND buying...' at line 5<EOL><EOL>### The error may exist in file [D:\2023-second\java\projectex\target\classes\mappers\ProductMapper.xml]<EOL><EOL>### The error may involve defaultParameterMap<EOL><EOL>### The error occurred while setting parameters<EOL><EOL>### SQL: UPDATE t_purchase_product         SET                                 ,category_pk = ?                             WHERE product_pk = ? AND buying_check = 0 AND user_pk = ?<EOL><EOL>### Cause: java.sql.SQLSyntaxErrorException: (conn=35) You have an error in your SQL syntax; check the manual that corresponds to your MariaDB server version for the right syntax to use near 'category_pk = 3<EOL>         <EOL>         <EOL>        WHERE product_pk = 139 AND buying...' at line 5<EOL>; bad SQL grammar []][0;39m
[2023-12-22 16:43:09 [32mINFO [0;39m http-nio-8082-exec-7] [com.green.projectex.product.ProductController] [36mdto: ProductPutDto(userPk=1, productPk=139, productNm=null, categoryPk=3, memo=null)[0;39m
[2023-12-22 16:43:09 [33mWARN [0;39m http-nio-8082-exec-7] [org.mariadb.jdbc.message.server.ErrorPacket] [36mError: 1064-42000: You have an error in your SQL syntax; check the manual that corresponds to your MariaDB server version for the right syntax to use near 'category_pk = 3
         
         
        WHERE product_pk = 139 AND buying...' at line 5[0;39m
[2023-12-22 16:43:09 [33mWARN [0;39m http-nio-8082-exec-7] [org.springframework.web.servlet.mvc.method.annotation.ExceptionHandlerExceptionResolver] [36mResolved [org.springframework.jdbc.BadSqlGrammarException: <EOL><EOL>### Error updating database.  Cause: java.sql.SQLSyntaxErrorException: (conn=35) You have an error in your SQL syntax; check the manual that corresponds to your MariaDB server version for the right syntax to use near 'category_pk = 3<EOL>         <EOL>         <EOL>        WHERE product_pk = 139 AND buying...' at line 5<EOL><EOL>### The error may exist in file [D:\2023-second\java\projectex\target\classes\mappers\ProductMapper.xml]<EOL><EOL>### The error may involve defaultParameterMap<EOL><EOL>### The error occurred while setting parameters<EOL><EOL>### SQL: UPDATE t_purchase_product         SET                                 ,category_pk = ?                             WHERE product_pk = ? AND buying_check = 0 AND user_pk = ?<EOL><EOL>### Cause: java.sql.SQLSyntaxErrorException: (conn=35) You have an error in your SQL syntax; check the manual that corresponds to your MariaDB server version for the right syntax to use near 'category_pk = 3<EOL>         <EOL>         <EOL>        WHERE product_pk = 139 AND buying...' at line 5<EOL>; bad SQL grammar []][0;39m
[2023-12-22 16:43:10 [32mINFO [0;39m http-nio-8082-exec-9] [com.green.projectex.product.ProductController] [36mdto: ProductPutDto(userPk=1, productPk=139, productNm=null, categoryPk=3, memo=null)[0;39m
[2023-12-22 16:43:10 [33mWARN [0;39m http-nio-8082-exec-9] [org.mariadb.jdbc.message.server.ErrorPacket] [36mError: 1064-42000: You have an error in your SQL syntax; check the manual that corresponds to your MariaDB server version for the right syntax to use near 'category_pk = 3
         
         
        WHERE product_pk = 139 AND buying...' at line 5[0;39m
[2023-12-22 16:43:10 [33mWARN [0;39m http-nio-8082-exec-9] [org.springframework.web.servlet.mvc.method.annotation.ExceptionHandlerExceptionResolver] [36mResolved [org.springframework.jdbc.BadSqlGrammarException: <EOL><EOL>### Error updating database.  Cause: java.sql.SQLSyntaxErrorException: (conn=35) You have an error in your SQL syntax; check the manual that corresponds to your MariaDB server version for the right syntax to use near 'category_pk = 3<EOL>         <EOL>         <EOL>        WHERE product_pk = 139 AND buying...' at line 5<EOL><EOL>### The error may exist in file [D:\2023-second\java\projectex\target\classes\mappers\ProductMapper.xml]<EOL><EOL>### The error may involve defaultParameterMap<EOL><EOL>### The error occurred while setting parameters<EOL><EOL>### SQL: UPDATE t_purchase_product         SET                                 ,category_pk = ?                             WHERE product_pk = ? AND buying_check = 0 AND user_pk = ?<EOL><EOL>### Cause: java.sql.SQLSyntaxErrorException: (conn=35) You have an error in your SQL syntax; check the manual that corresponds to your MariaDB server version for the right syntax to use near 'category_pk = 3<EOL>         <EOL>         <EOL>        WHERE product_pk = 139 AND buying...' at line 5<EOL>; bad SQL grammar []][0;39m
[2023-12-22 16:43:25 [32mINFO [0;39m http-nio-8082-exec-8] [com.green.projectex.product.ProductController] [36mdto: ProductPutDto(userPk=1, productPk=139, productNm=string, categoryPk=3, memo=null)[0;39m
[2023-12-22 16:44:28 [32mINFO [0;39m http-nio-8082-exec-4] [com.green.projectex.product.ProductController] [36mdto: ProductCompleteDto(userPk=0, productPk=0)[0;39m
[2023-12-22 16:44:28 [33mWARN [0;39m http-nio-8082-exec-4] [org.springframework.web.servlet.mvc.method.annotation.ExceptionHandlerExceptionResolver] [36mResolved [com.green.projectex.errortest.CategoryNotFoundException: ID[0]: 존재하지 않는 유저 입니다][0;39m
[2023-12-22 16:44:33 [32mINFO [0;39m http-nio-8082-exec-5] [com.green.projectex.product.ProductController] [36mdto: ProductCompleteDto(userPk=0, productPk=0)[0;39m
[2023-12-22 16:44:33 [33mWARN [0;39m http-nio-8082-exec-5] [org.springframework.web.servlet.mvc.method.annotation.ExceptionHandlerExceptionResolver] [36mResolved [com.green.projectex.errortest.CategoryNotFoundException: ID[0]: 존재하지 않는 유저 입니다][0;39m
[2023-12-22 16:44:33 [32mINFO [0;39m http-nio-8082-exec-6] [com.green.projectex.product.ProductController] [36mdto: ProductCompleteDto(userPk=0, productPk=0)[0;39m
[2023-12-22 16:44:33 [33mWARN [0;39m http-nio-8082-exec-6] [org.springframework.web.servlet.mvc.method.annotation.ExceptionHandlerExceptionResolver] [36mResolved [com.green.projectex.errortest.CategoryNotFoundException: ID[0]: 존재하지 않는 유저 입니다][0;39m
[2023-12-22 16:44:34 [32mINFO [0;39m http-nio-8082-exec-7] [com.green.projectex.product.ProductController] [36mdto: ProductCompleteDto(userPk=0, productPk=0)[0;39m
[2023-12-22 16:44:34 [33mWARN [0;39m http-nio-8082-exec-7] [org.springframework.web.servlet.mvc.method.annotation.ExceptionHandlerExceptionResolver] [36mResolved [com.green.projectex.errortest.CategoryNotFoundException: ID[0]: 존재하지 않는 유저 입니다][0;39m
[2023-12-22 16:44:37 [32mINFO [0;39m http-nio-8082-exec-9] [com.green.projectex.product.ProductController] [36mdto: ProductCompleteDto(userPk=1, productPk=0)[0;39m
[2023-12-22 16:44:37 [33mWARN [0;39m http-nio-8082-exec-9] [org.springframework.web.servlet.mvc.method.annotation.ExceptionHandlerExceptionResolver] [36mResolved [com.green.projectex.errortest.CategoryNotFoundException: ID[0]: 잘못된 물건Pk가 입력 되었습니다][0;39m
[2023-12-22 16:44:37 [32mINFO [0;39m http-nio-8082-exec-8] [com.green.projectex.product.ProductController] [36mdto: ProductCompleteDto(userPk=1, productPk=0)[0;39m
[2023-12-22 16:44:37 [33mWARN [0;39m http-nio-8082-exec-8] [org.springframework.web.servlet.mvc.method.annotation.ExceptionHandlerExceptionResolver] [36mResolved [com.green.projectex.errortest.CategoryNotFoundException: ID[0]: 잘못된 물건Pk가 입력 되었습니다][0;39m
[2023-12-22 16:44:38 [32mINFO [0;39m http-nio-8082-exec-10] [com.green.projectex.product.ProductController] [36mdto: ProductCompleteDto(userPk=1, productPk=0)[0;39m
[2023-12-22 16:44:38 [33mWARN [0;39m http-nio-8082-exec-10] [org.springframework.web.servlet.mvc.method.annotation.ExceptionHandlerExceptionResolver] [36mResolved [com.green.projectex.errortest.CategoryNotFoundException: ID[0]: 잘못된 물건Pk가 입력 되었습니다][0;39m
[2023-12-22 16:44:45 [32mINFO [0;39m http-nio-8082-exec-1] [com.green.projectex.product.ProductController] [36mdto: ProductCompleteDto(userPk=1, productPk=138)[0;39m
[2023-12-22 16:44:45 [33mWARN [0;39m http-nio-8082-exec-1] [org.springframework.web.servlet.mvc.method.annotation.ExceptionHandlerExceptionResolver] [36mResolved [com.green.projectex.errortest.CategoryNotFoundException: ID[138]: 다른 유저의 상품 입니다][0;39m
[2023-12-22 16:44:45 [32mINFO [0;39m http-nio-8082-exec-2] [com.green.projectex.product.ProductController] [36mdto: ProductCompleteDto(userPk=1, productPk=138)[0;39m
[2023-12-22 16:44:45 [33mWARN [0;39m http-nio-8082-exec-2] [org.springframework.web.servlet.mvc.method.annotation.ExceptionHandlerExceptionResolver] [36mResolved [com.green.projectex.errortest.CategoryNotFoundException: ID[138]: 다른 유저의 상품 입니다][0;39m
[2023-12-22 16:44:45 [32mINFO [0;39m http-nio-8082-exec-3] [com.green.projectex.product.ProductController] [36mdto: ProductCompleteDto(userPk=1, productPk=138)[0;39m
[2023-12-22 16:44:45 [33mWARN [0;39m http-nio-8082-exec-3] [org.springframework.web.servlet.mvc.method.annotation.ExceptionHandlerExceptionResolver] [36mResolved [com.green.projectex.errortest.CategoryNotFoundException: ID[138]: 다른 유저의 상품 입니다][0;39m
[2023-12-22 16:44:50 [32mINFO [0;39m http-nio-8082-exec-4] [com.green.projectex.product.ProductController] [36mdto: ProductCompleteDto(userPk=2, productPk=139)[0;39m
[2023-12-22 16:44:50 [33mWARN [0;39m http-nio-8082-exec-4] [org.springframework.web.servlet.mvc.method.annotation.ExceptionHandlerExceptionResolver] [36mResolved [com.green.projectex.errortest.CategoryNotFoundException: ID[139]: 다른 유저의 상품 입니다][0;39m
[2023-12-22 16:44:51 [32mINFO [0;39m http-nio-8082-exec-5] [com.green.projectex.product.ProductController] [36mdto: ProductCompleteDto(userPk=2, productPk=139)[0;39m
[2023-12-22 16:44:51 [33mWARN [0;39m http-nio-8082-exec-5] [org.springframework.web.servlet.mvc.method.annotation.ExceptionHandlerExceptionResolver] [36mResolved [com.green.projectex.errortest.CategoryNotFoundException: ID[139]: 다른 유저의 상품 입니다][0;39m
[2023-12-22 16:44:54 [32mINFO [0;39m http-nio-8082-exec-6] [com.green.projectex.product.ProductController] [36mdto: ProductCompleteDto(userPk=2, productPk=138)[0;39m
[2023-12-22 16:45:07 [32mINFO [0;39m http-nio-8082-exec-7] [com.green.projectex.product.ProductController] [36mdto: ProductCompleteDto(userPk=1, productPk=22)[0;39m
[2023-12-22 16:45:07 [33mWARN [0;39m http-nio-8082-exec-7] [org.springframework.web.servlet.mvc.method.annotation.ExceptionHandlerExceptionResolver] [36mResolved [com.green.projectex.errortest.CategoryNotFoundException: ID[22]: 구매 예정 상품이 아닙니다][0;39m
[2023-12-22 16:45:08 [32mINFO [0;39m http-nio-8082-exec-9] [com.green.projectex.product.ProductController] [36mdto: ProductCompleteDto(userPk=1, productPk=22)[0;39m
[2023-12-22 16:45:08 [33mWARN [0;39m http-nio-8082-exec-9] [org.springframework.web.servlet.mvc.method.annotation.ExceptionHandlerExceptionResolver] [36mResolved [com.green.projectex.errortest.CategoryNotFoundException: ID[22]: 구매 예정 상품이 아닙니다][0;39m
[2023-12-22 16:45:12 [32mINFO [0;39m http-nio-8082-exec-8] [com.green.projectex.product.ProductController] [36mdto: ProductCompleteDto(userPk=1, productPk=139)[0;39m
[2023-12-22 16:45:23 [33mWARN [0;39m http-nio-8082-exec-10] [org.springframework.web.servlet.mvc.method.annotation.ExceptionHandlerExceptionResolver] [36mResolved [com.green.projectex.errortest.CategoryNotFoundException: ID[0]: 존재하지 않는 유저 입니다][0;39m
[2023-12-22 16:45:28 [33mWARN [0;39m http-nio-8082-exec-1] [org.springframework.web.servlet.mvc.method.annotation.ExceptionHandlerExceptionResolver] [36mResolved [com.green.projectex.errortest.CategoryNotFoundException: ID[0]: 잘못된 물건Pk가 입력 되었습니다][0;39m
[2023-12-22 16:45:37 [33mWARN [0;39m http-nio-8082-exec-2] [org.springframework.web.servlet.mvc.method.annotation.ExceptionHandlerExceptionResolver] [36mResolved [com.green.projectex.errortest.CategoryNotFoundException: ID[138]: 다른 유저의 상품 입니다][0;39m
[2023-12-22 16:45:44 [33mWARN [0;39m http-nio-8082-exec-3] [org.springframework.web.servlet.mvc.method.annotation.ExceptionHandlerExceptionResolver] [36mResolved [com.green.projectex.errortest.CategoryNotFoundException: ID[22]: 삭제 처리된 상품 입니다][0;39m
[2023-12-22 16:46:13 [32mINFO [0;39m http-nio-8082-exec-5] [com.green.projectex.product.ProductController] [36mdto: ProductInsDto(productPk=0, userPk=0, categoryPk=0, productNm=string, memo=string)[0;39m
[2023-12-22 16:46:13 [33mWARN [0;39m http-nio-8082-exec-5] [org.springframework.web.servlet.mvc.method.annotation.ExceptionHandlerExceptionResolver] [36mResolved [com.green.projectex.errortest.CategoryNotFoundException: ID[0]: 존재하지 않는 유저 입니다][0;39m
[2023-12-22 16:46:25 [32mINFO [0;39m http-nio-8082-exec-6] [com.green.projectex.product.ProductController] [36mdto: ProductInsDto(productPk=0, userPk=1, categoryPk=20, productNm=string, memo=string)[0;39m
[2023-12-22 16:46:25 [33mWARN [0;39m http-nio-8082-exec-6] [org.springframework.web.servlet.mvc.method.annotation.ExceptionHandlerExceptionResolver] [36mResolved [com.green.projectex.errortest.CategoryNotFoundException: ID[20]: 존재하지 않는 카테고리 번호 입니다][0;39m
[2023-12-22 16:46:43 [32mINFO [0;39m http-nio-8082-exec-7] [com.green.projectex.product.ProductController] [36mdto: ProductInsDto(productPk=0, userPk=1, categoryPk=19, productNm=오징어, memo=오늘 먹을것)[0;39m
[2023-12-22 16:46:43 [33mWARN [0;39m http-nio-8082-exec-7] [org.springframework.web.servlet.mvc.method.annotation.ExceptionHandlerExceptionResolver] [36mResolved [com.green.projectex.errortest.CategoryNotFoundException: ID[19]: 존재하지 않는 카테고리 번호 입니다][0;39m
[2023-12-22 16:46:56 [32mINFO [0;39m http-nio-8082-exec-9] [com.green.projectex.product.ProductController] [36mdto: ProductInsDto(productPk=0, userPk=1, categoryPk=5, productNm=오징어, memo=오늘 먹을것)[0;39m
[2023-12-22 16:47:12 [32mINFO [0;39m http-nio-8082-exec-8] [com.green.projectex.product.ProductController] [36mdto: ProductInsDto(productPk=0, userPk=1, categoryPk=5, productNm=오징어, memo=null)[0;39m
[2023-12-22 16:48:17 [32mINFO [0;39m http-nio-8082-exec-4] [com.green.projectex.product.ProductController] [36mdto: ProductInsDto(productPk=0, userPk=1, categoryPk=-1, productNm=string, memo=string)[0;39m
[2023-12-22 16:48:17 [33mWARN [0;39m http-nio-8082-exec-4] [org.springframework.web.servlet.mvc.method.annotation.ExceptionHandlerExceptionResolver] [36mResolved [com.green.projectex.errortest.CategoryNotFoundException: ID[-1]: 존재하지 않는 카테고리 번호 입니다][0;39m
[2023-12-22 16:48:23 [32mINFO [0;39m http-nio-8082-exec-5] [com.green.projectex.product.ProductController] [36mdto: ProductInsDto(productPk=0, userPk=1, categoryPk=1, productNm=string, memo=string)[0;39m
[2023-12-22 16:48:49 [33mWARN [0;39m http-nio-8082-exec-6] [org.springframework.web.servlet.mvc.method.annotation.ExceptionHandlerExceptionResolver] [36mResolved [com.green.projectex.errortest.CategoryNotFoundException: ID[0]: 잘못된 물건Pk가 입력 되었습니다][0;39m
[2023-12-22 16:48:54 [33mWARN [0;39m http-nio-8082-exec-7] [org.springframework.web.servlet.mvc.method.annotation.ExceptionHandlerExceptionResolver] [36mResolved [com.green.projectex.errortest.CategoryNotFoundException: ID[5]: 존재하지 않는 유저 입니다][0;39m
[2023-12-22 16:49:01 [33mWARN [0;39m http-nio-8082-exec-9] [org.springframework.web.servlet.mvc.method.annotation.ExceptionHandlerExceptionResolver] [36mResolved [com.green.projectex.errortest.CategoryNotFoundException: ID[142]: 다른 유저의 상품 입니다][0;39m
[2023-12-22 16:49:02 [33mWARN [0;39m http-nio-8082-exec-8] [org.springframework.web.servlet.mvc.method.annotation.ExceptionHandlerExceptionResolver] [36mResolved [com.green.projectex.errortest.CategoryNotFoundException: ID[142]: 다른 유저의 상품 입니다][0;39m
[2023-12-22 16:49:19 [32mINFO [0;39m http-nio-8082-exec-1] [com.green.projectex.product.ProductController] [36mdto: ProductCompleteDto(userPk=1, productPk=141)[0;39m
[2023-12-22 16:49:23 [32mINFO [0;39m http-nio-8082-exec-2] [com.green.projectex.product.ProductController] [36mdto: ProductCompleteDto(userPk=1, productPk=142)[0;39m
[2023-12-22 16:49:23 [33mWARN [0;39m http-nio-8082-exec-2] [org.springframework.web.servlet.mvc.method.annotation.ExceptionHandlerExceptionResolver] [36mResolved [com.green.projectex.errortest.CategoryNotFoundException: ID[142]: 잘못된 물건Pk가 입력 되었습니다][0;39m
[2023-12-22 16:49:24 [32mINFO [0;39m http-nio-8082-exec-3] [com.green.projectex.product.ProductController] [36mdto: ProductCompleteDto(userPk=1, productPk=142)[0;39m
[2023-12-22 16:49:24 [33mWARN [0;39m http-nio-8082-exec-3] [org.springframework.web.servlet.mvc.method.annotation.ExceptionHandlerExceptionResolver] [36mResolved [com.green.projectex.errortest.CategoryNotFoundException: ID[142]: 잘못된 물건Pk가 입력 되었습니다][0;39m
[2023-12-22 16:49:35 [32mINFO [0;39m http-nio-8082-exec-4] [com.green.projectex.product.ProductController] [36mdto: ProductCompleteDto(userPk=1, productPk=141)[0;39m
[2023-12-22 16:49:35 [33mWARN [0;39m http-nio-8082-exec-4] [org.springframework.web.servlet.mvc.method.annotation.ExceptionHandlerExceptionResolver] [36mResolved [com.green.projectex.errortest.CategoryNotFoundException: ID[141]: 구매 예정 상품이 아닙니다][0;39m
[2023-12-22 18:06:16 [32mINFO [0;39m SpringApplicationShutdownHook] [com.zaxxer.hikari.HikariDataSource] [36mHikariPool-2 - Shutdown initiated...[0;39m
[2023-12-22 18:06:16 [32mINFO [0;39m SpringApplicationShutdownHook] [com.zaxxer.hikari.HikariDataSource] [36mHikariPool-2 - Shutdown completed.[0;39m
