[2023-12-21 14:31:10 [32mINFO [0;39m restartedMain] [com.green.projectex.ProjectexApplication] [36mStarting ProjectexApplication using Java 17.0.8.1 with PID 9868 (D:\2023-second\java\projectex\target\classes started by Administrator in D:\2023-second\java\projectex)[0;39m
[2023-12-21 14:31:10 [32mINFO [0;39m restartedMain] [com.green.projectex.ProjectexApplication] [36mNo active profile set, falling back to 1 default profile: "default"[0;39m
[2023-12-21 14:31:10 [32mINFO [0;39m restartedMain] [org.springframework.boot.devtools.env.DevToolsPropertyDefaultsPostProcessor] [36mDevtools property defaults active! Set 'spring.devtools.add-properties' to 'false' to disable[0;39m
[2023-12-21 14:31:10 [32mINFO [0;39m restartedMain] [org.springframework.boot.devtools.env.DevToolsPropertyDefaultsPostProcessor] [36mFor additional web related logging consider setting the 'logging.level.web' property to 'DEBUG'[0;39m
[2023-12-21 14:31:11 [32mINFO [0;39m restartedMain] [org.springframework.boot.web.embedded.tomcat.TomcatWebServer] [36mTomcat initialized with port 8082 (http)[0;39m
[2023-12-21 14:31:11 [32mINFO [0;39m restartedMain] [org.apache.coyote.http11.Http11NioProtocol] [36mInitializing ProtocolHandler ["http-nio-8082"][0;39m
[2023-12-21 14:31:11 [32mINFO [0;39m restartedMain] [org.apache.catalina.core.StandardService] [36mStarting service [Tomcat][0;39m
[2023-12-21 14:31:11 [32mINFO [0;39m restartedMain] [org.apache.catalina.core.StandardEngine] [36mStarting Servlet engine: [Apache Tomcat/10.1.16][0;39m
[2023-12-21 14:31:11 [32mINFO [0;39m restartedMain] [org.apache.catalina.core.ContainerBase.[Tomcat].[localhost].[/]] [36mInitializing Spring embedded WebApplicationContext[0;39m
[2023-12-21 14:31:11 [32mINFO [0;39m restartedMain] [org.springframework.boot.web.servlet.context.ServletWebServerApplicationContext] [36mRoot WebApplicationContext: initialization completed in 875 ms[0;39m
[2023-12-21 14:31:11 [32mINFO [0;39m restartedMain] [org.springframework.boot.devtools.autoconfigure.OptionalLiveReloadServer] [36mLiveReload server is running on port 35729[0;39m
[2023-12-21 14:31:11 [32mINFO [0;39m restartedMain] [org.apache.coyote.http11.Http11NioProtocol] [36mStarting ProtocolHandler ["http-nio-8082"][0;39m
[2023-12-21 14:31:11 [32mINFO [0;39m restartedMain] [org.springframework.boot.web.embedded.tomcat.TomcatWebServer] [36mTomcat started on port 8082 (http) with context path ''[0;39m
[2023-12-21 14:31:11 [32mINFO [0;39m restartedMain] [com.green.projectex.ProjectexApplication] [36mStarted ProjectexApplication in 1.894 seconds (process running for 2.414)[0;39m
[2023-12-21 14:37:38 [32mINFO [0;39m File Watcher] [org.springframework.boot.devtools.autoconfigure.LocalDevToolsAutoConfiguration$RestartingClassPathChangeChangedEventListener] [36mRestarting due to 1 class path change (0 additions, 1 deletion, 0 modifications)[0;39m
[2023-12-21 14:37:38 [32mINFO [0;39m Thread-5] [org.apache.coyote.http11.Http11NioProtocol] [36mStopping ProtocolHandler ["http-nio-8082"][0;39m
[2023-12-21 14:37:38 [32mINFO [0;39m restartedMain] [com.green.projectex.ProjectexApplication] [36mStarting ProjectexApplication using Java 17.0.8.1 with PID 9868 (D:\2023-second\java\projectex\target\classes started by Administrator in D:\2023-second\java\projectex)[0;39m
[2023-12-21 14:37:38 [32mINFO [0;39m restartedMain] [com.green.projectex.ProjectexApplication] [36mNo active profile set, falling back to 1 default profile: "default"[0;39m
[2023-12-21 14:37:38 [32mINFO [0;39m restartedMain] [org.springframework.boot.web.embedded.tomcat.TomcatWebServer] [36mTomcat initialized with port 8082 (http)[0;39m
[2023-12-21 14:37:38 [32mINFO [0;39m restartedMain] [org.apache.coyote.http11.Http11NioProtocol] [36mInitializing ProtocolHandler ["http-nio-8082"][0;39m
[2023-12-21 14:37:38 [32mINFO [0;39m restartedMain] [org.apache.catalina.core.StandardService] [36mStarting service [Tomcat][0;39m
[2023-12-21 14:37:38 [32mINFO [0;39m restartedMain] [org.apache.catalina.core.StandardEngine] [36mStarting Servlet engine: [Apache Tomcat/10.1.16][0;39m
[2023-12-21 14:37:38 [32mINFO [0;39m restartedMain] [org.apache.catalina.core.ContainerBase.[Tomcat].[localhost].[/]] [36mInitializing Spring embedded WebApplicationContext[0;39m
[2023-12-21 14:37:38 [32mINFO [0;39m restartedMain] [org.springframework.boot.web.servlet.context.ServletWebServerApplicationContext] [36mRoot WebApplicationContext: initialization completed in 238 ms[0;39m
[2023-12-21 14:37:38 [32mINFO [0;39m restartedMain] [org.springframework.boot.devtools.autoconfigure.OptionalLiveReloadServer] [36mLiveReload server is running on port 35729[0;39m
[2023-12-21 14:37:38 [32mINFO [0;39m restartedMain] [org.apache.coyote.http11.Http11NioProtocol] [36mStarting ProtocolHandler ["http-nio-8082"][0;39m
[2023-12-21 14:37:38 [32mINFO [0;39m restartedMain] [org.springframework.boot.web.embedded.tomcat.TomcatWebServer] [36mTomcat started on port 8082 (http) with context path ''[0;39m
[2023-12-21 14:37:38 [32mINFO [0;39m restartedMain] [com.green.projectex.ProjectexApplication] [36mStarted ProjectexApplication in 0.497 seconds (process running for 389.68)[0;39m
[2023-12-21 14:37:38 [32mINFO [0;39m restartedMain] [org.springframework.boot.devtools.autoconfigure.ConditionEvaluationDeltaLoggingListener] [36mCondition evaluation unchanged[0;39m
[2023-12-21 14:37:40 [32mINFO [0;39m File Watcher] [org.springframework.boot.devtools.autoconfigure.LocalDevToolsAutoConfiguration$RestartingClassPathChangeChangedEventListener] [36mRestarting due to 1 class path change (1 addition, 0 deletions, 0 modifications)[0;39m
[2023-12-21 14:37:40 [32mINFO [0;39m Thread-7] [org.apache.coyote.http11.Http11NioProtocol] [36mStopping ProtocolHandler ["http-nio-8082"][0;39m
[2023-12-21 14:37:40 [32mINFO [0;39m restartedMain] [com.green.projectex.ProjectexApplication] [36mStarting ProjectexApplication using Java 17.0.8.1 with PID 9868 (D:\2023-second\java\projectex\target\classes started by Administrator in D:\2023-second\java\projectex)[0;39m
[2023-12-21 14:37:40 [32mINFO [0;39m restartedMain] [com.green.projectex.ProjectexApplication] [36mNo active profile set, falling back to 1 default profile: "default"[0;39m
[2023-12-21 14:37:40 [32mINFO [0;39m restartedMain] [org.springframework.boot.web.embedded.tomcat.TomcatWebServer] [36mTomcat initialized with port 8082 (http)[0;39m
[2023-12-21 14:37:40 [32mINFO [0;39m restartedMain] [org.apache.coyote.http11.Http11NioProtocol] [36mInitializing ProtocolHandler ["http-nio-8082"][0;39m
[2023-12-21 14:37:40 [32mINFO [0;39m restartedMain] [org.apache.catalina.core.StandardService] [36mStarting service [Tomcat][0;39m
[2023-12-21 14:37:40 [32mINFO [0;39m restartedMain] [org.apache.catalina.core.StandardEngine] [36mStarting Servlet engine: [Apache Tomcat/10.1.16][0;39m
[2023-12-21 14:37:40 [32mINFO [0;39m restartedMain] [org.apache.catalina.core.ContainerBase.[Tomcat].[localhost].[/]] [36mInitializing Spring embedded WebApplicationContext[0;39m
[2023-12-21 14:37:40 [32mINFO [0;39m restartedMain] [org.springframework.boot.web.servlet.context.ServletWebServerApplicationContext] [36mRoot WebApplicationContext: initialization completed in 161 ms[0;39m
[2023-12-21 14:37:40 [32mINFO [0;39m restartedMain] [org.springframework.boot.devtools.autoconfigure.OptionalLiveReloadServer] [36mLiveReload server is running on port 35729[0;39m
[2023-12-21 14:37:40 [32mINFO [0;39m restartedMain] [org.apache.coyote.http11.Http11NioProtocol] [36mStarting ProtocolHandler ["http-nio-8082"][0;39m
[2023-12-21 14:37:40 [32mINFO [0;39m restartedMain] [org.springframework.boot.web.embedded.tomcat.TomcatWebServer] [36mTomcat started on port 8082 (http) with context path ''[0;39m
[2023-12-21 14:37:40 [32mINFO [0;39m restartedMain] [com.green.projectex.ProjectexApplication] [36mStarted ProjectexApplication in 0.301 seconds (process running for 391.423)[0;39m
[2023-12-21 14:37:40 [32mINFO [0;39m restartedMain] [org.springframework.boot.devtools.autoconfigure.ConditionEvaluationDeltaLoggingListener] [36mCondition evaluation unchanged[0;39m
[2023-12-21 14:51:46 [32mINFO [0;39m http-nio-8082-exec-1] [org.apache.catalina.core.ContainerBase.[Tomcat].[localhost].[/]] [36mInitializing Spring DispatcherServlet 'dispatcherServlet'[0;39m
[2023-12-21 14:51:46 [32mINFO [0;39m http-nio-8082-exec-1] [org.springframework.web.servlet.DispatcherServlet] [36mInitializing Servlet 'dispatcherServlet'[0;39m
[2023-12-21 14:51:46 [32mINFO [0;39m http-nio-8082-exec-1] [org.springframework.web.servlet.DispatcherServlet] [36mCompleted initialization in 1 ms[0;39m
[2023-12-21 14:51:46 [32mINFO [0;39m http-nio-8082-exec-3] [org.springdoc.api.AbstractOpenApiResource] [36mInit duration for springdoc-openapi is: 161 ms[0;39m
[2023-12-21 14:53:19 [32mINFO [0;39m http-nio-8082-exec-9] [com.green.projectex.product.ProductController] [36mdto: ProductListDto(userPk=0, isList=0)[0;39m
[2023-12-21 14:53:19 [32mINFO [0;39m http-nio-8082-exec-9] [com.zaxxer.hikari.HikariDataSource] [36mHikariPool-1 - Starting...[0;39m
[2023-12-21 14:53:19 [32mINFO [0;39m http-nio-8082-exec-9] [com.zaxxer.hikari.pool.HikariPool] [36mHikariPool-1 - Added connection org.mariadb.jdbc.Connection@260229e7[0;39m
[2023-12-21 14:53:19 [32mINFO [0;39m http-nio-8082-exec-9] [com.zaxxer.hikari.HikariDataSource] [36mHikariPool-1 - Start completed.[0;39m
[2023-12-21 14:53:19 [33mWARN [0;39m http-nio-8082-exec-9] [org.springframework.web.servlet.mvc.method.annotation.ExceptionHandlerExceptionResolver] [36mResolved [com.green.projectex.errortest.CategoryNotFoundException: ID[0]: 존재하지 않는 유저 입니다][0;39m
[2023-12-21 14:53:25 [32mINFO [0;39m http-nio-8082-exec-10] [com.green.projectex.product.ProductController] [36mdto: ProductListDto(userPk=19, isList=0)[0;39m
[2023-12-21 14:53:25 [33mWARN [0;39m http-nio-8082-exec-10] [org.springframework.web.servlet.mvc.method.annotation.ExceptionHandlerExceptionResolver] [36mResolved [com.green.projectex.errortest.CategoryNotFoundException: ID[19]: 존재하지 않는 유저 입니다][0;39m
[2023-12-21 14:53:28 [32mINFO [0;39m http-nio-8082-exec-8] [com.green.projectex.product.ProductController] [36mdto: ProductListDto(userPk=3, isList=0)[0;39m
[2023-12-21 14:53:31 [32mINFO [0;39m http-nio-8082-exec-6] [com.green.projectex.product.ProductController] [36mdto: ProductListDto(userPk=1, isList=0)[0;39m
[2023-12-21 14:53:34 [32mINFO [0;39m http-nio-8082-exec-7] [com.green.projectex.product.ProductController] [36mdto: ProductListDto(userPk=1, isList=-1)[0;39m
[2023-12-21 14:53:34 [33mWARN [0;39m http-nio-8082-exec-7] [org.springframework.web.servlet.mvc.method.annotation.ExceptionHandlerExceptionResolver] [36mResolved [com.green.projectex.errortest.CategoryNotFoundException: ID[-1]: 잘못된 리스트 번호가 입력 되었습니다][0;39m
[2023-12-21 14:53:37 [32mINFO [0;39m http-nio-8082-exec-1] [com.green.projectex.product.ProductController] [36mdto: ProductListDto(userPk=1, isList=33)[0;39m
[2023-12-21 14:53:37 [33mWARN [0;39m http-nio-8082-exec-1] [org.springframework.web.servlet.mvc.method.annotation.ExceptionHandlerExceptionResolver] [36mResolved [com.green.projectex.errortest.CategoryNotFoundException: ID[33]: 잘못된 리스트 번호가 입력 되었습니다][0;39m
[2023-12-21 14:53:40 [32mINFO [0;39m http-nio-8082-exec-2] [com.green.projectex.product.ProductController] [36mdto: ProductListDto(userPk=1, isList=3)[0;39m
[2023-12-21 14:53:40 [33mWARN [0;39m http-nio-8082-exec-2] [org.springframework.web.servlet.mvc.method.annotation.ExceptionHandlerExceptionResolver] [36mResolved [com.green.projectex.errortest.CategoryNotFoundException: ID[3]: 잘못된 리스트 번호가 입력 되었습니다][0;39m
[2023-12-21 14:53:43 [32mINFO [0;39m http-nio-8082-exec-3] [com.green.projectex.product.ProductController] [36mdto: ProductListDto(userPk=1, isList=2)[0;39m
[2023-12-21 14:53:46 [32mINFO [0;39m http-nio-8082-exec-5] [com.green.projectex.product.ProductController] [36mdto: ProductListDto(userPk=1, isList=0)[0;39m
[2023-12-21 15:39:07 [32mINFO [0;39m File Watcher] [org.springframework.boot.devtools.autoconfigure.LocalDevToolsAutoConfiguration$RestartingClassPathChangeChangedEventListener] [36mRestarting due to 1 class path change (0 additions, 0 deletions, 1 modification)[0;39m
[2023-12-21 15:39:07 [32mINFO [0;39m Thread-11] [org.apache.coyote.http11.Http11NioProtocol] [36mStopping ProtocolHandler ["http-nio-8082"][0;39m
[2023-12-21 15:39:07 [32mINFO [0;39m Thread-11] [com.zaxxer.hikari.HikariDataSource] [36mHikariPool-1 - Shutdown initiated...[0;39m
[2023-12-21 15:39:07 [32mINFO [0;39m Thread-11] [com.zaxxer.hikari.HikariDataSource] [36mHikariPool-1 - Shutdown completed.[0;39m
[2023-12-21 15:39:07 [32mINFO [0;39m restartedMain] [com.green.projectex.ProjectexApplication] [36mStarting ProjectexApplication using Java 17.0.8.1 with PID 9868 (D:\2023-second\java\projectex\target\classes started by Administrator in D:\2023-second\java\projectex)[0;39m
[2023-12-21 15:39:07 [32mINFO [0;39m restartedMain] [com.green.projectex.ProjectexApplication] [36mNo active profile set, falling back to 1 default profile: "default"[0;39m
[2023-12-21 15:39:07 [32mINFO [0;39m restartedMain] [org.springframework.boot.web.embedded.tomcat.TomcatWebServer] [36mTomcat initialized with port 8082 (http)[0;39m
[2023-12-21 15:39:07 [32mINFO [0;39m restartedMain] [org.apache.coyote.http11.Http11NioProtocol] [36mInitializing ProtocolHandler ["http-nio-8082"][0;39m
[2023-12-21 15:39:07 [32mINFO [0;39m restartedMain] [org.apache.catalina.core.StandardService] [36mStarting service [Tomcat][0;39m
[2023-12-21 15:39:07 [32mINFO [0;39m restartedMain] [org.apache.catalina.core.StandardEngine] [36mStarting Servlet engine: [Apache Tomcat/10.1.16][0;39m
[2023-12-21 15:39:07 [32mINFO [0;39m restartedMain] [org.apache.catalina.core.ContainerBase.[Tomcat].[localhost].[/]] [36mInitializing Spring embedded WebApplicationContext[0;39m
[2023-12-21 15:39:07 [32mINFO [0;39m restartedMain] [org.springframework.boot.web.servlet.context.ServletWebServerApplicationContext] [36mRoot WebApplicationContext: initialization completed in 186 ms[0;39m
[2023-12-21 15:39:07 [32mINFO [0;39m restartedMain] [org.springframework.boot.devtools.autoconfigure.OptionalLiveReloadServer] [36mLiveReload server is running on port 35729[0;39m
[2023-12-21 15:39:07 [32mINFO [0;39m restartedMain] [org.apache.coyote.http11.Http11NioProtocol] [36mStarting ProtocolHandler ["http-nio-8082"][0;39m
[2023-12-21 15:39:07 [32mINFO [0;39m restartedMain] [org.springframework.boot.web.embedded.tomcat.TomcatWebServer] [36mTomcat started on port 8082 (http) with context path ''[0;39m
[2023-12-21 15:39:07 [32mINFO [0;39m restartedMain] [com.green.projectex.ProjectexApplication] [36mStarted ProjectexApplication in 0.372 seconds (process running for 4078.204)[0;39m
[2023-12-21 15:39:07 [32mINFO [0;39m restartedMain] [org.springframework.boot.devtools.autoconfigure.ConditionEvaluationDeltaLoggingListener] [36mCondition evaluation unchanged[0;39m
[2023-12-21 16:20:56 [32mINFO [0;39m http-nio-8082-exec-1] [org.apache.catalina.core.ContainerBase.[Tomcat].[localhost].[/]] [36mInitializing Spring DispatcherServlet 'dispatcherServlet'[0;39m
[2023-12-21 16:20:56 [32mINFO [0;39m http-nio-8082-exec-1] [org.springframework.web.servlet.DispatcherServlet] [36mInitializing Servlet 'dispatcherServlet'[0;39m
[2023-12-21 16:20:56 [32mINFO [0;39m http-nio-8082-exec-1] [org.springframework.web.servlet.DispatcherServlet] [36mCompleted initialization in 0 ms[0;39m
[2023-12-21 16:20:56 [33mWARN [0;39m http-nio-8082-exec-1] [org.springframework.web.servlet.mvc.method.annotation.ExceptionHandlerExceptionResolver] [36mResolved [org.springframework.web.servlet.resource.NoResourceFoundException: No static resource main.5eeefe53292f85460f53.hot-update.json.][0;39m
[2023-12-21 18:08:56 [32mINFO [0;39m http-nio-8082-exec-4] [org.springdoc.api.AbstractOpenApiResource] [36mInit duration for springdoc-openapi is: 46 ms[0;39m
[2023-12-21 18:22:22 [32mINFO [0;39m http-nio-8082-exec-7] [com.green.projectex.product.ProductController] [36mdto: ProductListDto(userPk=0, isList=0)[0;39m
[2023-12-21 18:22:22 [32mINFO [0;39m http-nio-8082-exec-7] [com.zaxxer.hikari.HikariDataSource] [36mHikariPool-2 - Starting...[0;39m
[2023-12-21 18:22:22 [32mINFO [0;39m http-nio-8082-exec-7] [com.zaxxer.hikari.pool.HikariPool] [36mHikariPool-2 - Added connection org.mariadb.jdbc.Connection@14f083cf[0;39m
[2023-12-21 18:22:22 [32mINFO [0;39m http-nio-8082-exec-7] [com.zaxxer.hikari.HikariDataSource] [36mHikariPool-2 - Start completed.[0;39m
[2023-12-21 18:22:22 [33mWARN [0;39m http-nio-8082-exec-7] [org.springframework.web.servlet.mvc.method.annotation.ExceptionHandlerExceptionResolver] [36mResolved [com.green.projectex.errortest.CategoryNotFoundException: ID[0]: 존재하지 않는 유저 입니다][0;39m
[2023-12-21 18:23:27 [32mINFO [0;39m http-nio-8082-exec-10] [com.green.projectex.product.ProductController] [36mdto: ProductListDto(userPk=1, isList=3)[0;39m
[2023-12-21 18:23:27 [33mWARN [0;39m http-nio-8082-exec-10] [org.springframework.web.servlet.mvc.method.annotation.ExceptionHandlerExceptionResolver] [36mResolved [com.green.projectex.errortest.CategoryNotFoundException: ID[3]: 잘못된 리스트 번호가 입력 되었습니다][0;39m
[2023-12-21 18:27:37 [32mINFO [0;39m SpringApplicationShutdownHook] [com.zaxxer.hikari.HikariDataSource] [36mHikariPool-2 - Shutdown initiated...[0;39m
[2023-12-21 18:27:37 [32mINFO [0;39m SpringApplicationShutdownHook] [com.zaxxer.hikari.HikariDataSource] [36mHikariPool-2 - Shutdown completed.[0;39m
