[2024-03-08 09:54:05 [32mINFO [0;39m restartedMain] [com.green.projectex.ProjectexApplication] [36mStarting ProjectexApplication using Java 17.0.8.1 with PID 6012 (D:\2023-second\java\projectex\target\classes started by Administrator in D:\2023-second\java\projectex)[0;39m
[2024-03-08 09:54:05 [32mINFO [0;39m restartedMain] [com.green.projectex.ProjectexApplication] [36mNo active profile set, falling back to 1 default profile: "default"[0;39m
[2024-03-08 09:54:05 [32mINFO [0;39m restartedMain] [org.springframework.boot.devtools.env.DevToolsPropertyDefaultsPostProcessor] [36mDevtools property defaults active! Set 'spring.devtools.add-properties' to 'false' to disable[0;39m
[2024-03-08 09:54:05 [32mINFO [0;39m restartedMain] [org.springframework.boot.devtools.env.DevToolsPropertyDefaultsPostProcessor] [36mFor additional web related logging consider setting the 'logging.level.web' property to 'DEBUG'[0;39m
[2024-03-08 09:54:06 [32mINFO [0;39m restartedMain] [org.springframework.boot.web.embedded.tomcat.TomcatWebServer] [36mTomcat initialized with port 8082 (http)[0;39m
[2024-03-08 09:54:06 [32mINFO [0;39m restartedMain] [org.apache.coyote.http11.Http11NioProtocol] [36mInitializing ProtocolHandler ["http-nio-8082"][0;39m
[2024-03-08 09:54:06 [32mINFO [0;39m restartedMain] [org.apache.catalina.core.StandardService] [36mStarting service [Tomcat][0;39m
[2024-03-08 09:54:06 [32mINFO [0;39m restartedMain] [org.apache.catalina.core.StandardEngine] [36mStarting Servlet engine: [Apache Tomcat/10.1.16][0;39m
[2024-03-08 09:54:06 [32mINFO [0;39m restartedMain] [org.apache.catalina.core.ContainerBase.[Tomcat].[localhost].[/]] [36mInitializing Spring embedded WebApplicationContext[0;39m
[2024-03-08 09:54:06 [32mINFO [0;39m restartedMain] [org.springframework.boot.web.servlet.context.ServletWebServerApplicationContext] [36mRoot WebApplicationContext: initialization completed in 860 ms[0;39m
[2024-03-08 09:54:06 [32mINFO [0;39m restartedMain] [org.springframework.boot.autoconfigure.web.servlet.WelcomePageHandlerMapping] [36mAdding welcome page: class path resource [static/index.html][0;39m
[2024-03-08 09:54:06 [32mINFO [0;39m restartedMain] [org.springframework.boot.devtools.autoconfigure.OptionalLiveReloadServer] [36mLiveReload server is running on port 35729[0;39m
[2024-03-08 09:54:06 [32mINFO [0;39m restartedMain] [org.apache.coyote.http11.Http11NioProtocol] [36mStarting ProtocolHandler ["http-nio-8082"][0;39m
[2024-03-08 09:54:06 [32mINFO [0;39m restartedMain] [org.springframework.boot.web.embedded.tomcat.TomcatWebServer] [36mTomcat started on port 8082 (http) with context path ''[0;39m
[2024-03-08 09:54:06 [32mINFO [0;39m restartedMain] [com.green.projectex.ProjectexApplication] [36mStarted ProjectexApplication in 1.872 seconds (process running for 2.423)[0;39m
[2024-03-08 09:54:11 [32mINFO [0;39m File Watcher] [org.springframework.boot.devtools.autoconfigure.LocalDevToolsAutoConfiguration$RestartingClassPathChangeChangedEventListener] [36mRestarting due to 31 class path changes (0 additions, 30 deletions, 1 modification)[0;39m
[2024-03-08 09:54:11 [32mINFO [0;39m Thread-5] [org.apache.coyote.http11.Http11NioProtocol] [36mStopping ProtocolHandler ["http-nio-8082"][0;39m
[2024-03-08 09:54:11 [32mINFO [0;39m restartedMain] [com.green.projectex.ProjectexApplication] [36mStarting ProjectexApplication using Java 17.0.8.1 with PID 6012 (D:\2023-second\java\projectex\target\classes started by Administrator in D:\2023-second\java\projectex)[0;39m
[2024-03-08 09:54:11 [32mINFO [0;39m restartedMain] [com.green.projectex.ProjectexApplication] [36mNo active profile set, falling back to 1 default profile: "default"[0;39m
[2024-03-08 09:54:12 [33mWARN [0;39m restartedMain] [org.mybatis.spring.mapper.ClassPathMapperScanner] [36mNo MyBatis mapper was found in '[com.green.projectex]' package. Please check your configuration.[0;39m
[2024-03-08 09:54:12 [32mINFO [0;39m restartedMain] [org.springframework.boot.web.embedded.tomcat.TomcatWebServer] [36mTomcat initialized with port 8082 (http)[0;39m
[2024-03-08 09:54:12 [32mINFO [0;39m restartedMain] [org.apache.coyote.http11.Http11NioProtocol] [36mInitializing ProtocolHandler ["http-nio-8082"][0;39m
[2024-03-08 09:54:12 [32mINFO [0;39m restartedMain] [org.apache.catalina.core.StandardService] [36mStarting service [Tomcat][0;39m
[2024-03-08 09:54:12 [32mINFO [0;39m restartedMain] [org.apache.catalina.core.StandardEngine] [36mStarting Servlet engine: [Apache Tomcat/10.1.16][0;39m
[2024-03-08 09:54:12 [32mINFO [0;39m restartedMain] [org.apache.catalina.core.ContainerBase.[Tomcat].[localhost].[/]] [36mInitializing Spring embedded WebApplicationContext[0;39m
[2024-03-08 09:54:12 [32mINFO [0;39m restartedMain] [org.springframework.boot.web.servlet.context.ServletWebServerApplicationContext] [36mRoot WebApplicationContext: initialization completed in 278 ms[0;39m
[2024-03-08 09:54:12 [32mINFO [0;39m restartedMain] [org.springframework.boot.autoconfigure.web.servlet.WelcomePageHandlerMapping] [36mAdding welcome page: class path resource [static/index.html][0;39m
[2024-03-08 09:54:12 [32mINFO [0;39m restartedMain] [org.springframework.boot.devtools.autoconfigure.OptionalLiveReloadServer] [36mLiveReload server is running on port 35729[0;39m
[2024-03-08 09:54:12 [32mINFO [0;39m restartedMain] [org.apache.coyote.http11.Http11NioProtocol] [36mStarting ProtocolHandler ["http-nio-8082"][0;39m
[2024-03-08 09:54:12 [32mINFO [0;39m restartedMain] [org.springframework.boot.web.embedded.tomcat.TomcatWebServer] [36mTomcat started on port 8082 (http) with context path ''[0;39m
[2024-03-08 09:54:12 [32mINFO [0;39m restartedMain] [com.green.projectex.ProjectexApplication] [36mStarted ProjectexApplication in 0.502 seconds (process running for 7.853)[0;39m
[2024-03-08 09:54:12 [32mINFO [0;39m restartedMain] [org.springframework.boot.devtools.autoconfigure.ConditionEvaluationDeltaLoggingListener] [36mCondition evaluation unchanged[0;39m
[2024-03-08 09:54:13 [32mINFO [0;39m File Watcher] [org.springframework.boot.devtools.autoconfigure.LocalDevToolsAutoConfiguration$RestartingClassPathChangeChangedEventListener] [36mRestarting due to 30 class path changes (30 additions, 0 deletions, 0 modifications)[0;39m
[2024-03-08 09:54:13 [32mINFO [0;39m Thread-7] [org.apache.coyote.http11.Http11NioProtocol] [36mStopping ProtocolHandler ["http-nio-8082"][0;39m
[2024-03-08 09:54:13 [32mINFO [0;39m restartedMain] [com.green.projectex.ProjectexApplication] [36mStarting ProjectexApplication using Java 17.0.8.1 with PID 6012 (D:\2023-second\java\projectex\target\classes started by Administrator in D:\2023-second\java\projectex)[0;39m
[2024-03-08 09:54:13 [32mINFO [0;39m restartedMain] [com.green.projectex.ProjectexApplication] [36mNo active profile set, falling back to 1 default profile: "default"[0;39m
[2024-03-08 09:54:13 [32mINFO [0;39m restartedMain] [org.springframework.boot.web.embedded.tomcat.TomcatWebServer] [36mTomcat initialized with port 8082 (http)[0;39m
[2024-03-08 09:54:13 [32mINFO [0;39m restartedMain] [org.apache.coyote.http11.Http11NioProtocol] [36mInitializing ProtocolHandler ["http-nio-8082"][0;39m
[2024-03-08 09:54:13 [32mINFO [0;39m restartedMain] [org.apache.catalina.core.StandardService] [36mStarting service [Tomcat][0;39m
[2024-03-08 09:54:13 [32mINFO [0;39m restartedMain] [org.apache.catalina.core.StandardEngine] [36mStarting Servlet engine: [Apache Tomcat/10.1.16][0;39m
[2024-03-08 09:54:13 [32mINFO [0;39m restartedMain] [org.apache.catalina.core.ContainerBase.[Tomcat].[localhost].[/]] [36mInitializing Spring embedded WebApplicationContext[0;39m
[2024-03-08 09:54:13 [32mINFO [0;39m restartedMain] [org.springframework.boot.web.servlet.context.ServletWebServerApplicationContext] [36mRoot WebApplicationContext: initialization completed in 160 ms[0;39m
[2024-03-08 09:54:14 [32mINFO [0;39m restartedMain] [org.springframework.boot.autoconfigure.web.servlet.WelcomePageHandlerMapping] [36mAdding welcome page: class path resource [static/index.html][0;39m
[2024-03-08 09:54:14 [32mINFO [0;39m restartedMain] [org.springframework.boot.devtools.autoconfigure.OptionalLiveReloadServer] [36mLiveReload server is running on port 35729[0;39m
[2024-03-08 09:54:14 [32mINFO [0;39m restartedMain] [org.apache.coyote.http11.Http11NioProtocol] [36mStarting ProtocolHandler ["http-nio-8082"][0;39m
[2024-03-08 09:54:14 [32mINFO [0;39m restartedMain] [org.springframework.boot.web.embedded.tomcat.TomcatWebServer] [36mTomcat started on port 8082 (http) with context path ''[0;39m
[2024-03-08 09:54:14 [32mINFO [0;39m restartedMain] [com.green.projectex.ProjectexApplication] [36mStarted ProjectexApplication in 0.299 seconds (process running for 9.602)[0;39m
[2024-03-08 09:54:14 [32mINFO [0;39m restartedMain] [org.springframework.boot.devtools.autoconfigure.ConditionEvaluationDeltaLoggingListener] [36mCondition evaluation unchanged[0;39m
[2024-03-08 09:54:21 [32mINFO [0;39m http-nio-8082-exec-1] [org.apache.catalina.core.ContainerBase.[Tomcat].[localhost].[/]] [36mInitializing Spring DispatcherServlet 'dispatcherServlet'[0;39m
[2024-03-08 09:54:21 [32mINFO [0;39m http-nio-8082-exec-1] [org.springframework.web.servlet.DispatcherServlet] [36mInitializing Servlet 'dispatcherServlet'[0;39m
[2024-03-08 09:54:21 [32mINFO [0;39m http-nio-8082-exec-1] [org.springframework.web.servlet.DispatcherServlet] [36mCompleted initialization in 1 ms[0;39m
[2024-03-08 09:54:21 [32mINFO [0;39m http-nio-8082-exec-9] [org.springdoc.api.AbstractOpenApiResource] [36mInit duration for springdoc-openapi is: 160 ms[0;39m
[2024-03-08 09:54:25 [32mINFO [0;39m http-nio-8082-exec-9] [com.zaxxer.hikari.HikariDataSource] [36mHikariPool-1 - Starting...[0;39m
[2024-03-08 09:54:25 [32mINFO [0;39m http-nio-8082-exec-9] [com.zaxxer.hikari.pool.HikariPool] [36mHikariPool-1 - Added connection org.mariadb.jdbc.Connection@54812953[0;39m
[2024-03-08 09:54:25 [32mINFO [0;39m http-nio-8082-exec-9] [com.zaxxer.hikari.HikariDataSource] [36mHikariPool-1 - Start completed.[0;39m
[2024-03-08 09:55:14 [32mINFO [0;39m File Watcher] [org.springframework.boot.devtools.autoconfigure.LocalDevToolsAutoConfiguration$RestartingClassPathChangeChangedEventListener] [36mRestarting due to 1 class path change (0 additions, 0 deletions, 1 modification)[0;39m
[2024-03-08 09:55:14 [32mINFO [0;39m Thread-11] [org.apache.coyote.http11.Http11NioProtocol] [36mStopping ProtocolHandler ["http-nio-8082"][0;39m
[2024-03-08 09:55:14 [32mINFO [0;39m Thread-11] [com.zaxxer.hikari.HikariDataSource] [36mHikariPool-1 - Shutdown initiated...[0;39m
[2024-03-08 09:55:14 [32mINFO [0;39m Thread-11] [com.zaxxer.hikari.HikariDataSource] [36mHikariPool-1 - Shutdown completed.[0;39m
[2024-03-08 09:55:14 [32mINFO [0;39m restartedMain] [com.green.projectex.ProjectexApplication] [36mStarting ProjectexApplication using Java 17.0.8.1 with PID 6012 (D:\2023-second\java\projectex\target\classes started by Administrator in D:\2023-second\java\projectex)[0;39m
[2024-03-08 09:55:14 [32mINFO [0;39m restartedMain] [com.green.projectex.ProjectexApplication] [36mNo active profile set, falling back to 1 default profile: "default"[0;39m
[2024-03-08 09:55:15 [32mINFO [0;39m restartedMain] [org.springframework.boot.web.embedded.tomcat.TomcatWebServer] [36mTomcat initialized with port 8082 (http)[0;39m
[2024-03-08 09:55:15 [32mINFO [0;39m restartedMain] [org.apache.coyote.http11.Http11NioProtocol] [36mInitializing ProtocolHandler ["http-nio-8082"][0;39m
[2024-03-08 09:55:15 [32mINFO [0;39m restartedMain] [org.apache.catalina.core.StandardService] [36mStarting service [Tomcat][0;39m
[2024-03-08 09:55:15 [32mINFO [0;39m restartedMain] [org.apache.catalina.core.StandardEngine] [36mStarting Servlet engine: [Apache Tomcat/10.1.16][0;39m
[2024-03-08 09:55:15 [32mINFO [0;39m restartedMain] [org.apache.catalina.core.ContainerBase.[Tomcat].[localhost].[/]] [36mInitializing Spring embedded WebApplicationContext[0;39m
[2024-03-08 09:55:15 [32mINFO [0;39m restartedMain] [org.springframework.boot.web.servlet.context.ServletWebServerApplicationContext] [36mRoot WebApplicationContext: initialization completed in 150 ms[0;39m
[2024-03-08 09:55:15 [32mINFO [0;39m restartedMain] [org.springframework.boot.autoconfigure.web.servlet.WelcomePageHandlerMapping] [36mAdding welcome page: class path resource [static/index.html][0;39m
[2024-03-08 09:55:15 [32mINFO [0;39m restartedMain] [org.springframework.boot.devtools.autoconfigure.OptionalLiveReloadServer] [36mLiveReload server is running on port 35729[0;39m
[2024-03-08 09:55:15 [32mINFO [0;39m restartedMain] [org.apache.coyote.http11.Http11NioProtocol] [36mStarting ProtocolHandler ["http-nio-8082"][0;39m
[2024-03-08 09:55:15 [32mINFO [0;39m restartedMain] [org.springframework.boot.web.embedded.tomcat.TomcatWebServer] [36mTomcat started on port 8082 (http) with context path ''[0;39m
[2024-03-08 09:55:15 [32mINFO [0;39m restartedMain] [com.green.projectex.ProjectexApplication] [36mStarted ProjectexApplication in 0.286 seconds (process running for 70.724)[0;39m
[2024-03-08 09:55:15 [32mINFO [0;39m restartedMain] [org.springframework.boot.devtools.autoconfigure.ConditionEvaluationDeltaLoggingListener] [36mCondition evaluation unchanged[0;39m
[2024-03-08 09:55:21 [32mINFO [0;39m File Watcher] [org.springframework.boot.devtools.autoconfigure.LocalDevToolsAutoConfiguration$RestartingClassPathChangeChangedEventListener] [36mRestarting due to 1 class path change (0 additions, 0 deletions, 1 modification)[0;39m
[2024-03-08 09:55:21 [32mINFO [0;39m Thread-15] [org.apache.coyote.http11.Http11NioProtocol] [36mStopping ProtocolHandler ["http-nio-8082"][0;39m
[2024-03-08 09:55:21 [32mINFO [0;39m restartedMain] [com.green.projectex.ProjectexApplication] [36mStarting ProjectexApplication using Java 17.0.8.1 with PID 6012 (D:\2023-second\java\projectex\target\classes started by Administrator in D:\2023-second\java\projectex)[0;39m
[2024-03-08 09:55:21 [32mINFO [0;39m restartedMain] [com.green.projectex.ProjectexApplication] [36mNo active profile set, falling back to 1 default profile: "default"[0;39m
[2024-03-08 09:55:21 [32mINFO [0;39m restartedMain] [org.springframework.boot.web.embedded.tomcat.TomcatWebServer] [36mTomcat initialized with port 8082 (http)[0;39m
[2024-03-08 09:55:21 [32mINFO [0;39m restartedMain] [org.apache.coyote.http11.Http11NioProtocol] [36mInitializing ProtocolHandler ["http-nio-8082"][0;39m
[2024-03-08 09:55:21 [32mINFO [0;39m restartedMain] [org.apache.catalina.core.StandardService] [36mStarting service [Tomcat][0;39m
[2024-03-08 09:55:21 [32mINFO [0;39m restartedMain] [org.apache.catalina.core.StandardEngine] [36mStarting Servlet engine: [Apache Tomcat/10.1.16][0;39m
[2024-03-08 09:55:21 [32mINFO [0;39m restartedMain] [org.apache.catalina.core.ContainerBase.[Tomcat].[localhost].[/]] [36mInitializing Spring embedded WebApplicationContext[0;39m
[2024-03-08 09:55:21 [32mINFO [0;39m restartedMain] [org.springframework.boot.web.servlet.context.ServletWebServerApplicationContext] [36mRoot WebApplicationContext: initialization completed in 143 ms[0;39m
[2024-03-08 09:55:22 [32mINFO [0;39m restartedMain] [org.springframework.boot.autoconfigure.web.servlet.WelcomePageHandlerMapping] [36mAdding welcome page: class path resource [static/index.html][0;39m
[2024-03-08 09:55:22 [32mINFO [0;39m restartedMain] [org.springframework.boot.devtools.autoconfigure.OptionalLiveReloadServer] [36mLiveReload server is running on port 35729[0;39m
[2024-03-08 09:55:22 [32mINFO [0;39m restartedMain] [org.apache.coyote.http11.Http11NioProtocol] [36mStarting ProtocolHandler ["http-nio-8082"][0;39m
[2024-03-08 09:55:22 [32mINFO [0;39m restartedMain] [org.springframework.boot.web.embedded.tomcat.TomcatWebServer] [36mTomcat started on port 8082 (http) with context path ''[0;39m
[2024-03-08 09:55:22 [32mINFO [0;39m restartedMain] [com.green.projectex.ProjectexApplication] [36mStarted ProjectexApplication in 0.271 seconds (process running for 77.575)[0;39m
[2024-03-08 09:55:22 [32mINFO [0;39m restartedMain] [org.springframework.boot.devtools.autoconfigure.ConditionEvaluationDeltaLoggingListener] [36mCondition evaluation unchanged[0;39m
[2024-03-08 09:56:57 [32mINFO [0;39m File Watcher] [org.springframework.boot.devtools.autoconfigure.LocalDevToolsAutoConfiguration$RestartingClassPathChangeChangedEventListener] [36mRestarting due to 1 class path change (0 additions, 0 deletions, 1 modification)[0;39m
[2024-03-08 09:56:57 [32mINFO [0;39m Thread-19] [org.apache.coyote.http11.Http11NioProtocol] [36mStopping ProtocolHandler ["http-nio-8082"][0;39m
[2024-03-08 09:56:57 [32mINFO [0;39m restartedMain] [com.green.projectex.ProjectexApplication] [36mStarting ProjectexApplication using Java 17.0.8.1 with PID 6012 (D:\2023-second\java\projectex\target\classes started by Administrator in D:\2023-second\java\projectex)[0;39m
[2024-03-08 09:56:57 [32mINFO [0;39m restartedMain] [com.green.projectex.ProjectexApplication] [36mNo active profile set, falling back to 1 default profile: "default"[0;39m
[2024-03-08 09:56:57 [32mINFO [0;39m restartedMain] [org.springframework.boot.web.embedded.tomcat.TomcatWebServer] [36mTomcat initialized with port 8082 (http)[0;39m
[2024-03-08 09:56:57 [32mINFO [0;39m restartedMain] [org.apache.coyote.http11.Http11NioProtocol] [36mInitializing ProtocolHandler ["http-nio-8082"][0;39m
[2024-03-08 09:56:57 [32mINFO [0;39m restartedMain] [org.apache.catalina.core.StandardService] [36mStarting service [Tomcat][0;39m
[2024-03-08 09:56:57 [32mINFO [0;39m restartedMain] [org.apache.catalina.core.StandardEngine] [36mStarting Servlet engine: [Apache Tomcat/10.1.16][0;39m
[2024-03-08 09:56:57 [32mINFO [0;39m restartedMain] [org.apache.catalina.core.ContainerBase.[Tomcat].[localhost].[/]] [36mInitializing Spring embedded WebApplicationContext[0;39m
[2024-03-08 09:56:57 [32mINFO [0;39m restartedMain] [org.springframework.boot.web.servlet.context.ServletWebServerApplicationContext] [36mRoot WebApplicationContext: initialization completed in 140 ms[0;39m
[2024-03-08 09:56:57 [32mINFO [0;39m restartedMain] [org.springframework.boot.autoconfigure.web.servlet.WelcomePageHandlerMapping] [36mAdding welcome page: class path resource [static/index.html][0;39m
[2024-03-08 09:56:57 [32mINFO [0;39m restartedMain] [org.springframework.boot.devtools.autoconfigure.OptionalLiveReloadServer] [36mLiveReload server is running on port 35729[0;39m
[2024-03-08 09:56:57 [32mINFO [0;39m restartedMain] [org.apache.coyote.http11.Http11NioProtocol] [36mStarting ProtocolHandler ["http-nio-8082"][0;39m
[2024-03-08 09:56:57 [32mINFO [0;39m restartedMain] [org.springframework.boot.web.embedded.tomcat.TomcatWebServer] [36mTomcat started on port 8082 (http) with context path ''[0;39m
[2024-03-08 09:56:57 [32mINFO [0;39m restartedMain] [com.green.projectex.ProjectexApplication] [36mStarted ProjectexApplication in 0.266 seconds (process running for 173.433)[0;39m
[2024-03-08 09:56:57 [32mINFO [0;39m restartedMain] [org.springframework.boot.devtools.autoconfigure.ConditionEvaluationDeltaLoggingListener] [36mCondition evaluation unchanged[0;39m
[2024-03-08 09:57:18 [32mINFO [0;39m http-nio-8082-exec-1] [org.apache.catalina.core.ContainerBase.[Tomcat].[localhost].[/]] [36mInitializing Spring DispatcherServlet 'dispatcherServlet'[0;39m
[2024-03-08 09:57:18 [32mINFO [0;39m http-nio-8082-exec-1] [org.springframework.web.servlet.DispatcherServlet] [36mInitializing Servlet 'dispatcherServlet'[0;39m
[2024-03-08 09:57:18 [32mINFO [0;39m http-nio-8082-exec-1] [org.springframework.web.servlet.DispatcherServlet] [36mCompleted initialization in 1 ms[0;39m
[2024-03-08 09:57:20 [32mINFO [0;39m http-nio-8082-exec-3] [com.zaxxer.hikari.HikariDataSource] [36mHikariPool-2 - Starting...[0;39m
[2024-03-08 09:57:20 [32mINFO [0;39m http-nio-8082-exec-3] [com.zaxxer.hikari.pool.HikariPool] [36mHikariPool-2 - Added connection org.mariadb.jdbc.Connection@5cd374d1[0;39m
[2024-03-08 09:57:20 [32mINFO [0;39m http-nio-8082-exec-3] [com.zaxxer.hikari.HikariDataSource] [36mHikariPool-2 - Start completed.[0;39m
[2024-03-08 09:57:23 [32mINFO [0;39m http-nio-8082-exec-10] [com.green.projectex.product.ProductController] [36mdto: ProductListDto(userPk=1, choiceList=0)[0;39m
[2024-03-08 09:57:24 [32mINFO [0;39m http-nio-8082-exec-1] [com.green.projectex.product.ProductController] [36mdto: ProductListDto(userPk=1, choiceList=1)[0;39m
[2024-03-08 09:57:24 [32mINFO [0;39m http-nio-8082-exec-4] [com.green.projectex.product.ProductController] [36mdto: ProductListDto(userPk=1, choiceList=2)[0;39m
[2024-03-08 09:57:24 [32mINFO [0;39m http-nio-8082-exec-4] [com.green.projectex.product.ProductController] [36mdto: ProductListDto(userPk=1, choiceList=0)[0;39m
[2024-03-08 09:57:27 [32mINFO [0;39m http-nio-8082-exec-4] [com.green.projectex.product.ProductController] [36mdto: ProductCompleteDto(userPk=1, productPk=155)[0;39m
[2024-03-08 09:57:27 [32mINFO [0;39m http-nio-8082-exec-4] [com.green.projectex.product.ProductService] [36mdto: ProductCompleteDto(userPk=1, productPk=155)[0;39m
[2024-03-08 09:57:27 [32mINFO [0;39m http-nio-8082-exec-2] [com.green.projectex.product.ProductController] [36mdto: ProductListDto(userPk=1, choiceList=0)[0;39m
[2024-03-08 09:57:27 [32mINFO [0;39m http-nio-8082-exec-8] [com.green.projectex.product.ProductController] [36mdto: ProductListDto(userPk=1, choiceList=2)[0;39m
[2024-03-08 09:57:28 [32mINFO [0;39m http-nio-8082-exec-1] [com.green.projectex.product.ProductController] [36mdto: ProductListDto(userPk=1, choiceList=1)[0;39m
[2024-03-08 09:57:28 [32mINFO [0;39m http-nio-8082-exec-5] [com.green.projectex.product.ProductController] [36mdto: ProductListDto(userPk=1, choiceList=0)[0;39m
[2024-03-08 09:57:29 [32mINFO [0;39m http-nio-8082-exec-9] [com.green.projectex.product.ProductController] [36mdto: ProductListDto(userPk=1, choiceList=1)[0;39m
[2024-03-08 09:57:29 [32mINFO [0;39m http-nio-8082-exec-3] [com.green.projectex.product.ProductController] [36mdto: ProductListDto(userPk=1, choiceList=0)[0;39m
[2024-03-08 09:57:41 [32mINFO [0;39m SpringApplicationShutdownHook] [com.zaxxer.hikari.HikariDataSource] [36mHikariPool-2 - Shutdown initiated...[0;39m
[2024-03-08 09:57:41 [32mINFO [0;39m SpringApplicationShutdownHook] [com.zaxxer.hikari.HikariDataSource] [36mHikariPool-2 - Shutdown completed.[0;39m
