[2023-12-26 10:53:29 [32mINFO [0;39m restartedMain] [com.green.projectex.ProjectexApplication] [36mStarting ProjectexApplication using Java 17.0.8.1 with PID 5904 (D:\2023-second\java\projectex\target\classes started by Administrator in D:\2023-second\java\projectex)[0;39m
[2023-12-26 10:53:29 [32mINFO [0;39m restartedMain] [com.green.projectex.ProjectexApplication] [36mNo active profile set, falling back to 1 default profile: "default"[0;39m
[2023-12-26 10:53:29 [32mINFO [0;39m restartedMain] [org.springframework.boot.devtools.env.DevToolsPropertyDefaultsPostProcessor] [36mDevtools property defaults active! Set 'spring.devtools.add-properties' to 'false' to disable[0;39m
[2023-12-26 10:53:29 [32mINFO [0;39m restartedMain] [org.springframework.boot.devtools.env.DevToolsPropertyDefaultsPostProcessor] [36mFor additional web related logging consider setting the 'logging.level.web' property to 'DEBUG'[0;39m
[2023-12-26 10:53:30 [32mINFO [0;39m restartedMain] [org.springframework.boot.web.embedded.tomcat.TomcatWebServer] [36mTomcat initialized with port 8082 (http)[0;39m
[2023-12-26 10:53:30 [32mINFO [0;39m restartedMain] [org.apache.coyote.http11.Http11NioProtocol] [36mInitializing ProtocolHandler ["http-nio-8082"][0;39m
[2023-12-26 10:53:30 [32mINFO [0;39m restartedMain] [org.apache.catalina.core.StandardService] [36mStarting service [Tomcat][0;39m
[2023-12-26 10:53:30 [32mINFO [0;39m restartedMain] [org.apache.catalina.core.StandardEngine] [36mStarting Servlet engine: [Apache Tomcat/10.1.16][0;39m
[2023-12-26 10:53:30 [32mINFO [0;39m restartedMain] [org.apache.catalina.core.ContainerBase.[Tomcat].[localhost].[/]] [36mInitializing Spring embedded WebApplicationContext[0;39m
[2023-12-26 10:53:30 [32mINFO [0;39m restartedMain] [org.springframework.boot.web.servlet.context.ServletWebServerApplicationContext] [36mRoot WebApplicationContext: initialization completed in 814 ms[0;39m
[2023-12-26 10:53:30 [32mINFO [0;39m restartedMain] [org.springframework.boot.devtools.autoconfigure.OptionalLiveReloadServer] [36mLiveReload server is running on port 35729[0;39m
[2023-12-26 10:53:30 [32mINFO [0;39m restartedMain] [org.apache.coyote.http11.Http11NioProtocol] [36mStarting ProtocolHandler ["http-nio-8082"][0;39m
[2023-12-26 10:53:30 [32mINFO [0;39m restartedMain] [org.springframework.boot.web.embedded.tomcat.TomcatWebServer] [36mTomcat started on port 8082 (http) with context path ''[0;39m
[2023-12-26 10:53:30 [32mINFO [0;39m restartedMain] [com.green.projectex.ProjectexApplication] [36mStarted ProjectexApplication in 1.709 seconds (process running for 2.161)[0;39m
[2023-12-26 11:47:06 [32mINFO [0;39m restartedMain] [com.green.projectex.ProjectexApplication] [36mStarting ProjectexApplication using Java 17.0.8.1 with PID 4288 (D:\2023-second\java\projectex\target\classes started by Administrator in D:\2023-second\java\projectex)[0;39m
[2023-12-26 11:47:06 [32mINFO [0;39m restartedMain] [com.green.projectex.ProjectexApplication] [36mNo active profile set, falling back to 1 default profile: "default"[0;39m
[2023-12-26 11:47:06 [32mINFO [0;39m restartedMain] [org.springframework.boot.devtools.env.DevToolsPropertyDefaultsPostProcessor] [36mDevtools property defaults active! Set 'spring.devtools.add-properties' to 'false' to disable[0;39m
[2023-12-26 11:47:06 [32mINFO [0;39m restartedMain] [org.springframework.boot.devtools.env.DevToolsPropertyDefaultsPostProcessor] [36mFor additional web related logging consider setting the 'logging.level.web' property to 'DEBUG'[0;39m
[2023-12-26 11:47:07 [32mINFO [0;39m restartedMain] [org.springframework.boot.web.embedded.tomcat.TomcatWebServer] [36mTomcat initialized with port 8082 (http)[0;39m
[2023-12-26 11:47:07 [32mINFO [0;39m restartedMain] [org.apache.coyote.http11.Http11NioProtocol] [36mInitializing ProtocolHandler ["http-nio-8082"][0;39m
[2023-12-26 11:47:07 [32mINFO [0;39m restartedMain] [org.apache.catalina.core.StandardService] [36mStarting service [Tomcat][0;39m
[2023-12-26 11:47:07 [32mINFO [0;39m restartedMain] [org.apache.catalina.core.StandardEngine] [36mStarting Servlet engine: [Apache Tomcat/10.1.16][0;39m
[2023-12-26 11:47:07 [32mINFO [0;39m restartedMain] [org.apache.catalina.core.ContainerBase.[Tomcat].[localhost].[/]] [36mInitializing Spring embedded WebApplicationContext[0;39m
[2023-12-26 11:47:07 [32mINFO [0;39m restartedMain] [org.springframework.boot.web.servlet.context.ServletWebServerApplicationContext] [36mRoot WebApplicationContext: initialization completed in 728 ms[0;39m
[2023-12-26 11:47:08 [32mINFO [0;39m restartedMain] [org.springframework.boot.devtools.autoconfigure.OptionalLiveReloadServer] [36mLiveReload server is running on port 35729[0;39m
[2023-12-26 11:47:08 [32mINFO [0;39m restartedMain] [org.apache.coyote.http11.Http11NioProtocol] [36mStarting ProtocolHandler ["http-nio-8082"][0;39m
[2023-12-26 11:47:08 [32mINFO [0;39m restartedMain] [org.springframework.boot.web.embedded.tomcat.TomcatWebServer] [36mTomcat started on port 8082 (http) with context path ''[0;39m
[2023-12-26 11:47:08 [32mINFO [0;39m restartedMain] [com.green.projectex.ProjectexApplication] [36mStarted ProjectexApplication in 1.581 seconds (process running for 1.938)[0;39m
[2023-12-26 11:47:16 [32mINFO [0;39m http-nio-8082-exec-1] [org.apache.catalina.core.ContainerBase.[Tomcat].[localhost].[/]] [36mInitializing Spring DispatcherServlet 'dispatcherServlet'[0;39m
[2023-12-26 11:47:16 [32mINFO [0;39m http-nio-8082-exec-1] [org.springframework.web.servlet.DispatcherServlet] [36mInitializing Servlet 'dispatcherServlet'[0;39m
[2023-12-26 11:47:16 [32mINFO [0;39m http-nio-8082-exec-1] [org.springframework.web.servlet.DispatcherServlet] [36mCompleted initialization in 0 ms[0;39m
[2023-12-26 11:47:16 [32mINFO [0;39m http-nio-8082-exec-3] [org.springdoc.api.AbstractOpenApiResource] [36mInit duration for springdoc-openapi is: 176 ms[0;39m
[2023-12-26 11:47:27 [32mINFO [0;39m http-nio-8082-exec-5] [com.green.projectex.product.ProductController] [36mdto: ProductPutDto(userPk=1, productPk=182, productNm=string, categoryPk=0, memo=string)[0;39m
[2023-12-26 11:47:27 [32mINFO [0;39m http-nio-8082-exec-5] [com.zaxxer.hikari.HikariDataSource] [36mHikariPool-1 - Starting...[0;39m
[2023-12-26 11:47:27 [32mINFO [0;39m http-nio-8082-exec-5] [com.zaxxer.hikari.pool.HikariPool] [36mHikariPool-1 - Added connection org.mariadb.jdbc.Connection@3f9ef207[0;39m
[2023-12-26 11:47:27 [32mINFO [0;39m http-nio-8082-exec-5] [com.zaxxer.hikari.HikariDataSource] [36mHikariPool-1 - Start completed.[0;39m
[2023-12-26 11:47:27 [33mWARN [0;39m http-nio-8082-exec-5] [org.springframework.web.servlet.mvc.method.annotation.ExceptionHandlerExceptionResolver] [36mResolved [com.green.projectex.errortest.CategoryNotFoundException: ID[182]: 잘못된 물건Pk가 입력 되었습니다][0;39m
[2023-12-26 11:47:44 [32mINFO [0;39m http-nio-8082-exec-4] [com.green.projectex.product.ProductController] [36mdto: ProductPutDto(userPk=1, productPk=140, productNm=string, categoryPk=0, memo=string)[0;39m
[2023-12-26 11:47:44 [33mWARN [0;39m http-nio-8082-exec-4] [org.springframework.web.servlet.mvc.method.annotation.ExceptionHandlerExceptionResolver] [36mResolved [com.green.projectex.errortest.CategoryNotFoundException: ID[0]: 존재하지 않는 카테고리 번호 입니다][0;39m
[2023-12-26 11:47:49 [32mINFO [0;39m http-nio-8082-exec-6] [com.green.projectex.product.ProductController] [36mdto: ProductPutDto(userPk=1, productPk=140, productNm=string, categoryPk=1, memo=string)[0;39m
[2023-12-26 11:52:51 [32mINFO [0;39m http-nio-8082-exec-2] [com.green.projectex.product.ProductController] [36mdto: ProductInsDto(productPk=0, userPk=1, categoryPk=3, productNm=string, memo=string)[0;39m
[2023-12-26 15:47:58 [32mINFO [0;39m File Watcher] [org.springframework.boot.devtools.autoconfigure.LocalDevToolsAutoConfiguration$RestartingClassPathChangeChangedEventListener] [36mRestarting due to 3 class path changes (0 additions, 1 deletion, 2 modifications)[0;39m
[2023-12-26 15:47:58 [32mINFO [0;39m Thread-5] [org.apache.coyote.http11.Http11NioProtocol] [36mStopping ProtocolHandler ["http-nio-8082"][0;39m
[2023-12-26 15:47:58 [32mINFO [0;39m Thread-5] [com.zaxxer.hikari.HikariDataSource] [36mHikariPool-1 - Shutdown initiated...[0;39m
[2023-12-26 15:47:58 [32mINFO [0;39m Thread-5] [com.zaxxer.hikari.HikariDataSource] [36mHikariPool-1 - Shutdown completed.[0;39m
[2023-12-26 15:47:58 [32mINFO [0;39m restartedMain] [com.green.projectex.ProjectexApplication] [36mStarting ProjectexApplication using Java 17.0.8.1 with PID 4288 (D:\2023-second\java\projectex\target\classes started by Administrator in D:\2023-second\java\projectex)[0;39m
[2023-12-26 15:47:58 [32mINFO [0;39m restartedMain] [com.green.projectex.ProjectexApplication] [36mNo active profile set, falling back to 1 default profile: "default"[0;39m
[2023-12-26 15:47:58 [32mINFO [0;39m restartedMain] [org.springframework.boot.web.embedded.tomcat.TomcatWebServer] [36mTomcat initialized with port 8082 (http)[0;39m
[2023-12-26 15:47:58 [32mINFO [0;39m restartedMain] [org.apache.coyote.http11.Http11NioProtocol] [36mInitializing ProtocolHandler ["http-nio-8082"][0;39m
[2023-12-26 15:47:58 [32mINFO [0;39m restartedMain] [org.apache.catalina.core.StandardService] [36mStarting service [Tomcat][0;39m
[2023-12-26 15:47:58 [32mINFO [0;39m restartedMain] [org.apache.catalina.core.StandardEngine] [36mStarting Servlet engine: [Apache Tomcat/10.1.16][0;39m
[2023-12-26 15:47:58 [32mINFO [0;39m restartedMain] [org.apache.catalina.core.ContainerBase.[Tomcat].[localhost].[/]] [36mInitializing Spring embedded WebApplicationContext[0;39m
[2023-12-26 15:47:58 [32mINFO [0;39m restartedMain] [org.springframework.boot.web.servlet.context.ServletWebServerApplicationContext] [36mRoot WebApplicationContext: initialization completed in 177 ms[0;39m
[2023-12-26 15:47:58 [32mINFO [0;39m restartedMain] [org.springframework.boot.devtools.autoconfigure.OptionalLiveReloadServer] [36mLiveReload server is running on port 35729[0;39m
[2023-12-26 15:47:58 [32mINFO [0;39m restartedMain] [org.apache.coyote.http11.Http11NioProtocol] [36mStarting ProtocolHandler ["http-nio-8082"][0;39m
[2023-12-26 15:47:58 [32mINFO [0;39m restartedMain] [org.springframework.boot.web.embedded.tomcat.TomcatWebServer] [36mTomcat started on port 8082 (http) with context path ''[0;39m
[2023-12-26 15:47:58 [32mINFO [0;39m restartedMain] [com.green.projectex.ProjectexApplication] [36mStarted ProjectexApplication in 0.327 seconds (process running for 14452.637)[0;39m
[2023-12-26 15:47:58 [32mINFO [0;39m restartedMain] [org.springframework.boot.devtools.autoconfigure.ConditionEvaluationDeltaLoggingListener] [36mCondition evaluation unchanged[0;39m
[2023-12-26 15:48:32 [32mINFO [0;39m restartedMain] [com.green.projectex.ProjectexApplication] [36mStarting ProjectexApplication using Java 17.0.8.1 with PID 7336 (D:\2023-second\java\projectex\target\classes started by Administrator in D:\2023-second\java\projectex)[0;39m
[2023-12-26 15:48:32 [32mINFO [0;39m restartedMain] [com.green.projectex.ProjectexApplication] [36mNo active profile set, falling back to 1 default profile: "default"[0;39m
[2023-12-26 15:48:32 [32mINFO [0;39m restartedMain] [org.springframework.boot.devtools.env.DevToolsPropertyDefaultsPostProcessor] [36mDevtools property defaults active! Set 'spring.devtools.add-properties' to 'false' to disable[0;39m
[2023-12-26 15:48:32 [32mINFO [0;39m restartedMain] [org.springframework.boot.devtools.env.DevToolsPropertyDefaultsPostProcessor] [36mFor additional web related logging consider setting the 'logging.level.web' property to 'DEBUG'[0;39m
[2023-12-26 15:48:33 [32mINFO [0;39m restartedMain] [org.springframework.boot.web.embedded.tomcat.TomcatWebServer] [36mTomcat initialized with port 8082 (http)[0;39m
[2023-12-26 15:48:33 [32mINFO [0;39m restartedMain] [org.apache.coyote.http11.Http11NioProtocol] [36mInitializing ProtocolHandler ["http-nio-8082"][0;39m
[2023-12-26 15:48:33 [32mINFO [0;39m restartedMain] [org.apache.catalina.core.StandardService] [36mStarting service [Tomcat][0;39m
[2023-12-26 15:48:33 [32mINFO [0;39m restartedMain] [org.apache.catalina.core.StandardEngine] [36mStarting Servlet engine: [Apache Tomcat/10.1.16][0;39m
[2023-12-26 15:48:33 [32mINFO [0;39m restartedMain] [org.apache.catalina.core.ContainerBase.[Tomcat].[localhost].[/]] [36mInitializing Spring embedded WebApplicationContext[0;39m
[2023-12-26 15:48:33 [32mINFO [0;39m restartedMain] [org.springframework.boot.web.servlet.context.ServletWebServerApplicationContext] [36mRoot WebApplicationContext: initialization completed in 737 ms[0;39m
[2023-12-26 15:48:34 [32mINFO [0;39m restartedMain] [org.springframework.boot.devtools.autoconfigure.OptionalLiveReloadServer] [36mLiveReload server is running on port 35729[0;39m
[2023-12-26 15:48:34 [32mINFO [0;39m restartedMain] [org.apache.coyote.http11.Http11NioProtocol] [36mStarting ProtocolHandler ["http-nio-8082"][0;39m
[2023-12-26 15:48:34 [32mINFO [0;39m restartedMain] [org.springframework.boot.web.embedded.tomcat.TomcatWebServer] [36mTomcat started on port 8082 (http) with context path ''[0;39m
[2023-12-26 15:48:34 [32mINFO [0;39m restartedMain] [com.green.projectex.ProjectexApplication] [36mStarted ProjectexApplication in 1.567 seconds (process running for 1.939)[0;39m
[2023-12-26 15:48:51 [32mINFO [0;39m http-nio-8082-exec-1] [org.apache.catalina.core.ContainerBase.[Tomcat].[localhost].[/]] [36mInitializing Spring DispatcherServlet 'dispatcherServlet'[0;39m
[2023-12-26 15:48:51 [32mINFO [0;39m http-nio-8082-exec-1] [org.springframework.web.servlet.DispatcherServlet] [36mInitializing Servlet 'dispatcherServlet'[0;39m
[2023-12-26 15:48:51 [32mINFO [0;39m http-nio-8082-exec-1] [org.springframework.web.servlet.DispatcherServlet] [36mCompleted initialization in 1 ms[0;39m
[2023-12-26 15:48:51 [32mINFO [0;39m http-nio-8082-exec-8] [org.springdoc.api.AbstractOpenApiResource] [36mInit duration for springdoc-openapi is: 163 ms[0;39m
[2023-12-26 15:48:58 [32mINFO [0;39m http-nio-8082-exec-5] [com.green.projectex.product.ProductController] [36mdto: ProductListDto(userPk=1, choiceList=0)[0;39m
[2023-12-26 15:48:58 [32mINFO [0;39m http-nio-8082-exec-5] [com.zaxxer.hikari.HikariDataSource] [36mHikariPool-1 - Starting...[0;39m
[2023-12-26 15:48:58 [32mINFO [0;39m http-nio-8082-exec-5] [com.zaxxer.hikari.pool.HikariPool] [36mHikariPool-1 - Added connection org.mariadb.jdbc.Connection@614e7ea3[0;39m
[2023-12-26 15:48:58 [32mINFO [0;39m http-nio-8082-exec-5] [com.zaxxer.hikari.HikariDataSource] [36mHikariPool-1 - Start completed.[0;39m
[2023-12-26 15:49:04 [32mINFO [0;39m http-nio-8082-exec-3] [com.green.projectex.product.ProductController] [36mdto: ProductListDto(userPk=1, choiceList=1)[0;39m
[2023-12-26 16:41:56 [32mINFO [0;39m http-nio-8082-exec-8] [com.green.projectex.product.ProductController] [36mdto: ProductCompleteDto(userPk=0, productPk=0)[0;39m
[2023-12-26 16:41:56 [33mWARN [0;39m http-nio-8082-exec-8] [org.springframework.web.servlet.mvc.method.annotation.ExceptionHandlerExceptionResolver] [36mResolved [com.green.projectex.errortest.CategoryNotFoundException: ID[0]: 존재하지 않는 유저 입니다][0;39m
[2023-12-26 16:50:28 [32mINFO [0;39m http-nio-8082-exec-8] [com.green.projectex.product.ProductController] [36mdto: ProductPutDto(userPk=0, productPk=0, productNm=string, categoryPk=0, memo=string)[0;39m
[2023-12-26 16:50:28 [33mWARN [0;39m http-nio-8082-exec-8] [org.springframework.web.servlet.mvc.method.annotation.ExceptionHandlerExceptionResolver] [36mResolved [com.green.projectex.errortest.CategoryNotFoundException: ID[0]: 존재하지 않는 유저 입니다][0;39m
[2023-12-26 16:50:38 [32mINFO [0;39m http-nio-8082-exec-3] [com.green.projectex.product.ProductController] [36mdto: ProductPutDto(userPk=0, productPk=0, productNm=string, categoryPk=0, memo=string)[0;39m
[2023-12-26 16:50:38 [33mWARN [0;39m http-nio-8082-exec-3] [org.springframework.web.servlet.mvc.method.annotation.ExceptionHandlerExceptionResolver] [36mResolved [com.green.projectex.errortest.CategoryNotFoundException: ID[0]: 존재하지 않는 유저 입니다][0;39m
[2023-12-26 16:55:06 [32mINFO [0;39m http-nio-8082-exec-5] [com.green.projectex.product.ProductController] [36mdto: ProductListDto(userPk=1, choiceList=0)[0;39m
[2023-12-26 16:59:19 [32mINFO [0;39m http-nio-8082-exec-10] [com.green.projectex.product.ProductController] [36mdto: ProductPutDto(userPk=0, productPk=0, productNm=string, categoryPk=0, memo=string)[0;39m
[2023-12-26 16:59:19 [33mWARN [0;39m http-nio-8082-exec-10] [org.springframework.web.servlet.mvc.method.annotation.ExceptionHandlerExceptionResolver] [36mResolved [com.green.projectex.errortest.CategoryNotFoundException: ID[0]: 존재하지 않는 유저 입니다][0;39m
[2023-12-26 17:23:01 [32mINFO [0;39m http-nio-8082-exec-7] [org.springdoc.api.AbstractOpenApiResource] [36mInit duration for springdoc-openapi is: 45 ms[0;39m
[2023-12-26 17:51:46 [32mINFO [0;39m File Watcher] [org.springframework.boot.devtools.autoconfigure.LocalDevToolsAutoConfiguration$RestartingClassPathChangeChangedEventListener] [36mRestarting due to 1 class path change (0 additions, 0 deletions, 1 modification)[0;39m
[2023-12-26 17:51:46 [32mINFO [0;39m Thread-5] [org.apache.coyote.http11.Http11NioProtocol] [36mStopping ProtocolHandler ["http-nio-8082"][0;39m
[2023-12-26 17:51:46 [32mINFO [0;39m Thread-5] [com.zaxxer.hikari.HikariDataSource] [36mHikariPool-1 - Shutdown initiated...[0;39m
[2023-12-26 17:51:46 [32mINFO [0;39m Thread-5] [com.zaxxer.hikari.HikariDataSource] [36mHikariPool-1 - Shutdown completed.[0;39m
[2023-12-26 17:51:46 [32mINFO [0;39m restartedMain] [com.green.projectex.ProjectexApplication] [36mStarting ProjectexApplication using Java 17.0.8.1 with PID 7336 (D:\2023-second\java\projectex\target\classes started by Administrator in D:\2023-second\java\projectex)[0;39m
[2023-12-26 17:51:46 [32mINFO [0;39m restartedMain] [com.green.projectex.ProjectexApplication] [36mNo active profile set, falling back to 1 default profile: "default"[0;39m
[2023-12-26 17:51:46 [32mINFO [0;39m restartedMain] [org.springframework.boot.web.embedded.tomcat.TomcatWebServer] [36mTomcat initialized with port 8082 (http)[0;39m
[2023-12-26 17:51:46 [32mINFO [0;39m restartedMain] [org.apache.coyote.http11.Http11NioProtocol] [36mInitializing ProtocolHandler ["http-nio-8082"][0;39m
[2023-12-26 17:51:46 [32mINFO [0;39m restartedMain] [org.apache.catalina.core.StandardService] [36mStarting service [Tomcat][0;39m
[2023-12-26 17:51:46 [32mINFO [0;39m restartedMain] [org.apache.catalina.core.StandardEngine] [36mStarting Servlet engine: [Apache Tomcat/10.1.16][0;39m
[2023-12-26 17:51:46 [32mINFO [0;39m restartedMain] [org.apache.catalina.core.ContainerBase.[Tomcat].[localhost].[/]] [36mInitializing Spring embedded WebApplicationContext[0;39m
[2023-12-26 17:51:46 [32mINFO [0;39m restartedMain] [org.springframework.boot.web.servlet.context.ServletWebServerApplicationContext] [36mRoot WebApplicationContext: initialization completed in 181 ms[0;39m
[2023-12-26 17:51:46 [32mINFO [0;39m restartedMain] [org.springframework.boot.devtools.autoconfigure.OptionalLiveReloadServer] [36mLiveReload server is running on port 35729[0;39m
[2023-12-26 17:51:46 [32mINFO [0;39m restartedMain] [org.apache.coyote.http11.Http11NioProtocol] [36mStarting ProtocolHandler ["http-nio-8082"][0;39m
[2023-12-26 17:51:46 [32mINFO [0;39m restartedMain] [org.springframework.boot.web.embedded.tomcat.TomcatWebServer] [36mTomcat started on port 8082 (http) with context path ''[0;39m
[2023-12-26 17:51:46 [32mINFO [0;39m restartedMain] [com.green.projectex.ProjectexApplication] [36mStarted ProjectexApplication in 0.341 seconds (process running for 7394.253)[0;39m
[2023-12-26 17:51:46 [32mINFO [0;39m restartedMain] [org.springframework.boot.devtools.autoconfigure.ConditionEvaluationDeltaLoggingListener] [36mCondition evaluation unchanged[0;39m
