[2023-12-28 09:40:59 [32mINFO [0;39m restartedMain] [com.green.projectex.ProjectexApplication] [36mStarting ProjectexApplication using Java 17.0.8.1 with PID 3736 (D:\2023-second\java\projectex\target\classes started by Administrator in D:\2023-second\java\projectex)[0;39m
[2023-12-28 09:40:59 [32mINFO [0;39m restartedMain] [com.green.projectex.ProjectexApplication] [36mNo active profile set, falling back to 1 default profile: "default"[0;39m
[2023-12-28 09:40:59 [32mINFO [0;39m restartedMain] [org.springframework.boot.devtools.env.DevToolsPropertyDefaultsPostProcessor] [36mDevtools property defaults active! Set 'spring.devtools.add-properties' to 'false' to disable[0;39m
[2023-12-28 09:40:59 [32mINFO [0;39m restartedMain] [org.springframework.boot.devtools.env.DevToolsPropertyDefaultsPostProcessor] [36mFor additional web related logging consider setting the 'logging.level.web' property to 'DEBUG'[0;39m
[2023-12-28 09:41:00 [32mINFO [0;39m restartedMain] [org.springframework.boot.web.embedded.tomcat.TomcatWebServer] [36mTomcat initialized with port 8082 (http)[0;39m
[2023-12-28 09:41:00 [32mINFO [0;39m restartedMain] [org.apache.coyote.http11.Http11NioProtocol] [36mInitializing ProtocolHandler ["http-nio-8082"][0;39m
[2023-12-28 09:41:00 [32mINFO [0;39m restartedMain] [org.apache.catalina.core.StandardService] [36mStarting service [Tomcat][0;39m
[2023-12-28 09:41:00 [32mINFO [0;39m restartedMain] [org.apache.catalina.core.StandardEngine] [36mStarting Servlet engine: [Apache Tomcat/10.1.16][0;39m
[2023-12-28 09:41:00 [32mINFO [0;39m restartedMain] [org.apache.catalina.core.ContainerBase.[Tomcat].[localhost].[/]] [36mInitializing Spring embedded WebApplicationContext[0;39m
[2023-12-28 09:41:00 [32mINFO [0;39m restartedMain] [org.springframework.boot.web.servlet.context.ServletWebServerApplicationContext] [36mRoot WebApplicationContext: initialization completed in 872 ms[0;39m
[2023-12-28 09:41:00 [32mINFO [0;39m restartedMain] [org.springframework.boot.autoconfigure.web.servlet.WelcomePageHandlerMapping] [36mAdding welcome page: class path resource [static/index.html][0;39m
[2023-12-28 09:41:00 [32mINFO [0;39m restartedMain] [org.springframework.boot.devtools.autoconfigure.OptionalLiveReloadServer] [36mLiveReload server is running on port 35729[0;39m
[2023-12-28 09:41:00 [32mINFO [0;39m restartedMain] [org.apache.coyote.http11.Http11NioProtocol] [36mStarting ProtocolHandler ["http-nio-8082"][0;39m
[2023-12-28 09:41:00 [32mINFO [0;39m restartedMain] [org.springframework.boot.web.embedded.tomcat.TomcatWebServer] [36mTomcat started on port 8082 (http) with context path ''[0;39m
[2023-12-28 09:41:00 [32mINFO [0;39m restartedMain] [com.green.projectex.ProjectexApplication] [36mStarted ProjectexApplication in 1.976 seconds (process running for 2.743)[0;39m
[2023-12-28 09:41:18 [32mINFO [0;39m http-nio-8082-exec-1] [org.apache.catalina.core.ContainerBase.[Tomcat].[localhost].[/]] [36mInitializing Spring DispatcherServlet 'dispatcherServlet'[0;39m
[2023-12-28 09:41:18 [32mINFO [0;39m http-nio-8082-exec-1] [org.springframework.web.servlet.DispatcherServlet] [36mInitializing Servlet 'dispatcherServlet'[0;39m
[2023-12-28 09:41:18 [32mINFO [0;39m http-nio-8082-exec-1] [org.springframework.web.servlet.DispatcherServlet] [36mCompleted initialization in 1 ms[0;39m
[2023-12-28 09:41:22 [32mINFO [0;39m http-nio-8082-exec-9] [com.zaxxer.hikari.HikariDataSource] [36mHikariPool-1 - Starting...[0;39m
[2023-12-28 09:41:22 [32mINFO [0;39m http-nio-8082-exec-9] [com.zaxxer.hikari.pool.HikariPool] [36mHikariPool-1 - Added connection org.mariadb.jdbc.Connection@6369f4b3[0;39m
[2023-12-28 09:41:22 [32mINFO [0;39m http-nio-8082-exec-9] [com.zaxxer.hikari.HikariDataSource] [36mHikariPool-1 - Start completed.[0;39m
[2023-12-28 09:41:24 [32mINFO [0;39m http-nio-8082-exec-1] [com.green.projectex.product.ProductController] [36mdto: ProductListDto(userPk=2, choiceList=0)[0;39m
[2023-12-28 09:41:27 [32mINFO [0;39m http-nio-8082-exec-1] [com.green.projectex.product.ProductController] [36mdto: ProductInsDto(productPk=0, userPk=2, categoryPk=0, productNm=dd, memo=dd)[0;39m
[2023-12-28 09:41:27 [33mWARN [0;39m http-nio-8082-exec-1] [org.springframework.web.servlet.mvc.method.annotation.ExceptionHandlerExceptionResolver] [36mResolved [com.green.projectex.errortest.CategoryNotFoundException: ID[0]: 존재하지 않는 카테고리 번호 입니다][0;39m
[2023-12-28 09:42:06 [32mINFO [0;39m File Watcher] [org.springframework.boot.devtools.autoconfigure.LocalDevToolsAutoConfiguration$RestartingClassPathChangeChangedEventListener] [36mRestarting due to 1 class path change (0 additions, 1 deletion, 0 modifications)[0;39m
[2023-12-28 09:42:06 [32mINFO [0;39m Thread-5] [org.apache.coyote.http11.Http11NioProtocol] [36mStopping ProtocolHandler ["http-nio-8082"][0;39m
[2023-12-28 09:42:06 [32mINFO [0;39m Thread-5] [com.zaxxer.hikari.HikariDataSource] [36mHikariPool-1 - Shutdown initiated...[0;39m
[2023-12-28 09:42:06 [32mINFO [0;39m Thread-5] [com.zaxxer.hikari.HikariDataSource] [36mHikariPool-1 - Shutdown completed.[0;39m
[2023-12-28 09:42:06 [32mINFO [0;39m restartedMain] [com.green.projectex.ProjectexApplication] [36mStarting ProjectexApplication using Java 17.0.8.1 with PID 3736 (D:\2023-second\java\projectex\target\classes started by Administrator in D:\2023-second\java\projectex)[0;39m
[2023-12-28 09:42:06 [32mINFO [0;39m restartedMain] [com.green.projectex.ProjectexApplication] [36mNo active profile set, falling back to 1 default profile: "default"[0;39m
[2023-12-28 09:42:06 [32mINFO [0;39m restartedMain] [org.springframework.boot.web.embedded.tomcat.TomcatWebServer] [36mTomcat initialized with port 8082 (http)[0;39m
[2023-12-28 09:42:06 [32mINFO [0;39m restartedMain] [org.apache.coyote.http11.Http11NioProtocol] [36mInitializing ProtocolHandler ["http-nio-8082"][0;39m
[2023-12-28 09:42:06 [32mINFO [0;39m restartedMain] [org.apache.catalina.core.StandardService] [36mStarting service [Tomcat][0;39m
[2023-12-28 09:42:06 [32mINFO [0;39m restartedMain] [org.apache.catalina.core.StandardEngine] [36mStarting Servlet engine: [Apache Tomcat/10.1.16][0;39m
[2023-12-28 09:42:06 [32mINFO [0;39m restartedMain] [org.apache.catalina.core.ContainerBase.[Tomcat].[localhost].[/]] [36mInitializing Spring embedded WebApplicationContext[0;39m
[2023-12-28 09:42:06 [32mINFO [0;39m restartedMain] [org.springframework.boot.web.servlet.context.ServletWebServerApplicationContext] [36mRoot WebApplicationContext: initialization completed in 185 ms[0;39m
[2023-12-28 09:42:06 [32mINFO [0;39m restartedMain] [org.springframework.boot.autoconfigure.web.servlet.WelcomePageHandlerMapping] [36mAdding welcome page: class path resource [static/index.html][0;39m
[2023-12-28 09:42:07 [32mINFO [0;39m restartedMain] [org.springframework.boot.devtools.autoconfigure.OptionalLiveReloadServer] [36mLiveReload server is running on port 35729[0;39m
[2023-12-28 09:42:07 [32mINFO [0;39m restartedMain] [org.apache.coyote.http11.Http11NioProtocol] [36mStarting ProtocolHandler ["http-nio-8082"][0;39m
[2023-12-28 09:42:07 [32mINFO [0;39m restartedMain] [org.springframework.boot.web.embedded.tomcat.TomcatWebServer] [36mTomcat started on port 8082 (http) with context path ''[0;39m
[2023-12-28 09:42:07 [32mINFO [0;39m restartedMain] [com.green.projectex.ProjectexApplication] [36mStarted ProjectexApplication in 0.412 seconds (process running for 69.072)[0;39m
[2023-12-28 09:42:07 [32mINFO [0;39m restartedMain] [org.springframework.boot.devtools.autoconfigure.ConditionEvaluationDeltaLoggingListener] [36mCondition evaluation unchanged[0;39m
[2023-12-28 09:42:08 [32mINFO [0;39m http-nio-8082-exec-1] [org.apache.catalina.core.ContainerBase.[Tomcat].[localhost].[/]] [36mInitializing Spring DispatcherServlet 'dispatcherServlet'[0;39m
[2023-12-28 09:42:08 [32mINFO [0;39m http-nio-8082-exec-1] [org.springframework.web.servlet.DispatcherServlet] [36mInitializing Servlet 'dispatcherServlet'[0;39m
[2023-12-28 09:42:08 [32mINFO [0;39m http-nio-8082-exec-1] [org.springframework.web.servlet.DispatcherServlet] [36mCompleted initialization in 1 ms[0;39m
[2023-12-28 09:42:08 [32mINFO [0;39m File Watcher] [org.springframework.boot.devtools.autoconfigure.LocalDevToolsAutoConfiguration$RestartingClassPathChangeChangedEventListener] [36mRestarting due to 1 class path change (1 addition, 0 deletions, 0 modifications)[0;39m
[2023-12-28 09:42:08 [32mINFO [0;39m Thread-7] [org.apache.coyote.http11.Http11NioProtocol] [36mStopping ProtocolHandler ["http-nio-8082"][0;39m
[2023-12-28 09:42:08 [32mINFO [0;39m restartedMain] [com.green.projectex.ProjectexApplication] [36mStarting ProjectexApplication using Java 17.0.8.1 with PID 3736 (D:\2023-second\java\projectex\target\classes started by Administrator in D:\2023-second\java\projectex)[0;39m
[2023-12-28 09:42:08 [32mINFO [0;39m restartedMain] [com.green.projectex.ProjectexApplication] [36mNo active profile set, falling back to 1 default profile: "default"[0;39m
[2023-12-28 09:42:08 [32mINFO [0;39m restartedMain] [org.springframework.boot.web.embedded.tomcat.TomcatWebServer] [36mTomcat initialized with port 8082 (http)[0;39m
[2023-12-28 09:42:08 [32mINFO [0;39m restartedMain] [org.apache.coyote.http11.Http11NioProtocol] [36mInitializing ProtocolHandler ["http-nio-8082"][0;39m
[2023-12-28 09:42:08 [32mINFO [0;39m restartedMain] [org.apache.catalina.core.StandardService] [36mStarting service [Tomcat][0;39m
[2023-12-28 09:42:08 [32mINFO [0;39m restartedMain] [org.apache.catalina.core.StandardEngine] [36mStarting Servlet engine: [Apache Tomcat/10.1.16][0;39m
[2023-12-28 09:42:08 [32mINFO [0;39m restartedMain] [org.apache.catalina.core.ContainerBase.[Tomcat].[localhost].[/]] [36mInitializing Spring embedded WebApplicationContext[0;39m
[2023-12-28 09:42:08 [32mINFO [0;39m restartedMain] [org.springframework.boot.web.servlet.context.ServletWebServerApplicationContext] [36mRoot WebApplicationContext: initialization completed in 158 ms[0;39m
[2023-12-28 09:42:08 [32mINFO [0;39m restartedMain] [org.springframework.boot.autoconfigure.web.servlet.WelcomePageHandlerMapping] [36mAdding welcome page: class path resource [static/index.html][0;39m
[2023-12-28 09:42:08 [32mINFO [0;39m restartedMain] [org.springframework.boot.devtools.autoconfigure.OptionalLiveReloadServer] [36mLiveReload server is running on port 35729[0;39m
[2023-12-28 09:42:08 [32mINFO [0;39m restartedMain] [org.apache.coyote.http11.Http11NioProtocol] [36mStarting ProtocolHandler ["http-nio-8082"][0;39m
[2023-12-28 09:42:08 [32mINFO [0;39m restartedMain] [org.springframework.boot.web.embedded.tomcat.TomcatWebServer] [36mTomcat started on port 8082 (http) with context path ''[0;39m
[2023-12-28 09:42:08 [32mINFO [0;39m restartedMain] [com.green.projectex.ProjectexApplication] [36mStarted ProjectexApplication in 0.29 seconds (process running for 70.826)[0;39m
[2023-12-28 09:42:08 [32mINFO [0;39m restartedMain] [org.springframework.boot.devtools.autoconfigure.ConditionEvaluationDeltaLoggingListener] [36mCondition evaluation unchanged[0;39m
[2023-12-28 09:42:09 [32mINFO [0;39m http-nio-8082-exec-1] [org.apache.catalina.core.ContainerBase.[Tomcat].[localhost].[/]] [36mInitializing Spring DispatcherServlet 'dispatcherServlet'[0;39m
[2023-12-28 09:42:09 [32mINFO [0;39m http-nio-8082-exec-1] [org.springframework.web.servlet.DispatcherServlet] [36mInitializing Servlet 'dispatcherServlet'[0;39m
[2023-12-28 09:42:09 [32mINFO [0;39m http-nio-8082-exec-1] [org.springframework.web.servlet.DispatcherServlet] [36mCompleted initialization in 1 ms[0;39m
[2023-12-28 09:42:09 [32mINFO [0;39m http-nio-8082-exec-1] [com.zaxxer.hikari.HikariDataSource] [36mHikariPool-2 - Starting...[0;39m
[2023-12-28 09:42:09 [32mINFO [0;39m http-nio-8082-exec-1] [com.zaxxer.hikari.pool.HikariPool] [36mHikariPool-2 - Added connection org.mariadb.jdbc.Connection@2c2daeb8[0;39m
[2023-12-28 09:42:09 [32mINFO [0;39m http-nio-8082-exec-1] [com.zaxxer.hikari.HikariDataSource] [36mHikariPool-2 - Start completed.[0;39m
[2023-12-28 09:42:11 [32mINFO [0;39m http-nio-8082-exec-4] [com.green.projectex.product.ProductController] [36mdto: ProductListDto(userPk=2, choiceList=0)[0;39m
[2023-12-28 09:42:21 [32mINFO [0;39m http-nio-8082-exec-8] [com.green.projectex.product.ProductController] [36mdto: ProductListDto(userPk=1, choiceList=0)[0;39m
[2023-12-28 09:42:25 [32mINFO [0;39m http-nio-8082-exec-8] [com.green.projectex.product.ProductController] [36mdto: ProductInsDto(productPk=0, userPk=1, categoryPk=0, productNm=ddd, memo=ddd)[0;39m
[2023-12-28 09:42:25 [33mWARN [0;39m http-nio-8082-exec-8] [org.springframework.web.servlet.mvc.method.annotation.ExceptionHandlerExceptionResolver] [36mResolved [com.green.projectex.errortest.CategoryNotFoundException: ID[0]: 존재하지 않는 카테고리 번호 입니다][0;39m
[2023-12-28 09:42:38 [32mINFO [0;39m http-nio-8082-exec-5] [com.green.projectex.product.ProductController] [36mdto: ProductListDto(userPk=1, choiceList=0)[0;39m
[2023-12-28 09:43:16 [32mINFO [0;39m File Watcher] [org.springframework.boot.devtools.autoconfigure.LocalDevToolsAutoConfiguration$RestartingClassPathChangeChangedEventListener] [36mRestarting due to 1 class path change (0 additions, 0 deletions, 1 modification)[0;39m
[2023-12-28 09:43:16 [32mINFO [0;39m Thread-11] [org.apache.coyote.http11.Http11NioProtocol] [36mStopping ProtocolHandler ["http-nio-8082"][0;39m
[2023-12-28 09:43:16 [32mINFO [0;39m Thread-11] [com.zaxxer.hikari.HikariDataSource] [36mHikariPool-2 - Shutdown initiated...[0;39m
[2023-12-28 09:43:16 [32mINFO [0;39m Thread-11] [com.zaxxer.hikari.HikariDataSource] [36mHikariPool-2 - Shutdown completed.[0;39m
[2023-12-28 09:43:16 [32mINFO [0;39m restartedMain] [com.green.projectex.ProjectexApplication] [36mStarting ProjectexApplication using Java 17.0.8.1 with PID 3736 (D:\2023-second\java\projectex\target\classes started by Administrator in D:\2023-second\java\projectex)[0;39m
[2023-12-28 09:43:16 [32mINFO [0;39m restartedMain] [com.green.projectex.ProjectexApplication] [36mNo active profile set, falling back to 1 default profile: "default"[0;39m
[2023-12-28 09:43:16 [32mINFO [0;39m restartedMain] [org.springframework.boot.web.embedded.tomcat.TomcatWebServer] [36mTomcat initialized with port 8082 (http)[0;39m
[2023-12-28 09:43:16 [32mINFO [0;39m restartedMain] [org.apache.coyote.http11.Http11NioProtocol] [36mInitializing ProtocolHandler ["http-nio-8082"][0;39m
[2023-12-28 09:43:16 [32mINFO [0;39m restartedMain] [org.apache.catalina.core.StandardService] [36mStarting service [Tomcat][0;39m
[2023-12-28 09:43:16 [32mINFO [0;39m restartedMain] [org.apache.catalina.core.StandardEngine] [36mStarting Servlet engine: [Apache Tomcat/10.1.16][0;39m
[2023-12-28 09:43:16 [32mINFO [0;39m restartedMain] [org.apache.catalina.core.ContainerBase.[Tomcat].[localhost].[/]] [36mInitializing Spring embedded WebApplicationContext[0;39m
[2023-12-28 09:43:16 [32mINFO [0;39m restartedMain] [org.springframework.boot.web.servlet.context.ServletWebServerApplicationContext] [36mRoot WebApplicationContext: initialization completed in 168 ms[0;39m
[2023-12-28 09:43:16 [32mINFO [0;39m restartedMain] [org.springframework.boot.autoconfigure.web.servlet.WelcomePageHandlerMapping] [36mAdding welcome page: class path resource [static/index.html][0;39m
[2023-12-28 09:43:16 [32mINFO [0;39m restartedMain] [org.springframework.boot.devtools.autoconfigure.OptionalLiveReloadServer] [36mLiveReload server is running on port 35729[0;39m
[2023-12-28 09:43:16 [32mINFO [0;39m restartedMain] [org.apache.coyote.http11.Http11NioProtocol] [36mStarting ProtocolHandler ["http-nio-8082"][0;39m
[2023-12-28 09:43:16 [32mINFO [0;39m restartedMain] [org.springframework.boot.web.embedded.tomcat.TomcatWebServer] [36mTomcat started on port 8082 (http) with context path ''[0;39m
[2023-12-28 09:43:16 [32mINFO [0;39m restartedMain] [com.green.projectex.ProjectexApplication] [36mStarted ProjectexApplication in 0.348 seconds (process running for 138.529)[0;39m
[2023-12-28 09:43:16 [32mINFO [0;39m restartedMain] [org.springframework.boot.devtools.autoconfigure.ConditionEvaluationDeltaLoggingListener] [36mCondition evaluation unchanged[0;39m
[2023-12-28 09:43:27 [32mINFO [0;39m http-nio-8082-exec-1] [org.apache.catalina.core.ContainerBase.[Tomcat].[localhost].[/]] [36mInitializing Spring DispatcherServlet 'dispatcherServlet'[0;39m
[2023-12-28 09:43:27 [32mINFO [0;39m http-nio-8082-exec-1] [org.springframework.web.servlet.DispatcherServlet] [36mInitializing Servlet 'dispatcherServlet'[0;39m
[2023-12-28 09:43:27 [32mINFO [0;39m http-nio-8082-exec-1] [org.springframework.web.servlet.DispatcherServlet] [36mCompleted initialization in 1 ms[0;39m
[2023-12-28 09:43:27 [32mINFO [0;39m http-nio-8082-exec-1] [com.green.projectex.product.ProductController] [36mdto: ProductInsDto(productPk=0, userPk=1, categoryPk=0, productNm=ddd, memo=ddd)[0;39m
[2023-12-28 09:43:27 [32mINFO [0;39m http-nio-8082-exec-1] [com.zaxxer.hikari.HikariDataSource] [36mHikariPool-3 - Starting...[0;39m
[2023-12-28 09:43:27 [32mINFO [0;39m http-nio-8082-exec-1] [com.zaxxer.hikari.pool.HikariPool] [36mHikariPool-3 - Added connection org.mariadb.jdbc.Connection@fe8b8fe[0;39m
[2023-12-28 09:43:27 [32mINFO [0;39m http-nio-8082-exec-1] [com.zaxxer.hikari.HikariDataSource] [36mHikariPool-3 - Start completed.[0;39m
[2023-12-28 09:43:28 [32mINFO [0;39m http-nio-8082-exec-2] [com.green.projectex.product.ProductController] [36mdto: ProductListDto(userPk=1, choiceList=0)[0;39m
[2023-12-28 09:43:32 [32mINFO [0;39m http-nio-8082-exec-4] [com.green.projectex.product.ProductController] [36mdto: ProductListDto(userPk=1, choiceList=1)[0;39m
[2023-12-28 09:43:32 [32mINFO [0;39m http-nio-8082-exec-10] [com.green.projectex.product.ProductController] [36mdto: ProductListDto(userPk=1, choiceList=0)[0;39m
[2023-12-28 09:43:38 [32mINFO [0;39m http-nio-8082-exec-10] [com.green.projectex.product.ProductController] [36mdto: ProductInsDto(productPk=0, userPk=1, categoryPk=0, productNm=ddd, memo=ddd)[0;39m
[2023-12-28 09:43:39 [32mINFO [0;39m http-nio-8082-exec-7] [com.green.projectex.product.ProductController] [36mdto: ProductListDto(userPk=1, choiceList=0)[0;39m
[2023-12-28 09:44:54 [32mINFO [0;39m File Watcher] [org.springframework.boot.devtools.autoconfigure.LocalDevToolsAutoConfiguration$RestartingClassPathChangeChangedEventListener] [36mRestarting due to 1 class path change (0 additions, 0 deletions, 1 modification)[0;39m
[2023-12-28 09:44:54 [32mINFO [0;39m Thread-15] [org.apache.coyote.http11.Http11NioProtocol] [36mStopping ProtocolHandler ["http-nio-8082"][0;39m
[2023-12-28 09:44:54 [32mINFO [0;39m Thread-15] [com.zaxxer.hikari.HikariDataSource] [36mHikariPool-3 - Shutdown initiated...[0;39m
[2023-12-28 09:44:54 [32mINFO [0;39m Thread-15] [com.zaxxer.hikari.HikariDataSource] [36mHikariPool-3 - Shutdown completed.[0;39m
[2023-12-28 09:44:54 [32mINFO [0;39m restartedMain] [com.green.projectex.ProjectexApplication] [36mStarting ProjectexApplication using Java 17.0.8.1 with PID 3736 (D:\2023-second\java\projectex\target\classes started by Administrator in D:\2023-second\java\projectex)[0;39m
[2023-12-28 09:44:54 [32mINFO [0;39m restartedMain] [com.green.projectex.ProjectexApplication] [36mNo active profile set, falling back to 1 default profile: "default"[0;39m
[2023-12-28 09:44:54 [32mINFO [0;39m restartedMain] [org.springframework.boot.web.embedded.tomcat.TomcatWebServer] [36mTomcat initialized with port 8082 (http)[0;39m
[2023-12-28 09:44:54 [32mINFO [0;39m restartedMain] [org.apache.coyote.http11.Http11NioProtocol] [36mInitializing ProtocolHandler ["http-nio-8082"][0;39m
[2023-12-28 09:44:54 [32mINFO [0;39m restartedMain] [org.apache.catalina.core.StandardService] [36mStarting service [Tomcat][0;39m
[2023-12-28 09:44:54 [32mINFO [0;39m restartedMain] [org.apache.catalina.core.StandardEngine] [36mStarting Servlet engine: [Apache Tomcat/10.1.16][0;39m
[2023-12-28 09:44:54 [32mINFO [0;39m restartedMain] [org.apache.catalina.core.ContainerBase.[Tomcat].[localhost].[/]] [36mInitializing Spring embedded WebApplicationContext[0;39m
[2023-12-28 09:44:54 [32mINFO [0;39m restartedMain] [org.springframework.boot.web.servlet.context.ServletWebServerApplicationContext] [36mRoot WebApplicationContext: initialization completed in 142 ms[0;39m
[2023-12-28 09:44:54 [32mINFO [0;39m restartedMain] [org.springframework.boot.autoconfigure.web.servlet.WelcomePageHandlerMapping] [36mAdding welcome page: class path resource [static/index.html][0;39m
[2023-12-28 09:44:54 [32mINFO [0;39m restartedMain] [org.springframework.boot.devtools.autoconfigure.OptionalLiveReloadServer] [36mLiveReload server is running on port 35729[0;39m
[2023-12-28 09:44:54 [32mINFO [0;39m restartedMain] [org.apache.coyote.http11.Http11NioProtocol] [36mStarting ProtocolHandler ["http-nio-8082"][0;39m
[2023-12-28 09:44:54 [32mINFO [0;39m restartedMain] [org.springframework.boot.web.embedded.tomcat.TomcatWebServer] [36mTomcat started on port 8082 (http) with context path ''[0;39m
[2023-12-28 09:44:54 [32mINFO [0;39m restartedMain] [com.green.projectex.ProjectexApplication] [36mStarted ProjectexApplication in 0.275 seconds (process running for 236.787)[0;39m
[2023-12-28 09:44:54 [32mINFO [0;39m restartedMain] [org.springframework.boot.devtools.autoconfigure.ConditionEvaluationDeltaLoggingListener] [36mCondition evaluation unchanged[0;39m
[2023-12-28 09:45:00 [32mINFO [0;39m http-nio-8082-exec-1] [org.apache.catalina.core.ContainerBase.[Tomcat].[localhost].[/]] [36mInitializing Spring DispatcherServlet 'dispatcherServlet'[0;39m
[2023-12-28 09:45:00 [32mINFO [0;39m http-nio-8082-exec-1] [org.springframework.web.servlet.DispatcherServlet] [36mInitializing Servlet 'dispatcherServlet'[0;39m
[2023-12-28 09:45:00 [32mINFO [0;39m http-nio-8082-exec-1] [org.springframework.web.servlet.DispatcherServlet] [36mCompleted initialization in 1 ms[0;39m
[2023-12-28 09:45:00 [33mWARN [0;39m http-nio-8082-exec-1] [org.springframework.web.servlet.mvc.method.annotation.ExceptionHandlerExceptionResolver] [36mResolved [org.springframework.http.converter.HttpMessageNotReadableException: JSON parse error: Cannot deserialize value of type `int` from String "카테고리를 선택해주세요": not a valid `int` value][0;39m
[2023-12-28 09:45:02 [32mINFO [0;39m http-nio-8082-exec-3] [com.zaxxer.hikari.HikariDataSource] [36mHikariPool-4 - Starting...[0;39m
[2023-12-28 09:45:02 [32mINFO [0;39m http-nio-8082-exec-3] [com.zaxxer.hikari.pool.HikariPool] [36mHikariPool-4 - Added connection org.mariadb.jdbc.Connection@97016b8[0;39m
[2023-12-28 09:45:02 [32mINFO [0;39m http-nio-8082-exec-3] [com.zaxxer.hikari.HikariDataSource] [36mHikariPool-4 - Start completed.[0;39m
[2023-12-28 09:45:10 [32mINFO [0;39m http-nio-8082-exec-7] [com.green.projectex.product.ProductController] [36mdto: ProductListDto(userPk=1, choiceList=0)[0;39m
[2023-12-28 09:45:15 [32mINFO [0;39m http-nio-8082-exec-7] [com.green.projectex.product.ProductController] [36mdto: ProductInsDto(productPk=0, userPk=1, categoryPk=0, productNm=ddd, memo=ddd)[0;39m
[2023-12-28 09:45:15 [33mWARN [0;39m http-nio-8082-exec-7] [org.springframework.web.servlet.mvc.method.annotation.ExceptionHandlerExceptionResolver] [36mResolved [com.green.projectex.errortest.CategoryNotFoundException: 없는 카테고리][0;39m
[2023-12-28 09:45:34 [32mINFO [0;39m File Watcher] [org.springframework.boot.devtools.autoconfigure.LocalDevToolsAutoConfiguration$RestartingClassPathChangeChangedEventListener] [36mRestarting due to 1 class path change (0 additions, 0 deletions, 1 modification)[0;39m
[2023-12-28 09:45:34 [32mINFO [0;39m Thread-19] [org.apache.coyote.http11.Http11NioProtocol] [36mStopping ProtocolHandler ["http-nio-8082"][0;39m
[2023-12-28 09:45:34 [32mINFO [0;39m Thread-19] [com.zaxxer.hikari.HikariDataSource] [36mHikariPool-4 - Shutdown initiated...[0;39m
[2023-12-28 09:45:34 [32mINFO [0;39m Thread-19] [com.zaxxer.hikari.HikariDataSource] [36mHikariPool-4 - Shutdown completed.[0;39m
[2023-12-28 09:45:34 [32mINFO [0;39m restartedMain] [com.green.projectex.ProjectexApplication] [36mStarting ProjectexApplication using Java 17.0.8.1 with PID 3736 (D:\2023-second\java\projectex\target\classes started by Administrator in D:\2023-second\java\projectex)[0;39m
[2023-12-28 09:45:34 [32mINFO [0;39m restartedMain] [com.green.projectex.ProjectexApplication] [36mNo active profile set, falling back to 1 default profile: "default"[0;39m
[2023-12-28 09:45:34 [32mINFO [0;39m restartedMain] [org.springframework.boot.web.embedded.tomcat.TomcatWebServer] [36mTomcat initialized with port 8082 (http)[0;39m
[2023-12-28 09:45:34 [32mINFO [0;39m restartedMain] [org.apache.coyote.http11.Http11NioProtocol] [36mInitializing ProtocolHandler ["http-nio-8082"][0;39m
[2023-12-28 09:45:34 [32mINFO [0;39m restartedMain] [org.apache.catalina.core.StandardService] [36mStarting service [Tomcat][0;39m
[2023-12-28 09:45:34 [32mINFO [0;39m restartedMain] [org.apache.catalina.core.StandardEngine] [36mStarting Servlet engine: [Apache Tomcat/10.1.16][0;39m
[2023-12-28 09:45:34 [32mINFO [0;39m restartedMain] [org.apache.catalina.core.ContainerBase.[Tomcat].[localhost].[/]] [36mInitializing Spring embedded WebApplicationContext[0;39m
[2023-12-28 09:45:34 [32mINFO [0;39m restartedMain] [org.springframework.boot.web.servlet.context.ServletWebServerApplicationContext] [36mRoot WebApplicationContext: initialization completed in 147 ms[0;39m
[2023-12-28 09:45:34 [32mINFO [0;39m restartedMain] [org.springframework.boot.autoconfigure.web.servlet.WelcomePageHandlerMapping] [36mAdding welcome page: class path resource [static/index.html][0;39m
[2023-12-28 09:45:34 [32mINFO [0;39m restartedMain] [org.springframework.boot.devtools.autoconfigure.OptionalLiveReloadServer] [36mLiveReload server is running on port 35729[0;39m
[2023-12-28 09:45:34 [32mINFO [0;39m restartedMain] [org.apache.coyote.http11.Http11NioProtocol] [36mStarting ProtocolHandler ["http-nio-8082"][0;39m
[2023-12-28 09:45:34 [32mINFO [0;39m restartedMain] [org.springframework.boot.web.embedded.tomcat.TomcatWebServer] [36mTomcat started on port 8082 (http) with context path ''[0;39m
[2023-12-28 09:45:34 [32mINFO [0;39m restartedMain] [com.green.projectex.ProjectexApplication] [36mStarted ProjectexApplication in 0.268 seconds (process running for 276.435)[0;39m
[2023-12-28 09:45:34 [32mINFO [0;39m restartedMain] [org.springframework.boot.devtools.autoconfigure.ConditionEvaluationDeltaLoggingListener] [36mCondition evaluation unchanged[0;39m
[2023-12-28 09:45:34 [32mINFO [0;39m http-nio-8082-exec-1] [org.apache.catalina.core.ContainerBase.[Tomcat].[localhost].[/]] [36mInitializing Spring DispatcherServlet 'dispatcherServlet'[0;39m
[2023-12-28 09:45:34 [32mINFO [0;39m http-nio-8082-exec-1] [org.springframework.web.servlet.DispatcherServlet] [36mInitializing Servlet 'dispatcherServlet'[0;39m
[2023-12-28 09:45:34 [32mINFO [0;39m http-nio-8082-exec-1] [org.springframework.web.servlet.DispatcherServlet] [36mCompleted initialization in 2 ms[0;39m
[2023-12-28 09:45:34 [32mINFO [0;39m http-nio-8082-exec-1] [com.zaxxer.hikari.HikariDataSource] [36mHikariPool-5 - Starting...[0;39m
[2023-12-28 09:45:34 [32mINFO [0;39m http-nio-8082-exec-1] [com.zaxxer.hikari.pool.HikariPool] [36mHikariPool-5 - Added connection org.mariadb.jdbc.Connection@9538fff[0;39m
[2023-12-28 09:45:34 [32mINFO [0;39m http-nio-8082-exec-1] [com.zaxxer.hikari.HikariDataSource] [36mHikariPool-5 - Start completed.[0;39m
[2023-12-28 09:45:43 [32mINFO [0;39m http-nio-8082-exec-2] [com.green.projectex.product.ProductController] [36mdto: ProductListDto(userPk=1, choiceList=0)[0;39m
[2023-12-28 09:45:44 [32mINFO [0;39m http-nio-8082-exec-3] [com.green.projectex.product.ProductController] [36mdto: ProductListDto(userPk=1, choiceList=1)[0;39m
[2023-12-28 09:45:48 [32mINFO [0;39m http-nio-8082-exec-3] [com.green.projectex.product.ProductController] [36mdto: ProductListDto(userPk=1, choiceList=2)[0;39m
[2023-12-28 09:45:49 [32mINFO [0;39m http-nio-8082-exec-2] [com.green.projectex.product.ProductController] [36mdto: ProductListDto(userPk=1, choiceList=0)[0;39m
[2023-12-28 09:46:03 [32mINFO [0;39m http-nio-8082-exec-2] [com.green.projectex.product.ProductController] [36mdto: ProductInsDto(productPk=0, userPk=1, categoryPk=3, productNm=고기, memo=한근 살것)[0;39m
[2023-12-28 09:46:04 [32mINFO [0;39m http-nio-8082-exec-10] [com.green.projectex.product.ProductController] [36mdto: ProductListDto(userPk=1, choiceList=0)[0;39m
[2023-12-28 09:46:10 [32mINFO [0;39m http-nio-8082-exec-5] [com.green.projectex.product.ProductController] [36mdto: ProductListDto(userPk=1, choiceList=1)[0;39m
[2023-12-28 09:46:20 [32mINFO [0;39m http-nio-8082-exec-5] [com.green.projectex.product.ProductController] [36mdto: ProductInsDto(productPk=0, userPk=1, categoryPk=1, productNm=ㅇㅇㅇ, memo=ㅇㅇㅇ)[0;39m
[2023-12-28 09:46:20 [32mINFO [0;39m http-nio-8082-exec-8] [com.green.projectex.product.ProductController] [36mdto: ProductListDto(userPk=1, choiceList=1)[0;39m
[2023-12-28 09:46:34 [32mINFO [0;39m http-nio-8082-exec-7] [com.green.projectex.product.ProductController] [36mdto: ProductListDto(userPk=1, choiceList=0)[0;39m
[2023-12-28 09:47:26 [32mINFO [0;39m http-nio-8082-exec-5] [com.green.projectex.product.ProductController] [36mdto: ProductListDto(userPk=1, choiceList=1)[0;39m
[2023-12-28 09:47:27 [32mINFO [0;39m http-nio-8082-exec-1] [com.green.projectex.product.ProductController] [36mdto: ProductListDto(userPk=1, choiceList=0)[0;39m
[2023-12-28 09:47:27 [32mINFO [0;39m File Watcher] [org.springframework.boot.devtools.autoconfigure.LocalDevToolsAutoConfiguration$RestartingClassPathChangeChangedEventListener] [36mRestarting due to 1 class path change (0 additions, 0 deletions, 1 modification)[0;39m
[2023-12-28 09:47:27 [32mINFO [0;39m Thread-23] [org.apache.coyote.http11.Http11NioProtocol] [36mStopping ProtocolHandler ["http-nio-8082"][0;39m
[2023-12-28 09:47:27 [32mINFO [0;39m Thread-23] [com.zaxxer.hikari.HikariDataSource] [36mHikariPool-5 - Shutdown initiated...[0;39m
[2023-12-28 09:47:27 [32mINFO [0;39m Thread-23] [com.zaxxer.hikari.HikariDataSource] [36mHikariPool-5 - Shutdown completed.[0;39m
[2023-12-28 09:47:27 [32mINFO [0;39m restartedMain] [com.green.projectex.ProjectexApplication] [36mStarting ProjectexApplication using Java 17.0.8.1 with PID 3736 (D:\2023-second\java\projectex\target\classes started by Administrator in D:\2023-second\java\projectex)[0;39m
[2023-12-28 09:47:27 [32mINFO [0;39m restartedMain] [com.green.projectex.ProjectexApplication] [36mNo active profile set, falling back to 1 default profile: "default"[0;39m
[2023-12-28 09:47:27 [32mINFO [0;39m restartedMain] [org.springframework.boot.web.embedded.tomcat.TomcatWebServer] [36mTomcat initialized with port 8082 (http)[0;39m
[2023-12-28 09:47:27 [32mINFO [0;39m restartedMain] [org.apache.coyote.http11.Http11NioProtocol] [36mInitializing ProtocolHandler ["http-nio-8082"][0;39m
[2023-12-28 09:47:27 [32mINFO [0;39m restartedMain] [org.apache.catalina.core.StandardService] [36mStarting service [Tomcat][0;39m
[2023-12-28 09:47:27 [32mINFO [0;39m restartedMain] [org.apache.catalina.core.StandardEngine] [36mStarting Servlet engine: [Apache Tomcat/10.1.16][0;39m
[2023-12-28 09:47:27 [32mINFO [0;39m restartedMain] [org.apache.catalina.core.ContainerBase.[Tomcat].[localhost].[/]] [36mInitializing Spring embedded WebApplicationContext[0;39m
[2023-12-28 09:47:27 [32mINFO [0;39m restartedMain] [org.springframework.boot.web.servlet.context.ServletWebServerApplicationContext] [36mRoot WebApplicationContext: initialization completed in 161 ms[0;39m
[2023-12-28 09:47:27 [32mINFO [0;39m restartedMain] [org.springframework.boot.autoconfigure.web.servlet.WelcomePageHandlerMapping] [36mAdding welcome page: class path resource [static/index.html][0;39m
[2023-12-28 09:47:27 [32mINFO [0;39m restartedMain] [org.springframework.boot.devtools.autoconfigure.OptionalLiveReloadServer] [36mLiveReload server is running on port 35729[0;39m
[2023-12-28 09:47:27 [32mINFO [0;39m restartedMain] [org.apache.coyote.http11.Http11NioProtocol] [36mStarting ProtocolHandler ["http-nio-8082"][0;39m
[2023-12-28 09:47:27 [32mINFO [0;39m restartedMain] [org.springframework.boot.web.embedded.tomcat.TomcatWebServer] [36mTomcat started on port 8082 (http) with context path ''[0;39m
[2023-12-28 09:47:27 [32mINFO [0;39m restartedMain] [com.green.projectex.ProjectexApplication] [36mStarted ProjectexApplication in 0.297 seconds (process running for 389.695)[0;39m
[2023-12-28 09:47:27 [32mINFO [0;39m restartedMain] [org.springframework.boot.devtools.autoconfigure.ConditionEvaluationDeltaLoggingListener] [36mCondition evaluation unchanged[0;39m
[2023-12-28 09:47:27 [32mINFO [0;39m http-nio-8082-exec-5] [org.apache.catalina.core.ContainerBase.[Tomcat].[localhost].[/]] [36mInitializing Spring DispatcherServlet 'dispatcherServlet'[0;39m
[2023-12-28 09:47:27 [32mINFO [0;39m http-nio-8082-exec-5] [org.springframework.web.servlet.DispatcherServlet] [36mInitializing Servlet 'dispatcherServlet'[0;39m
[2023-12-28 09:47:27 [32mINFO [0;39m http-nio-8082-exec-5] [org.springframework.web.servlet.DispatcherServlet] [36mCompleted initialization in 1 ms[0;39m
[2023-12-28 09:47:27 [32mINFO [0;39m http-nio-8082-exec-1] [com.green.projectex.product.ProductController] [36mdto: ProductListDto(userPk=1, choiceList=1)[0;39m
[2023-12-28 09:47:27 [32mINFO [0;39m http-nio-8082-exec-1] [com.zaxxer.hikari.HikariDataSource] [36mHikariPool-6 - Starting...[0;39m
[2023-12-28 09:47:27 [32mINFO [0;39m http-nio-8082-exec-1] [com.zaxxer.hikari.pool.HikariPool] [36mHikariPool-6 - Added connection org.mariadb.jdbc.Connection@62a9b7b9[0;39m
[2023-12-28 09:47:27 [32mINFO [0;39m http-nio-8082-exec-1] [com.zaxxer.hikari.HikariDataSource] [36mHikariPool-6 - Start completed.[0;39m
[2023-12-28 09:47:28 [32mINFO [0;39m http-nio-8082-exec-3] [com.green.projectex.product.ProductController] [36mdto: ProductListDto(userPk=1, choiceList=0)[0;39m
[2023-12-28 09:47:28 [32mINFO [0;39m http-nio-8082-exec-6] [com.green.projectex.product.ProductController] [36mdto: ProductListDto(userPk=1, choiceList=1)[0;39m
[2023-12-28 09:47:29 [32mINFO [0;39m http-nio-8082-exec-6] [com.green.projectex.product.ProductController] [36mdto: ProductListDto(userPk=1, choiceList=2)[0;39m
[2023-12-28 09:47:30 [32mINFO [0;39m http-nio-8082-exec-8] [com.green.projectex.product.ProductController] [36mdto: ProductListDto(userPk=1, choiceList=0)[0;39m
[2023-12-28 09:47:30 [32mINFO [0;39m http-nio-8082-exec-2] [com.green.projectex.product.ProductController] [36mdto: ProductListDto(userPk=1, choiceList=1)[0;39m
[2023-12-28 09:47:31 [32mINFO [0;39m http-nio-8082-exec-8] [com.green.projectex.product.ProductController] [36mdto: ProductListDto(userPk=1, choiceList=0)[0;39m
[2023-12-28 09:47:31 [32mINFO [0;39m http-nio-8082-exec-7] [com.green.projectex.product.ProductController] [36mdto: ProductListDto(userPk=1, choiceList=1)[0;39m
[2023-12-28 09:47:32 [32mINFO [0;39m http-nio-8082-exec-10] [com.green.projectex.product.ProductController] [36mdto: ProductListDto(userPk=1, choiceList=0)[0;39m
[2023-12-28 09:47:36 [32mINFO [0;39m http-nio-8082-exec-10] [com.green.projectex.product.ProductController] [36mdto: ProductInsDto(productPk=0, userPk=1, categoryPk=1, productNm=ㄹㄹㄹㄹㄹㄹ, memo=ㄹㄹㄹㄹㄹㄹ)[0;39m
[2023-12-28 09:47:38 [32mINFO [0;39m http-nio-8082-exec-9] [com.green.projectex.product.ProductController] [36mdto: ProductListDto(userPk=1, choiceList=0)[0;39m
[2023-12-28 09:48:48 [32mINFO [0;39m File Watcher] [org.springframework.boot.devtools.autoconfigure.LocalDevToolsAutoConfiguration$RestartingClassPathChangeChangedEventListener] [36mRestarting due to 1 class path change (0 additions, 0 deletions, 1 modification)[0;39m
[2023-12-28 09:48:48 [32mINFO [0;39m Thread-27] [org.apache.coyote.http11.Http11NioProtocol] [36mStopping ProtocolHandler ["http-nio-8082"][0;39m
[2023-12-28 09:48:48 [32mINFO [0;39m Thread-27] [com.zaxxer.hikari.HikariDataSource] [36mHikariPool-6 - Shutdown initiated...[0;39m
[2023-12-28 09:48:48 [32mINFO [0;39m Thread-27] [com.zaxxer.hikari.HikariDataSource] [36mHikariPool-6 - Shutdown completed.[0;39m
[2023-12-28 09:48:48 [32mINFO [0;39m restartedMain] [com.green.projectex.ProjectexApplication] [36mStarting ProjectexApplication using Java 17.0.8.1 with PID 3736 (D:\2023-second\java\projectex\target\classes started by Administrator in D:\2023-second\java\projectex)[0;39m
[2023-12-28 09:48:48 [32mINFO [0;39m restartedMain] [com.green.projectex.ProjectexApplication] [36mNo active profile set, falling back to 1 default profile: "default"[0;39m
[2023-12-28 09:48:48 [32mINFO [0;39m restartedMain] [org.springframework.boot.web.embedded.tomcat.TomcatWebServer] [36mTomcat initialized with port 8082 (http)[0;39m
[2023-12-28 09:48:48 [32mINFO [0;39m restartedMain] [org.apache.coyote.http11.Http11NioProtocol] [36mInitializing ProtocolHandler ["http-nio-8082"][0;39m
[2023-12-28 09:48:48 [32mINFO [0;39m restartedMain] [org.apache.catalina.core.StandardService] [36mStarting service [Tomcat][0;39m
[2023-12-28 09:48:48 [32mINFO [0;39m restartedMain] [org.apache.catalina.core.StandardEngine] [36mStarting Servlet engine: [Apache Tomcat/10.1.16][0;39m
[2023-12-28 09:48:48 [32mINFO [0;39m restartedMain] [org.apache.catalina.core.ContainerBase.[Tomcat].[localhost].[/]] [36mInitializing Spring embedded WebApplicationContext[0;39m
[2023-12-28 09:48:48 [32mINFO [0;39m restartedMain] [org.springframework.boot.web.servlet.context.ServletWebServerApplicationContext] [36mRoot WebApplicationContext: initialization completed in 160 ms[0;39m
[2023-12-28 09:48:48 [32mINFO [0;39m restartedMain] [org.springframework.boot.autoconfigure.web.servlet.WelcomePageHandlerMapping] [36mAdding welcome page: class path resource [static/index.html][0;39m
[2023-12-28 09:48:48 [32mINFO [0;39m restartedMain] [org.springframework.boot.devtools.autoconfigure.OptionalLiveReloadServer] [36mLiveReload server is running on port 35729[0;39m
[2023-12-28 09:48:48 [32mINFO [0;39m restartedMain] [org.apache.coyote.http11.Http11NioProtocol] [36mStarting ProtocolHandler ["http-nio-8082"][0;39m
[2023-12-28 09:48:48 [32mINFO [0;39m restartedMain] [org.springframework.boot.web.embedded.tomcat.TomcatWebServer] [36mTomcat started on port 8082 (http) with context path ''[0;39m
[2023-12-28 09:48:48 [32mINFO [0;39m restartedMain] [com.green.projectex.ProjectexApplication] [36mStarted ProjectexApplication in 0.284 seconds (process running for 470.561)[0;39m
[2023-12-28 09:48:48 [32mINFO [0;39m restartedMain] [org.springframework.boot.devtools.autoconfigure.ConditionEvaluationDeltaLoggingListener] [36mCondition evaluation unchanged[0;39m
[2023-12-28 09:59:17 [32mINFO [0;39m http-nio-8082-exec-1] [org.apache.catalina.core.ContainerBase.[Tomcat].[localhost].[/]] [36mInitializing Spring DispatcherServlet 'dispatcherServlet'[0;39m
[2023-12-28 09:59:17 [32mINFO [0;39m http-nio-8082-exec-1] [org.springframework.web.servlet.DispatcherServlet] [36mInitializing Servlet 'dispatcherServlet'[0;39m
[2023-12-28 09:59:17 [32mINFO [0;39m http-nio-8082-exec-1] [org.springframework.web.servlet.DispatcherServlet] [36mCompleted initialization in 0 ms[0;39m
[2023-12-28 09:59:17 [32mINFO [0;39m http-nio-8082-exec-1] [com.green.projectex.product.ProductController] [36mdto: ProductInsDto(productPk=0, userPk=1, categoryPk=2, productNm=고기, memo=ㅇㅇ)[0;39m
[2023-12-28 09:59:17 [32mINFO [0;39m http-nio-8082-exec-1] [com.zaxxer.hikari.HikariDataSource] [36mHikariPool-7 - Starting...[0;39m
[2023-12-28 09:59:17 [32mINFO [0;39m http-nio-8082-exec-1] [com.zaxxer.hikari.pool.HikariPool] [36mHikariPool-7 - Added connection org.mariadb.jdbc.Connection@175f047f[0;39m
[2023-12-28 09:59:17 [32mINFO [0;39m http-nio-8082-exec-1] [com.zaxxer.hikari.HikariDataSource] [36mHikariPool-7 - Start completed.[0;39m
[2023-12-28 09:59:17 [32mINFO [0;39m http-nio-8082-exec-4] [com.green.projectex.product.ProductController] [36mdto: ProductListDto(userPk=1, choiceList=0)[0;39m
[2023-12-28 10:57:45 [32mINFO [0;39m File Watcher] [org.springframework.boot.devtools.autoconfigure.LocalDevToolsAutoConfiguration$RestartingClassPathChangeChangedEventListener] [36mRestarting due to 1 class path change (0 additions, 1 deletion, 0 modifications)[0;39m
[2023-12-28 10:57:45 [32mINFO [0;39m Thread-31] [org.apache.coyote.http11.Http11NioProtocol] [36mStopping ProtocolHandler ["http-nio-8082"][0;39m
[2023-12-28 10:57:45 [32mINFO [0;39m Thread-31] [com.zaxxer.hikari.HikariDataSource] [36mHikariPool-7 - Shutdown initiated...[0;39m
[2023-12-28 10:57:45 [32mINFO [0;39m Thread-31] [com.zaxxer.hikari.HikariDataSource] [36mHikariPool-7 - Shutdown completed.[0;39m
[2023-12-28 10:57:45 [32mINFO [0;39m restartedMain] [com.green.projectex.ProjectexApplication] [36mStarting ProjectexApplication using Java 17.0.8.1 with PID 3736 (D:\2023-second\java\projectex\target\classes started by Administrator in D:\2023-second\java\projectex)[0;39m
[2023-12-28 10:57:45 [32mINFO [0;39m restartedMain] [com.green.projectex.ProjectexApplication] [36mNo active profile set, falling back to 1 default profile: "default"[0;39m
[2023-12-28 10:57:45 [32mINFO [0;39m restartedMain] [org.springframework.boot.web.embedded.tomcat.TomcatWebServer] [36mTomcat initialized with port 8082 (http)[0;39m
[2023-12-28 10:57:45 [32mINFO [0;39m restartedMain] [org.apache.coyote.http11.Http11NioProtocol] [36mInitializing ProtocolHandler ["http-nio-8082"][0;39m
[2023-12-28 10:57:45 [32mINFO [0;39m restartedMain] [org.apache.catalina.core.StandardService] [36mStarting service [Tomcat][0;39m
[2023-12-28 10:57:45 [32mINFO [0;39m restartedMain] [org.apache.catalina.core.StandardEngine] [36mStarting Servlet engine: [Apache Tomcat/10.1.16][0;39m
[2023-12-28 10:57:45 [32mINFO [0;39m restartedMain] [org.apache.catalina.core.ContainerBase.[Tomcat].[localhost].[/]] [36mInitializing Spring embedded WebApplicationContext[0;39m
[2023-12-28 10:57:45 [32mINFO [0;39m restartedMain] [org.springframework.boot.web.servlet.context.ServletWebServerApplicationContext] [36mRoot WebApplicationContext: initialization completed in 221 ms[0;39m
[2023-12-28 10:57:46 [32mINFO [0;39m restartedMain] [org.springframework.boot.autoconfigure.web.servlet.WelcomePageHandlerMapping] [36mAdding welcome page: class path resource [static/index.html][0;39m
[2023-12-28 10:57:46 [32mINFO [0;39m restartedMain] [org.springframework.boot.devtools.autoconfigure.OptionalLiveReloadServer] [36mLiveReload server is running on port 35729[0;39m
[2023-12-28 10:57:46 [32mINFO [0;39m restartedMain] [org.apache.coyote.http11.Http11NioProtocol] [36mStarting ProtocolHandler ["http-nio-8082"][0;39m
[2023-12-28 10:57:46 [32mINFO [0;39m restartedMain] [org.springframework.boot.web.embedded.tomcat.TomcatWebServer] [36mTomcat started on port 8082 (http) with context path ''[0;39m
[2023-12-28 10:57:46 [32mINFO [0;39m restartedMain] [com.green.projectex.ProjectexApplication] [36mStarted ProjectexApplication in 0.37 seconds (process running for 4608.116)[0;39m
[2023-12-28 10:57:46 [32mINFO [0;39m restartedMain] [org.springframework.boot.devtools.autoconfigure.ConditionEvaluationDeltaLoggingListener] [36mCondition evaluation unchanged[0;39m
[2023-12-28 10:57:47 [32mINFO [0;39m File Watcher] [org.springframework.boot.devtools.autoconfigure.LocalDevToolsAutoConfiguration$RestartingClassPathChangeChangedEventListener] [36mRestarting due to 1 class path change (1 addition, 0 deletions, 0 modifications)[0;39m
[2023-12-28 10:57:47 [32mINFO [0;39m Thread-35] [org.apache.coyote.http11.Http11NioProtocol] [36mStopping ProtocolHandler ["http-nio-8082"][0;39m
[2023-12-28 10:57:47 [32mINFO [0;39m restartedMain] [com.green.projectex.ProjectexApplication] [36mStarting ProjectexApplication using Java 17.0.8.1 with PID 3736 (D:\2023-second\java\projectex\target\classes started by Administrator in D:\2023-second\java\projectex)[0;39m
[2023-12-28 10:57:47 [32mINFO [0;39m restartedMain] [com.green.projectex.ProjectexApplication] [36mNo active profile set, falling back to 1 default profile: "default"[0;39m
[2023-12-28 10:57:47 [32mINFO [0;39m restartedMain] [org.springframework.boot.web.embedded.tomcat.TomcatWebServer] [36mTomcat initialized with port 8082 (http)[0;39m
[2023-12-28 10:57:47 [32mINFO [0;39m restartedMain] [org.apache.coyote.http11.Http11NioProtocol] [36mInitializing ProtocolHandler ["http-nio-8082"][0;39m
[2023-12-28 10:57:47 [32mINFO [0;39m restartedMain] [org.apache.catalina.core.StandardService] [36mStarting service [Tomcat][0;39m
[2023-12-28 10:57:47 [32mINFO [0;39m restartedMain] [org.apache.catalina.core.StandardEngine] [36mStarting Servlet engine: [Apache Tomcat/10.1.16][0;39m
[2023-12-28 10:57:47 [32mINFO [0;39m restartedMain] [org.apache.catalina.core.ContainerBase.[Tomcat].[localhost].[/]] [36mInitializing Spring embedded WebApplicationContext[0;39m
[2023-12-28 10:57:47 [32mINFO [0;39m restartedMain] [org.springframework.boot.web.servlet.context.ServletWebServerApplicationContext] [36mRoot WebApplicationContext: initialization completed in 140 ms[0;39m
[2023-12-28 10:57:47 [32mINFO [0;39m restartedMain] [org.springframework.boot.autoconfigure.web.servlet.WelcomePageHandlerMapping] [36mAdding welcome page: class path resource [static/index.html][0;39m
[2023-12-28 10:57:47 [32mINFO [0;39m restartedMain] [org.springframework.boot.devtools.autoconfigure.OptionalLiveReloadServer] [36mLiveReload server is running on port 35729[0;39m
[2023-12-28 10:57:47 [32mINFO [0;39m restartedMain] [org.apache.coyote.http11.Http11NioProtocol] [36mStarting ProtocolHandler ["http-nio-8082"][0;39m
[2023-12-28 10:57:47 [32mINFO [0;39m restartedMain] [org.springframework.boot.web.embedded.tomcat.TomcatWebServer] [36mTomcat started on port 8082 (http) with context path ''[0;39m
[2023-12-28 10:57:47 [32mINFO [0;39m restartedMain] [com.green.projectex.ProjectexApplication] [36mStarted ProjectexApplication in 0.256 seconds (process running for 4609.851)[0;39m
[2023-12-28 10:57:47 [32mINFO [0;39m restartedMain] [org.springframework.boot.devtools.autoconfigure.ConditionEvaluationDeltaLoggingListener] [36mCondition evaluation unchanged[0;39m
[2023-12-28 14:01:38 [32mINFO [0;39m http-nio-8082-exec-1] [org.apache.catalina.core.ContainerBase.[Tomcat].[localhost].[/]] [36mInitializing Spring DispatcherServlet 'dispatcherServlet'[0;39m
[2023-12-28 14:01:38 [32mINFO [0;39m http-nio-8082-exec-1] [org.springframework.web.servlet.DispatcherServlet] [36mInitializing Servlet 'dispatcherServlet'[0;39m
[2023-12-28 14:01:38 [32mINFO [0;39m http-nio-8082-exec-1] [org.springframework.web.servlet.DispatcherServlet] [36mCompleted initialization in 0 ms[0;39m
[2023-12-28 14:01:40 [32mINFO [0;39m http-nio-8082-exec-6] [com.green.projectex.product.ProductController] [36mdto: ProductListDto(userPk=2, choiceList=0)[0;39m
[2023-12-28 14:01:42 [32mINFO [0;39m http-nio-8082-exec-9] [com.green.projectex.product.ProductController] [36mdto: ProductListDto(userPk=2, choiceList=1)[0;39m
[2023-12-28 14:01:42 [32mINFO [0;39m http-nio-8082-exec-7] [com.green.projectex.product.ProductController] [36mdto: ProductListDto(userPk=2, choiceList=0)[0;39m
[2023-12-28 14:01:45 [32mINFO [0;39m http-nio-8082-exec-6] [com.green.projectex.product.ProductController] [36mdto: ProductListDto(userPk=2, choiceList=0)[0;39m
[2023-12-28 14:01:48 [32mINFO [0;39m http-nio-8082-exec-9] [com.green.projectex.product.ProductController] [36mdto: ProductListDto(userPk=2, choiceList=2)[0;39m
[2023-12-28 14:01:48 [32mINFO [0;39m http-nio-8082-exec-3] [com.green.projectex.product.ProductController] [36mdto: ProductListDto(userPk=2, choiceList=1)[0;39m
[2023-12-28 14:01:49 [32mINFO [0;39m http-nio-8082-exec-8] [com.green.projectex.product.ProductController] [36mdto: ProductListDto(userPk=2, choiceList=0)[0;39m
[2023-12-28 14:01:52 [32mINFO [0;39m http-nio-8082-exec-7] [com.zaxxer.hikari.HikariDataSource] [36mHikariPool-8 - Starting...[0;39m
[2023-12-28 14:01:52 [32mINFO [0;39m http-nio-8082-exec-7] [com.zaxxer.hikari.pool.HikariPool] [36mHikariPool-8 - Added connection org.mariadb.jdbc.Connection@7e7b951f[0;39m
[2023-12-28 14:01:52 [32mINFO [0;39m http-nio-8082-exec-7] [com.zaxxer.hikari.HikariDataSource] [36mHikariPool-8 - Start completed.[0;39m
[2023-12-28 14:02:15 [32mINFO [0;39m http-nio-8082-exec-9] [com.green.projectex.product.ProductController] [36mdto: ProductListDto(userPk=1, choiceList=0)[0;39m
[2023-12-28 14:02:20 [32mINFO [0;39m http-nio-8082-exec-9] [com.green.projectex.product.ProductController] [36mdto: ProductInsDto(productPk=0, userPk=1, categoryPk=0, productNm=ddd, memo=ddd)[0;39m
[2023-12-28 14:02:20 [33mWARN [0;39m http-nio-8082-exec-9] [org.springframework.web.servlet.mvc.method.annotation.ExceptionHandlerExceptionResolver] [36mResolved [com.green.projectex.errortest.CategoryNotFoundException: ID[0]: 존재하지 않는 카테고리 번호 입니다][0;39m
[2023-12-28 14:02:22 [32mINFO [0;39m http-nio-8082-exec-3] [com.green.projectex.product.ProductController] [36mdto: ProductListDto(userPk=1, choiceList=0)[0;39m
[2023-12-28 14:02:22 [32mINFO [0;39m http-nio-8082-exec-2] [com.green.projectex.product.ProductController] [36mdto: ProductListDto(userPk=1, choiceList=1)[0;39m
[2023-12-28 14:02:23 [32mINFO [0;39m http-nio-8082-exec-5] [com.green.projectex.product.ProductController] [36mdto: ProductListDto(userPk=1, choiceList=2)[0;39m
[2023-12-28 14:02:23 [32mINFO [0;39m http-nio-8082-exec-7] [com.green.projectex.product.ProductController] [36mdto: ProductListDto(userPk=1, choiceList=0)[0;39m
[2023-12-28 14:02:27 [32mINFO [0;39m http-nio-8082-exec-2] [com.green.projectex.product.ProductController] [36mdto: ProductListDto(userPk=1, choiceList=1)[0;39m
[2023-12-28 14:02:27 [32mINFO [0;39m http-nio-8082-exec-5] [com.green.projectex.product.ProductController] [36mdto: ProductListDto(userPk=1, choiceList=0)[0;39m
[2023-12-28 14:02:53 [32mINFO [0;39m http-nio-8082-exec-6] [com.green.projectex.product.ProductController] [36mdto: ProductInsDto(productPk=0, userPk=1, categoryPk=0, productNm=고기, memo=ㅇㄹㄴㅇㄹㅇㄹㅇㄴ)[0;39m
[2023-12-28 14:02:53 [33mWARN [0;39m http-nio-8082-exec-6] [org.springframework.web.servlet.mvc.method.annotation.ExceptionHandlerExceptionResolver] [36mResolved [com.green.projectex.errortest.CategoryNotFoundException: ID[0]: 존재하지 않는 카테고리 번호 입니다][0;39m
[2023-12-28 14:02:56 [32mINFO [0;39m http-nio-8082-exec-2] [com.green.projectex.product.ProductController] [36mdto: ProductListDto(userPk=1, choiceList=0)[0;39m
[2023-12-28 14:02:57 [32mINFO [0;39m http-nio-8082-exec-6] [com.green.projectex.product.ProductController] [36mdto: ProductListDto(userPk=1, choiceList=1)[0;39m
[2023-12-28 14:04:17 [32mINFO [0;39m File Watcher] [org.springframework.boot.devtools.autoconfigure.LocalDevToolsAutoConfiguration$RestartingClassPathChangeChangedEventListener] [36mRestarting due to 1 class path change (0 additions, 1 deletion, 0 modifications)[0;39m
[2023-12-28 14:04:17 [32mINFO [0;39m Thread-39] [org.apache.coyote.http11.Http11NioProtocol] [36mStopping ProtocolHandler ["http-nio-8082"][0;39m
[2023-12-28 14:04:17 [32mINFO [0;39m Thread-39] [com.zaxxer.hikari.HikariDataSource] [36mHikariPool-8 - Shutdown initiated...[0;39m
[2023-12-28 14:04:17 [32mINFO [0;39m Thread-39] [com.zaxxer.hikari.HikariDataSource] [36mHikariPool-8 - Shutdown completed.[0;39m
[2023-12-28 14:04:17 [32mINFO [0;39m restartedMain] [com.green.projectex.ProjectexApplication] [36mStarting ProjectexApplication using Java 17.0.8.1 with PID 3736 (D:\2023-second\java\projectex\target\classes started by Administrator in D:\2023-second\java\projectex)[0;39m
[2023-12-28 14:04:17 [32mINFO [0;39m restartedMain] [com.green.projectex.ProjectexApplication] [36mNo active profile set, falling back to 1 default profile: "default"[0;39m
[2023-12-28 14:04:17 [32mINFO [0;39m restartedMain] [org.springframework.boot.web.embedded.tomcat.TomcatWebServer] [36mTomcat initialized with port 8082 (http)[0;39m
[2023-12-28 14:04:17 [32mINFO [0;39m restartedMain] [org.apache.coyote.http11.Http11NioProtocol] [36mInitializing ProtocolHandler ["http-nio-8082"][0;39m
[2023-12-28 14:04:17 [32mINFO [0;39m restartedMain] [org.apache.catalina.core.StandardService] [36mStarting service [Tomcat][0;39m
[2023-12-28 14:04:17 [32mINFO [0;39m restartedMain] [org.apache.catalina.core.StandardEngine] [36mStarting Servlet engine: [Apache Tomcat/10.1.16][0;39m
[2023-12-28 14:04:17 [32mINFO [0;39m restartedMain] [org.apache.catalina.core.ContainerBase.[Tomcat].[localhost].[/]] [36mInitializing Spring embedded WebApplicationContext[0;39m
[2023-12-28 14:04:17 [32mINFO [0;39m restartedMain] [org.springframework.boot.web.servlet.context.ServletWebServerApplicationContext] [36mRoot WebApplicationContext: initialization completed in 195 ms[0;39m
[2023-12-28 14:04:17 [33mWARN [0;39m restartedMain] [org.springframework.boot.web.servlet.context.AnnotationConfigServletWebServerApplicationContext] [36mException encountered during context initialization - cancelling refresh attempt: org.springframework.beans.factory.UnsatisfiedDependencyException: Error creating bean with name 'productController' defined in file [D:\2023-second\java\projectex\target\classes\com\green\projectex\product\ProductController.class]: Unsatisfied dependency expressed through constructor parameter 0: No qualifying bean of type 'com.green.projectex.product.ProductService' available: expected at least 1 bean which qualifies as autowire candidate. Dependency annotations: {}[0;39m
[2023-12-28 14:04:17 [32mINFO [0;39m restartedMain] [org.apache.catalina.core.StandardService] [36mStopping service [Tomcat][0;39m
[2023-12-28 14:04:17 [32mINFO [0;39m restartedMain] [org.springframework.boot.autoconfigure.logging.ConditionEvaluationReportLogger] [36m

Error starting ApplicationContext. To display the condition evaluation report re-run your application with 'debug' enabled.[0;39m
[2023-12-28 14:04:17 [31mERROR[0;39m restartedMain] [org.springframework.boot.diagnostics.LoggingFailureAnalysisReporter] [36m

***************************
APPLICATION FAILED TO START
***************************

Description:

Parameter 0 of constructor in com.green.projectex.product.ProductController required a bean of type 'com.green.projectex.product.ProductService' that could not be found.


Action:

Consider defining a bean of type 'com.green.projectex.product.ProductService' in your configuration.
[0;39m
[2023-12-28 14:04:19 [32mINFO [0;39m restartedMain] [com.green.projectex.ProjectexApplication] [36mStarting ProjectexApplication using Java 17.0.8.1 with PID 3736 (D:\2023-second\java\projectex\target\classes started by Administrator in D:\2023-second\java\projectex)[0;39m
[2023-12-28 14:04:19 [32mINFO [0;39m restartedMain] [com.green.projectex.ProjectexApplication] [36mNo active profile set, falling back to 1 default profile: "default"[0;39m
[2023-12-28 14:04:19 [32mINFO [0;39m restartedMain] [org.springframework.boot.web.embedded.tomcat.TomcatWebServer] [36mTomcat initialized with port 8082 (http)[0;39m
[2023-12-28 14:04:19 [32mINFO [0;39m restartedMain] [org.apache.coyote.http11.Http11NioProtocol] [36mInitializing ProtocolHandler ["http-nio-8082"][0;39m
[2023-12-28 14:04:19 [32mINFO [0;39m restartedMain] [org.apache.catalina.core.StandardService] [36mStarting service [Tomcat][0;39m
[2023-12-28 14:04:19 [32mINFO [0;39m restartedMain] [org.apache.catalina.core.StandardEngine] [36mStarting Servlet engine: [Apache Tomcat/10.1.16][0;39m
[2023-12-28 14:04:19 [32mINFO [0;39m restartedMain] [org.apache.catalina.core.ContainerBase.[Tomcat-1].[localhost].[/]] [36mInitializing Spring embedded WebApplicationContext[0;39m
[2023-12-28 14:04:19 [32mINFO [0;39m restartedMain] [org.springframework.boot.web.servlet.context.ServletWebServerApplicationContext] [36mRoot WebApplicationContext: initialization completed in 165 ms[0;39m
[2023-12-28 14:04:19 [32mINFO [0;39m restartedMain] [org.springframework.boot.autoconfigure.web.servlet.WelcomePageHandlerMapping] [36mAdding welcome page: class path resource [static/index.html][0;39m
[2023-12-28 14:04:19 [32mINFO [0;39m restartedMain] [org.springframework.boot.devtools.autoconfigure.OptionalLiveReloadServer] [36mLiveReload server is running on port 35729[0;39m
[2023-12-28 14:04:19 [32mINFO [0;39m restartedMain] [org.apache.coyote.http11.Http11NioProtocol] [36mStarting ProtocolHandler ["http-nio-8082"][0;39m
[2023-12-28 14:04:19 [32mINFO [0;39m restartedMain] [org.springframework.boot.web.embedded.tomcat.TomcatWebServer] [36mTomcat started on port 8082 (http) with context path ''[0;39m
[2023-12-28 14:04:19 [32mINFO [0;39m restartedMain] [com.green.projectex.ProjectexApplication] [36mStarted ProjectexApplication in 0.317 seconds (process running for 15801.494)[0;39m
[2023-12-28 14:04:19 [32mINFO [0;39m restartedMain] [org.springframework.boot.devtools.autoconfigure.ConditionEvaluationDeltaLoggingListener] [36mCondition evaluation unchanged[0;39m
[2023-12-28 14:05:07 [32mINFO [0;39m http-nio-8082-exec-1] [org.apache.catalina.core.ContainerBase.[Tomcat-1].[localhost].[/]] [36mInitializing Spring DispatcherServlet 'dispatcherServlet'[0;39m
[2023-12-28 14:05:07 [32mINFO [0;39m http-nio-8082-exec-1] [org.springframework.web.servlet.DispatcherServlet] [36mInitializing Servlet 'dispatcherServlet'[0;39m
[2023-12-28 14:05:07 [32mINFO [0;39m http-nio-8082-exec-1] [org.springframework.web.servlet.DispatcherServlet] [36mCompleted initialization in 0 ms[0;39m
[2023-12-28 14:05:07 [32mINFO [0;39m http-nio-8082-exec-1] [com.green.projectex.product.ProductController] [36mdto: ProductInsDto(productPk=0, userPk=1, categoryPk=0, productNm=ddddd, memo=ddddddddd)[0;39m
[2023-12-28 14:05:07 [32mINFO [0;39m http-nio-8082-exec-1] [com.zaxxer.hikari.HikariDataSource] [36mHikariPool-9 - Starting...[0;39m
[2023-12-28 14:05:07 [32mINFO [0;39m http-nio-8082-exec-1] [com.zaxxer.hikari.pool.HikariPool] [36mHikariPool-9 - Added connection org.mariadb.jdbc.Connection@65b1f483[0;39m
[2023-12-28 14:05:07 [32mINFO [0;39m http-nio-8082-exec-1] [com.zaxxer.hikari.HikariDataSource] [36mHikariPool-9 - Start completed.[0;39m
[2023-12-28 14:05:07 [33mWARN [0;39m http-nio-8082-exec-1] [org.springframework.web.servlet.mvc.method.annotation.ExceptionHandlerExceptionResolver] [36mResolved [com.green.projectex.errortest.CategoryNotFoundException: ID[0]: 존재하지 않는 카테고리 번호 입니다][0;39m
[2023-12-28 14:05:08 [32mINFO [0;39m http-nio-8082-exec-8] [com.green.projectex.product.ProductController] [36mdto: ProductListDto(userPk=1, choiceList=0)[0;39m
[2023-12-28 18:03:27 [32mINFO [0;39m SpringApplicationShutdownHook] [com.zaxxer.hikari.HikariDataSource] [36mHikariPool-9 - Shutdown initiated...[0;39m
[2023-12-28 18:03:27 [32mINFO [0;39m SpringApplicationShutdownHook] [com.zaxxer.hikari.HikariDataSource] [36mHikariPool-9 - Shutdown completed.[0;39m
